{
  "C:/Users/admin/Desktop/NextGame/next-game/src/contexts/LanguageContext.jsx": {
    "path": "C:/Users/admin/Desktop/NextGame/next-game/src/contexts/LanguageContext.jsx",
    "statementMap": {
      "0": {
        "start": {
          "line": 3,
          "column": 20
        },
        "end": {
          "line": 3,
          "column": 97
        }
      },
      "1": {
        "start": {
          "line": 6,
          "column": 0
        },
        "end": {
          "line": 16,
          "column": 1
        }
      },
      "2": {
        "start": {
          "line": 7,
          "column": 2
        },
        "end": {
          "line": 11,
          "column": 3
        }
      },
      "3": {
        "start": {
          "line": 8,
          "column": 4
        },
        "end": {
          "line": 10,
          "column": 6
        }
      },
      "4": {
        "start": {
          "line": 12,
          "column": 2
        },
        "end": {
          "line": 12,
          "column": 39
        }
      },
      "5": {
        "start": {
          "line": 13,
          "column": 2
        },
        "end": {
          "line": 13,
          "column": 39
        }
      },
      "6": {
        "start": {
          "line": 14,
          "column": 2
        },
        "end": {
          "line": 14,
          "column": 131
        }
      },
      "7": {
        "start": {
          "line": 15,
          "column": 2
        },
        "end": {
          "line": 15,
          "column": 75
        }
      },
      "8": {
        "start": {
          "line": 17,
          "column": 9
        },
        "end": {
          "line": 17,
          "column": 23
        }
      },
      "9": {
        "start": {
          "line": 17,
          "column": 31
        },
        "end": {
          "line": 17,
          "column": 45
        }
      },
      "10": {
        "start": {
          "line": 19,
          "column": 21
        },
        "end": {
          "line": 178,
          "column": 1
        }
      },
      "11": {
        "start": {
          "line": 179,
          "column": 24
        },
        "end": {
          "line": 179,
          "column": 39
        }
      },
      "12": {
        "start": {
          "line": 180,
          "column": 27
        },
        "end": {
          "line": 183,
          "column": 1
        }
      },
      "13": {
        "start": {
          "line": 181,
          "column": 2
        },
        "end": {
          "line": 181,
          "column": 7
        }
      },
      "14": {
        "start": {
          "line": 182,
          "column": 2
        },
        "end": {
          "line": 182,
          "column": 37
        }
      },
      "15": {
        "start": {
          "line": 184,
          "column": 0
        },
        "end": {
          "line": 184,
          "column": 48
        }
      },
      "16": {
        "start": {
          "line": 185,
          "column": 32
        },
        "end": {
          "line": 216,
          "column": 1
        }
      },
      "17": {
        "start": {
          "line": 186,
          "column": 2
        },
        "end": {
          "line": 186,
          "column": 8
        }
      },
      "18": {
        "start": {
          "line": 187,
          "column": 34
        },
        "end": {
          "line": 187,
          "column": 48
        }
      },
      "19": {
        "start": {
          "line": 188,
          "column": 2
        },
        "end": {
          "line": 193,
          "column": 9
        }
      },
      "20": {
        "start": {
          "line": 189,
          "column": 26
        },
        "end": {
          "line": 189,
          "column": 67
        }
      },
      "21": {
        "start": {
          "line": 190,
          "column": 4
        },
        "end": {
          "line": 192,
          "column": 5
        }
      },
      "22": {
        "start": {
          "line": 191,
          "column": 6
        },
        "end": {
          "line": 191,
          "column": 33
        }
      },
      "23": {
        "start": {
          "line": 194,
          "column": 25
        },
        "end": {
          "line": 199,
          "column": 3
        }
      },
      "24": {
        "start": {
          "line": 195,
          "column": 4
        },
        "end": {
          "line": 198,
          "column": 5
        }
      },
      "25": {
        "start": {
          "line": 196,
          "column": 6
        },
        "end": {
          "line": 196,
          "column": 24
        }
      },
      "26": {
        "start": {
          "line": 197,
          "column": 6
        },
        "end": {
          "line": 197,
          "column": 54
        }
      },
      "27": {
        "start": {
          "line": 200,
          "column": 12
        },
        "end": {
          "line": 206,
          "column": 3
        }
      },
      "28": {
        "start": {
          "line": 201,
          "column": 22
        },
        "end": {
          "line": 201,
          "column": 58
        }
      },
      "29": {
        "start": {
          "line": 202,
          "column": 4
        },
        "end": {
          "line": 204,
          "column": 7
        }
      },
      "30": {
        "start": {
          "line": 203,
          "column": 6
        },
        "end": {
          "line": 203,
          "column": 75
        }
      },
      "31": {
        "start": {
          "line": 205,
          "column": 4
        },
        "end": {
          "line": 205,
          "column": 23
        }
      },
      "32": {
        "start": {
          "line": 207,
          "column": 2
        },
        "end": {
          "line": 215,
          "column": 11
        }
      },
      "33": {
        "start": {
          "line": 217,
          "column": 0
        },
        "end": {
          "line": 217,
          "column": 54
        }
      },
      "34": {
        "start": {
          "line": 218,
          "column": 0
        },
        "end": {
          "line": 218,
          "column": 22
        }
      },
      "35": {
        "start": {
          "line": 220,
          "column": 0
        },
        "end": {
          "line": 220,
          "column": 37
        }
      },
      "36": {
        "start": {
          "line": 221,
          "column": 0
        },
        "end": {
          "line": 224,
          "column": 1
        }
      },
      "37": {
        "start": {
          "line": 222,
          "column": 2
        },
        "end": {
          "line": 222,
          "column": 39
        }
      },
      "38": {
        "start": {
          "line": 223,
          "column": 2
        },
        "end": {
          "line": 223,
          "column": 39
        }
      },
      "39": {
        "start": {
          "line": 225,
          "column": 0
        },
        "end": {
          "line": 234,
          "column": 1
        }
      },
      "40": {
        "start": {
          "line": 226,
          "column": 2
        },
        "end": {
          "line": 233,
          "column": 5
        }
      },
      "41": {
        "start": {
          "line": 227,
          "column": 4
        },
        "end": {
          "line": 227,
          "column": 144
        }
      },
      "42": {
        "start": {
          "line": 228,
          "column": 4
        },
        "end": {
          "line": 232,
          "column": 7
        }
      },
      "43": {
        "start": {
          "line": 229,
          "column": 6
        },
        "end": {
          "line": 229,
          "column": 31
        }
      },
      "44": {
        "start": {
          "line": 229,
          "column": 24
        },
        "end": {
          "line": 229,
          "column": 31
        }
      },
      "45": {
        "start": {
          "line": 230,
          "column": 32
        },
        "end": {
          "line": 230,
          "column": 193
        }
      },
      "46": {
        "start": {
          "line": 231,
          "column": 6
        },
        "end": {
          "line": 231,
          "column": 75
        }
      },
      "47": {
        "start": {
          "line": 231,
          "column": 29
        },
        "end": {
          "line": 231,
          "column": 75
        }
      }
    },
    "fnMap": {
      "0": {
        "name": "(anonymous_0)",
        "decl": {
          "start": {
            "line": 180,
            "column": 27
          },
          "end": {
            "line": 180,
            "column": 28
          }
        },
        "loc": {
          "start": {
            "line": 180,
            "column": 33
          },
          "end": {
            "line": 183,
            "column": 1
          }
        },
        "line": 180
      },
      "1": {
        "name": "(anonymous_1)",
        "decl": {
          "start": {
            "line": 185,
            "column": 32
          },
          "end": {
            "line": 185,
            "column": 33
          }
        },
        "loc": {
          "start": {
            "line": 185,
            "column": 50
          },
          "end": {
            "line": 216,
            "column": 1
          }
        },
        "line": 185
      },
      "2": {
        "name": "(anonymous_2)",
        "decl": {
          "start": {
            "line": 188,
            "column": 12
          },
          "end": {
            "line": 188,
            "column": 13
          }
        },
        "loc": {
          "start": {
            "line": 188,
            "column": 18
          },
          "end": {
            "line": 193,
            "column": 3
          }
        },
        "line": 188
      },
      "3": {
        "name": "(anonymous_3)",
        "decl": {
          "start": {
            "line": 194,
            "column": 25
          },
          "end": {
            "line": 194,
            "column": 26
          }
        },
        "loc": {
          "start": {
            "line": 194,
            "column": 35
          },
          "end": {
            "line": 199,
            "column": 3
          }
        },
        "line": 194
      },
      "4": {
        "name": "(anonymous_4)",
        "decl": {
          "start": {
            "line": 200,
            "column": 12
          },
          "end": {
            "line": 200,
            "column": 13
          }
        },
        "loc": {
          "start": {
            "line": 200,
            "column": 34
          },
          "end": {
            "line": 206,
            "column": 3
          }
        },
        "line": 200
      },
      "5": {
        "name": "(anonymous_5)",
        "decl": {
          "start": {
            "line": 202,
            "column": 32
          },
          "end": {
            "line": 202,
            "column": 33
          }
        },
        "loc": {
          "start": {
            "line": 202,
            "column": 46
          },
          "end": {
            "line": 204,
            "column": 5
          }
        },
        "line": 202
      },
      "6": {
        "name": "(anonymous_6)",
        "decl": {
          "start": {
            "line": 226,
            "column": 52
          },
          "end": {
            "line": 226,
            "column": 53
          }
        },
        "loc": {
          "start": {
            "line": 226,
            "column": 72
          },
          "end": {
            "line": 233,
            "column": 3
          }
        },
        "line": 226
      },
      "7": {
        "name": "(anonymous_7)",
        "decl": {
          "start": {
            "line": 228,
            "column": 27
          },
          "end": {
            "line": 228,
            "column": 28
          }
        },
        "loc": {
          "start": {
            "line": 228,
            "column": 44
          },
          "end": {
            "line": 232,
            "column": 5
          }
        },
        "line": 228
      }
    },
    "branchMap": {
      "0": {
        "loc": {
          "start": {
            "line": 3,
            "column": 20
          },
          "end": {
            "line": 3,
            "column": 97
          }
        },
        "type": "binary-expr",
        "locations": [
          {
            "start": {
              "line": 3,
              "column": 20
            },
            "end": {
              "line": 3,
              "column": 60
            }
          },
          {
            "start": {
              "line": 3,
              "column": 64
            },
            "end": {
              "line": 3,
              "column": 97
            }
          }
        ],
        "line": 3
      },
      "1": {
        "loc": {
          "start": {
            "line": 6,
            "column": 0
          },
          "end": {
            "line": 16,
            "column": 1
          }
        },
        "type": "if",
        "locations": [
          {
            "start": {
              "line": 6,
              "column": 0
            },
            "end": {
              "line": 16,
              "column": 1
            }
          },
          {
            "start": {},
            "end": {}
          }
        ],
        "line": 6
      },
      "2": {
        "loc": {
          "start": {
            "line": 6,
            "column": 4
          },
          "end": {
            "line": 6,
            "column": 35
          }
        },
        "type": "binary-expr",
        "locations": [
          {
            "start": {
              "line": 6,
              "column": 4
            },
            "end": {
              "line": 6,
              "column": 19
            }
          },
          {
            "start": {
              "line": 6,
              "column": 23
            },
            "end": {
              "line": 6,
              "column": 35
            }
          }
        ],
        "line": 6
      },
      "3": {
        "loc": {
          "start": {
            "line": 7,
            "column": 2
          },
          "end": {
            "line": 11,
            "column": 3
          }
        },
        "type": "if",
        "locations": [
          {
            "start": {
              "line": 7,
              "column": 2
            },
            "end": {
              "line": 11,
              "column": 3
            }
          },
          {
            "start": {},
            "end": {}
          }
        ],
        "line": 7
      },
      "4": {
        "loc": {
          "start": {
            "line": 190,
            "column": 4
          },
          "end": {
            "line": 192,
            "column": 5
          }
        },
        "type": "if",
        "locations": [
          {
            "start": {
              "line": 190,
              "column": 4
            },
            "end": {
              "line": 192,
              "column": 5
            }
          },
          {
            "start": {},
            "end": {}
          }
        ],
        "line": 190
      },
      "5": {
        "loc": {
          "start": {
            "line": 190,
            "column": 8
          },
          "end": {
            "line": 190,
            "column": 52
          }
        },
        "type": "binary-expr",
        "locations": [
          {
            "start": {
              "line": 190,
              "column": 8
            },
            "end": {
              "line": 190,
              "column": 21
            }
          },
          {
            "start": {
              "line": 190,
              "column": 25
            },
            "end": {
              "line": 190,
              "column": 52
            }
          }
        ],
        "line": 190
      },
      "6": {
        "loc": {
          "start": {
            "line": 195,
            "column": 4
          },
          "end": {
            "line": 198,
            "column": 5
          }
        },
        "type": "if",
        "locations": [
          {
            "start": {
              "line": 195,
              "column": 4
            },
            "end": {
              "line": 198,
              "column": 5
            }
          },
          {
            "start": {},
            "end": {}
          }
        ],
        "line": 195
      },
      "7": {
        "loc": {
          "start": {
            "line": 195,
            "column": 8
          },
          "end": {
            "line": 195,
            "column": 47
          }
        },
        "type": "binary-expr",
        "locations": [
          {
            "start": {
              "line": 195,
              "column": 8
            },
            "end": {
              "line": 195,
              "column": 26
            }
          },
          {
            "start": {
              "line": 195,
              "column": 30
            },
            "end": {
              "line": 195,
              "column": 47
            }
          }
        ],
        "line": 195
      },
      "8": {
        "loc": {
          "start": {
            "line": 200,
            "column": 18
          },
          "end": {
            "line": 200,
            "column": 29
          }
        },
        "type": "default-arg",
        "locations": [
          {
            "start": {
              "line": 200,
              "column": 27
            },
            "end": {
              "line": 200,
              "column": 29
            }
          }
        ],
        "line": 200
      },
      "9": {
        "loc": {
          "start": {
            "line": 201,
            "column": 22
          },
          "end": {
            "line": 201,
            "column": 58
          }
        },
        "type": "binary-expr",
        "locations": [
          {
            "start": {
              "line": 201,
              "column": 22
            },
            "end": {
              "line": 201,
              "column": 51
            }
          },
          {
            "start": {
              "line": 201,
              "column": 55
            },
            "end": {
              "line": 201,
              "column": 58
            }
          }
        ],
        "line": 201
      },
      "10": {
        "loc": {
          "start": {
            "line": 221,
            "column": 0
          },
          "end": {
            "line": 224,
            "column": 1
          }
        },
        "type": "if",
        "locations": [
          {
            "start": {
              "line": 221,
              "column": 0
            },
            "end": {
              "line": 224,
              "column": 1
            }
          },
          {
            "start": {},
            "end": {}
          }
        ],
        "line": 221
      },
      "11": {
        "loc": {
          "start": {
            "line": 221,
            "column": 4
          },
          "end": {
            "line": 221,
            "column": 35
          }
        },
        "type": "binary-expr",
        "locations": [
          {
            "start": {
              "line": 221,
              "column": 4
            },
            "end": {
              "line": 221,
              "column": 19
            }
          },
          {
            "start": {
              "line": 221,
              "column": 23
            },
            "end": {
              "line": 221,
              "column": 35
            }
          }
        ],
        "line": 221
      },
      "12": {
        "loc": {
          "start": {
            "line": 225,
            "column": 0
          },
          "end": {
            "line": 234,
            "column": 1
          }
        },
        "type": "if",
        "locations": [
          {
            "start": {
              "line": 225,
              "column": 0
            },
            "end": {
              "line": 234,
              "column": 1
            }
          },
          {
            "start": {},
            "end": {}
          }
        ],
        "line": 225
      },
      "13": {
        "loc": {
          "start": {
            "line": 225,
            "column": 4
          },
          "end": {
            "line": 225,
            "column": 35
          }
        },
        "type": "binary-expr",
        "locations": [
          {
            "start": {
              "line": 225,
              "column": 4
            },
            "end": {
              "line": 225,
              "column": 19
            }
          },
          {
            "start": {
              "line": 225,
              "column": 23
            },
            "end": {
              "line": 225,
              "column": 35
            }
          }
        ],
        "line": 225
      },
      "14": {
        "loc": {
          "start": {
            "line": 229,
            "column": 6
          },
          "end": {
            "line": 229,
            "column": 31
          }
        },
        "type": "if",
        "locations": [
          {
            "start": {
              "line": 229,
              "column": 6
            },
            "end": {
              "line": 229,
              "column": 31
            }
          },
          {
            "start": {},
            "end": {}
          }
        ],
        "line": 229
      },
      "15": {
        "loc": {
          "start": {
            "line": 231,
            "column": 6
          },
          "end": {
            "line": 231,
            "column": 75
          }
        },
        "type": "if",
        "locations": [
          {
            "start": {
              "line": 231,
              "column": 6
            },
            "end": {
              "line": 231,
              "column": 75
            }
          },
          {
            "start": {},
            "end": {}
          }
        ],
        "line": 231
      }
    },
    "s": {
      "0": 10,
      "1": 10,
      "2": 10,
      "3": 0,
      "4": 10,
      "5": 10,
      "6": 10,
      "7": 10,
      "8": 10,
      "9": 10,
      "10": 10,
      "11": 10,
      "12": 10,
      "13": 566,
      "14": 566,
      "15": 10,
      "16": 10,
      "17": 24,
      "18": 24,
      "19": 24,
      "20": 20,
      "21": 20,
      "22": 0,
      "23": 24,
      "24": 2,
      "25": 2,
      "26": 2,
      "27": 24,
      "28": 7264,
      "29": 7264,
      "30": 14,
      "31": 7264,
      "32": 24,
      "33": 10,
      "34": 10,
      "35": 10,
      "36": 10,
      "37": 10,
      "38": 10,
      "39": 10,
      "40": 10,
      "41": 10,
      "42": 10,
      "43": 0,
      "44": 0,
      "45": 0,
      "46": 0,
      "47": 0
    },
    "f": {
      "0": 566,
      "1": 24,
      "2": 20,
      "3": 2,
      "4": 7264,
      "5": 14,
      "6": 10,
      "7": 0
    },
    "b": {
      "0": [
        10,
        0
      ],
      "1": [
        10,
        0
      ],
      "2": [
        10,
        10
      ],
      "3": [
        0,
        10
      ],
      "4": [
        0,
        20
      ],
      "5": [
        20,
        0
      ],
      "6": [
        2,
        0
      ],
      "7": [
        2,
        2
      ],
      "8": [
        7250
      ],
      "9": [
        7264,
        222
      ],
      "10": [
        10,
        0
      ],
      "11": [
        10,
        10
      ],
      "12": [
        10,
        0
      ],
      "13": [
        10,
        10
      ],
      "14": [
        0,
        0
      ],
      "15": [
        0,
        0
      ]
    },
    "inputSourceMap": {
      "version": 3,
      "mappings": "AAoMI;;;;;;;;;;;;;;;;;AApMJ,OAAOA,SAASC,eAAeC,UAAUC,YAAYC,iBAAiB;AAEtE,MAAMC,eAAe;AAAA,EACnBC,IAAI;AAAA,IACF,YAAY;AAAA,IACZ,kBAAkB;AAAA,IAClB,eAAe;AAAA,IACf,aAAa;AAAA,IACb,gBAAgB;AAAA,IAChB,cAAc;AAAA,IACd,oBAAoB;AAAA,IACpB,uBAAuB;AAAA,IACvB,0BAA0B;AAAA,IAC1B,oBAAoB;AAAA,IACpB,uBAAuB;AAAA,IACvB,mBAAmB;AAAA,IACnB,wBAAwB;AAAA,IACxB,2BAA2B;AAAA,IAC3B,uBAAuB;AAAA,IACvB,wBAAwB;AAAA,IACxB,sBAAsB;AAAA,IACtB,qBAAqB;AAAA,IACrB,sBAAsB;AAAA,IACtB,sBAAsB;AAAA,IACtB,gCAAgC;AAAA,IAChC,+BAA+B;AAAA,IAC/B,8BAA8B;AAAA,IAC1B,+BAA+B;AAAA,IACnC,mCAAmC;AAAA,IACnC,eAAe;AAAA,IACf,mBAAmB;AAAA,IACnB,kBAAkB;AAAA,IAClB,eAAe;AAAA,IACf,kBAAkB;AAAA,IAClB,eAAe;AAAA,IACf,kBAAkB;AAAA,IAClB,kBAAkB;AAAA,IAClB,gBAAgB;AAAA,IAChB,gBAAgB;AAAA,IAChB,iBAAiB;AAAA,IACjB,YAAY;AAAA,IACZ,kBAAkB;AAAA,IAClB,eAAe;AAAA,IACf,eAAe;AAAA,IACf,qBAAqB;AAAA,IACrB,kBAAkB;AAAA,IAClB,qBAAqB;AAAA,IACrB,0BAA0B;AAAA,IAC1B,sBAAsB;AAAA,IACtB,yBAAyB;AAAA,IACzB,sBAAsB;AAAA,IACtB,qBAAqB;AAAA,IACrB,kBAAkB;AAAA,IAClB,qBAAqB;AAAA,IACrB,4BAA4B;AAAA,IAC5B,kBAAkB;AAAA,IAClB,oBAAoB;AAAA,IACpB,mBAAmB;AAAA,IACnB,oBAAoB;AAAA,IACpB,kBAAkB;AAAA,IAClB,wBAAwB;AAAA,IACxB,gCAAgC;AAAA,IAChC,iCAAiC;AAAA,IACjC,iBAAiB;AAAA,IACjB,mBAAmB;AAAA,IACnB,iBAAiB;AAAA,IACjB,gBAAgB;AAAA,IAChB,2BAA2B;AAAA,IAC3B,wBAAwB;AAAA,IACxB,yBAAyB;AAAA,IACzB,qBAAqB;AAAA,IACrB,0BAA0B;AAAA,IAC1B,mBAAmB;AAAA,IACnB,mBAAmB;AAAA,IACnB,0BAA0B;AAAA,IAC1B,yBAAyB;AAAA,IACzB,oBAAoB;AAAA,IACpB,sBAAsB;AAAA,IACtB,0BAA0B;AAAA,IAC1B,oBAAoB;AAAA,IACpB,iBAAiB;AAAA,EACnB;AAAA,EAEAC,IAAI;AAAA,IACF,YAAY;AAAA,IACZ,kBAAkB;AAAA,IAClB,eAAe;AAAA,IACf,aAAa;AAAA,IACb,gBAAgB;AAAA,IAChB,cAAc;AAAA,IACd,oBAAoB;AAAA,IACpB,uBAAuB;AAAA,IACvB,0BAA0B;AAAA,IAC1B,oBAAoB;AAAA,IACpB,uBAAuB;AAAA,IACvB,mBAAmB;AAAA,IACnB,wBAAwB;AAAA,IACxB,2BAA2B;AAAA,IAC3B,uBAAuB;AAAA,IACvB,wBAAwB;AAAA,IACxB,sBAAsB;AAAA,IACtB,qBAAqB;AAAA,IACrB,sBAAsB;AAAA,IACtB,sBAAsB;AAAA,IACtB,gCAAgC;AAAA,IAChC,+BAA+B;AAAA,IAC/B,8BAA8B;AAAA,IAC5B,+BAA+B;AAAA,IACjC,mCAAmC;AAAA,IACnC,eAAe;AAAA,IACf,mBAAmB;AAAA,IACnB,kBAAkB;AAAA,IAClB,eAAe;AAAA,IACf,kBAAkB;AAAA,IAClB,eAAe;AAAA,IACf,kBAAkB;AAAA,IAClB,kBAAkB;AAAA,IAClB,gBAAgB;AAAA,IAChB,gBAAgB;AAAA,IAChB,iBAAiB;AAAA,IACjB,YAAY;AAAA,IACZ,kBAAkB;AAAA,IAClB,eAAe;AAAA,IACf,eAAe;AAAA,IACf,qBAAqB;AAAA,IACrB,kBAAkB;AAAA,IAClB,qBAAqB;AAAA,IACrB,0BAA0B;AAAA,IAC1B,sBAAsB;AAAA,IACtB,yBAAyB;AAAA,IACzB,sBAAsB;AAAA,IACtB,qBAAqB;AAAA,IACrB,kBAAkB;AAAA,IAClB,qBAAqB;AAAA,IACrB,4BAA4B;AAAA,IAC5B,kBAAkB;AAAA,IAClB,oBAAoB;AAAA,IACpB,mBAAmB;AAAA,IACnB,oBAAoB;AAAA,IACpB,kBAAkB;AAAA,IAClB,wBAAwB;AAAA,IACxB,gCAAgC;AAAA,IAChC,iCAAiC;AAAA,IACjC,iBAAiB;AAAA,IACjB,mBAAmB;AAAA,IACnB,iBAAiB;AAAA,IACjB,gBAAgB;AAAA,IAChB,2BAA2B;AAAA,IAC3B,wBAAwB;AAAA,IACxB,yBAAyB;AAAA,IACzB,qBAAqB;AAAA,IACrB,0BAA0B;AAAA,IAC1B,mBAAmB;AAAA,IACnB,mBAAmB;AAAA,IACnB,0BAA0B;AAAA,IAC1B,yBAAyB;AAAA,IACzB,oBAAoB;AAAA,IACpB,sBAAsB;AAAA,IACtB,0BAA0B;AAAA,IAC1B,oBAAoB;AAAA,IACpB,iBAAiB;AAAA,EACnB;AACF;AAEA,MAAMC,kBAAkBP,cAAc;AAE/B,aAAMQ,cAAcA,MAAA;AAAAC,KAAA;AAAA,SAAMP,WAAWK,eAAe;AAAC;AAACE,GAAhDD,aAAW;AAEjB,aAAME,mBAAmBA,CAAC,EAAEC,SAAS,MAAM;AAAAC,MAAA;AAChD,QAAM,CAACC,UAAUC,WAAW,IAAIb,SAAS,IAAI;AAE7CE,YAAU,MAAM;AACd,UAAMY,gBAAgBC,aAAaC,QAAQ,mBAAmB;AAC9D,QAAIF,iBAAiBX,aAAaW,aAAa,GAAG;AAChDD,kBAAYC,aAAa;AAAA,IAC3B;AAAA,EACF,GAAG,EAAE;AAEL,QAAMG,iBAAiBA,CAACC,SAAS;AAC/B,QAAIf,aAAae,IAAI,KAAKA,SAASN,UAAU;AAC3CC,kBAAYK,IAAI;AAChBH,mBAAaI,QAAQ,qBAAqBD,IAAI;AAAA,IAChD;AAAA,EACF;AAEA,QAAME,IAAIA,CAACC,KAAKC,SAAS,CAAC,MAAM;AAC9B,QAAIC,cAAcpB,aAAaS,QAAQ,IAAIS,GAAG,KAAKA;AAEnDG,WAAOC,KAAKH,MAAM,EAAEI,QAAQ,CAAAC,aAAY;AACtCJ,oBAAcA,YAAYK,QAAQ,IAAID,QAAQ,KAAKL,OAAOK,QAAQ,CAAC;AAAA,IACrE,CAAC;AAED,WAAOJ;AAAAA,EACT;AAEA,SACE,uBAAC,gBAAgB,UAAhB,EAAyB,OAAO;AAAA,IAC/BX;AAAAA,IACAK;AAAAA,IACAG;AAAAA,EACF,GACGV,YALH;AAAA;AAAA;AAAA;AAAA,SAMA;AAEJ;AAAEC,IApCWF,kBAAgB;AAAA,KAAhBA;AAAgB,IAAAoB;AAAA,aAAAA,IAAA",
      "names": [
        "React",
        "createContext",
        "useState",
        "useContext",
        "useEffect",
        "translations",
        "en",
        "ua",
        "LanguageContext",
        "useLanguage",
        "_s",
        "LanguageProvider",
        "children",
        "_s2",
        "language",
        "setLanguage",
        "savedLanguage",
        "localStorage",
        "getItem",
        "changeLanguage",
        "lang",
        "setItem",
        "t",
        "key",
        "params",
        "translation",
        "Object",
        "keys",
        "forEach",
        "paramKey",
        "replace",
        "_c"
      ],
      "ignoreList": [],
      "sources": [
        "C:/Users/admin/Desktop/NextGame/next-game/src/contexts/LanguageContext.jsx"
      ],
      "file": "C:/Users/admin/Desktop/NextGame/next-game/src/contexts/LanguageContext.jsx"
    },
    "_coverageSchema": "1a1c01bbd47fc00a2c39e90264f33305004495a9",
    "hash": "4aa5ec0f95271ad1d9aa608e75fc599d7229471d"
  },
  "C:/Users/admin/Desktop/NextGame/next-game/src/api/config.js": {
    "path": "C:/Users/admin/Desktop/NextGame/next-game/src/api/config.js",
    "statementMap": {
      "0": {
        "start": {
          "line": 1,
          "column": 28
        },
        "end": {
          "line": 1,
          "column": 55
        }
      },
      "1": {
        "start": {
          "line": 4,
          "column": 28
        },
        "end": {
          "line": 7,
          "column": 1
        }
      },
      "2": {
        "start": {
          "line": 9,
          "column": 24
        },
        "end": {
          "line": 11,
          "column": 1
        }
      },
      "3": {
        "start": {
          "line": 10,
          "column": 4
        },
        "end": {
          "line": 10,
          "column": 52
        }
      },
      "4": {
        "start": {
          "line": 13,
          "column": 24
        },
        "end": {
          "line": 15,
          "column": 1
        }
      },
      "5": {
        "start": {
          "line": 14,
          "column": 4
        },
        "end": {
          "line": 14,
          "column": 52
        }
      },
      "6": {
        "start": {
          "line": 17,
          "column": 27
        },
        "end": {
          "line": 19,
          "column": 1
        }
      },
      "7": {
        "start": {
          "line": 18,
          "column": 4
        },
        "end": {
          "line": 18,
          "column": 48
        }
      },
      "8": {
        "start": {
          "line": 22,
          "column": 30
        },
        "end": {
          "line": 28,
          "column": 1
        }
      },
      "9": {
        "start": {
          "line": 23,
          "column": 18
        },
        "end": {
          "line": 23,
          "column": 28
        }
      },
      "10": {
        "start": {
          "line": 24,
          "column": 4
        },
        "end": {
          "line": 27,
          "column": 6
        }
      },
      "11": {
        "start": {
          "line": 30,
          "column": 26
        },
        "end": {
          "line": 54,
          "column": 1
        }
      },
      "12": {
        "start": {
          "line": 31,
          "column": 16
        },
        "end": {
          "line": 31,
          "column": 44
        }
      },
      "13": {
        "start": {
          "line": 33,
          "column": 19
        },
        "end": {
          "line": 39,
          "column": 5
        }
      },
      "14": {
        "start": {
          "line": 41,
          "column": 4
        },
        "end": {
          "line": 53,
          "column": 5
        }
      },
      "15": {
        "start": {
          "line": 42,
          "column": 25
        },
        "end": {
          "line": 42,
          "column": 49
        }
      },
      "16": {
        "start": {
          "line": 43,
          "column": 21
        },
        "end": {
          "line": 43,
          "column": 42
        }
      },
      "17": {
        "start": {
          "line": 45,
          "column": 8
        },
        "end": {
          "line": 47,
          "column": 9
        }
      },
      "18": {
        "start": {
          "line": 46,
          "column": 12
        },
        "end": {
          "line": 46,
          "column": 63
        }
      },
      "19": {
        "start": {
          "line": 49,
          "column": 8
        },
        "end": {
          "line": 49,
          "column": 20
        }
      },
      "20": {
        "start": {
          "line": 51,
          "column": 8
        },
        "end": {
          "line": 51,
          "column": 43
        }
      },
      "21": {
        "start": {
          "line": 52,
          "column": 8
        },
        "end": {
          "line": 52,
          "column": 20
        }
      },
      "22": {
        "start": {
          "line": 56,
          "column": 34
        },
        "end": {
          "line": 70,
          "column": 1
        }
      },
      "23": {
        "start": {
          "line": 57,
          "column": 18
        },
        "end": {
          "line": 57,
          "column": 28
        }
      },
      "24": {
        "start": {
          "line": 59,
          "column": 4
        },
        "end": {
          "line": 61,
          "column": 5
        }
      },
      "25": {
        "start": {
          "line": 60,
          "column": 8
        },
        "end": {
          "line": 60,
          "column": 49
        }
      },
      "26": {
        "start": {
          "line": 63,
          "column": 4
        },
        "end": {
          "line": 69,
          "column": 7
        }
      }
    },
    "fnMap": {
      "0": {
        "name": "(anonymous_0)",
        "decl": {
          "start": {
            "line": 9,
            "column": 24
          },
          "end": {
            "line": 9,
            "column": 25
          }
        },
        "loc": {
          "start": {
            "line": 9,
            "column": 30
          },
          "end": {
            "line": 11,
            "column": 1
          }
        },
        "line": 9
      },
      "1": {
        "name": "(anonymous_1)",
        "decl": {
          "start": {
            "line": 13,
            "column": 24
          },
          "end": {
            "line": 13,
            "column": 25
          }
        },
        "loc": {
          "start": {
            "line": 13,
            "column": 35
          },
          "end": {
            "line": 15,
            "column": 1
          }
        },
        "line": 13
      },
      "2": {
        "name": "(anonymous_2)",
        "decl": {
          "start": {
            "line": 17,
            "column": 27
          },
          "end": {
            "line": 17,
            "column": 28
          }
        },
        "loc": {
          "start": {
            "line": 17,
            "column": 33
          },
          "end": {
            "line": 19,
            "column": 1
          }
        },
        "line": 17
      },
      "3": {
        "name": "(anonymous_3)",
        "decl": {
          "start": {
            "line": 22,
            "column": 30
          },
          "end": {
            "line": 22,
            "column": 31
          }
        },
        "loc": {
          "start": {
            "line": 22,
            "column": 36
          },
          "end": {
            "line": 28,
            "column": 1
          }
        },
        "line": 22
      },
      "4": {
        "name": "(anonymous_4)",
        "decl": {
          "start": {
            "line": 30,
            "column": 26
          },
          "end": {
            "line": 30,
            "column": 27
          }
        },
        "loc": {
          "start": {
            "line": 30,
            "column": 60
          },
          "end": {
            "line": 54,
            "column": 1
          }
        },
        "line": 30
      },
      "5": {
        "name": "(anonymous_5)",
        "decl": {
          "start": {
            "line": 56,
            "column": 34
          },
          "end": {
            "line": 56,
            "column": 35
          }
        },
        "loc": {
          "start": {
            "line": 56,
            "column": 68
          },
          "end": {
            "line": 70,
            "column": 1
          }
        },
        "line": 56
      }
    },
    "branchMap": {
      "0": {
        "loc": {
          "start": {
            "line": 26,
            "column": 12
          },
          "end": {
            "line": 26,
            "column": 59
          }
        },
        "type": "binary-expr",
        "locations": [
          {
            "start": {
              "line": 26,
              "column": 12
            },
            "end": {
              "line": 26,
              "column": 17
            }
          },
          {
            "start": {
              "line": 26,
              "column": 21
            },
            "end": {
              "line": 26,
              "column": 59
            }
          }
        ],
        "line": 26
      },
      "1": {
        "loc": {
          "start": {
            "line": 30,
            "column": 43
          },
          "end": {
            "line": 30,
            "column": 55
          }
        },
        "type": "default-arg",
        "locations": [
          {
            "start": {
              "line": 30,
              "column": 53
            },
            "end": {
              "line": 30,
              "column": 55
            }
          }
        ],
        "line": 30
      },
      "2": {
        "loc": {
          "start": {
            "line": 45,
            "column": 8
          },
          "end": {
            "line": 47,
            "column": 9
          }
        },
        "type": "if",
        "locations": [
          {
            "start": {
              "line": 45,
              "column": 8
            },
            "end": {
              "line": 47,
              "column": 9
            }
          },
          {
            "start": {},
            "end": {}
          }
        ],
        "line": 45
      },
      "3": {
        "loc": {
          "start": {
            "line": 46,
            "column": 28
          },
          "end": {
            "line": 46,
            "column": 61
          }
        },
        "type": "binary-expr",
        "locations": [
          {
            "start": {
              "line": 46,
              "column": 28
            },
            "end": {
              "line": 46,
              "column": 38
            }
          },
          {
            "start": {
              "line": 46,
              "column": 42
            },
            "end": {
              "line": 46,
              "column": 61
            }
          }
        ],
        "line": 46
      },
      "4": {
        "loc": {
          "start": {
            "line": 56,
            "column": 51
          },
          "end": {
            "line": 56,
            "column": 63
          }
        },
        "type": "default-arg",
        "locations": [
          {
            "start": {
              "line": 56,
              "column": 61
            },
            "end": {
              "line": 56,
              "column": 63
            }
          }
        ],
        "line": 56
      },
      "5": {
        "loc": {
          "start": {
            "line": 59,
            "column": 4
          },
          "end": {
            "line": 61,
            "column": 5
          }
        },
        "type": "if",
        "locations": [
          {
            "start": {
              "line": 59,
              "column": 4
            },
            "end": {
              "line": 61,
              "column": 5
            }
          },
          {
            "start": {},
            "end": {}
          }
        ],
        "line": 59
      }
    },
    "s": {
      "0": 10,
      "1": 10,
      "2": 10,
      "3": 42,
      "4": 10,
      "5": 4,
      "6": 10,
      "7": 0,
      "8": 10,
      "9": 11,
      "10": 11,
      "11": 10,
      "12": 19,
      "13": 19,
      "14": 19,
      "15": 19,
      "16": 18,
      "17": 18,
      "18": 1,
      "19": 17,
      "20": 1,
      "21": 1,
      "22": 10,
      "23": 11,
      "24": 11,
      "25": 0,
      "26": 11
    },
    "f": {
      "0": 42,
      "1": 4,
      "2": 0,
      "3": 11,
      "4": 19,
      "5": 11
    },
    "b": {
      "0": [
        11,
        11
      ],
      "1": [
        3
      ],
      "2": [
        1,
        17
      ],
      "3": [
        1,
        0
      ],
      "4": [
        7
      ],
      "5": [
        0,
        11
      ]
    },
    "inputSourceMap": {
      "version": 3,
      "sources": [
        "C:/Users/admin/Desktop/NextGame/next-game/src/api/config.js"
      ],
      "names": [],
      "mappings": "AAAA,MAAM,CAAC,KAAK,CAAC,YAAY,CAAC,CAAC,CAAC,CAAC,IAAI,CAAC,CAAC,CAAC,SAAS,CAAC,IAAI,CAAC,GAAG,CAAC,CAAC;AACxD;AACA;AACA,MAAM,CAAC,KAAK,CAAC,YAAY,CAAC,CAAC,CAAC,CAAC;AAC7B,CAAC,CAAC,CAAC,CAAC,KAAK,CAAC,CAAC,CAAC,cAAc,CAAC,CAAC;AAC5B,CAAC,CAAC,CAAC,CAAC,IAAI,CAAC,CAAC,CAAC,aAAa,CAAC;AACzB,CAAC,CAAC;AACF;AACA,MAAM,CAAC,KAAK,CAAC,QAAQ,CAAC,CAAC,CAAC,CAAC,CAAC,CAAC,CAAC,CAAC,CAAC,CAAC;AAC/B,CAAC,CAAC,CAAC,CAAC,MAAM,CAAC,YAAY,CAAC,OAAO,CAAC,YAAY,CAAC,KAAK,CAAC,CAAC;AACpD,CAAC,CAAC;AACF;AACA,MAAM,CAAC,KAAK,CAAC,QAAQ,CAAC,CAAC,CAAC,CAAC,KAAK,CAAC,CAAC,CAAC,CAAC,CAAC,CAAC;AACpC,CAAC,CAAC,CAAC,CAAC,YAAY,CAAC,OAAO,CAAC,YAAY,CAAC,KAAK,CAAC,CAAC,KAAK,CAAC,CAAC;AACpD,CAAC,CAAC;AACF;AACA,MAAM,CAAC,KAAK,CAAC,WAAW,CAAC,CAAC,CAAC,CAAC,CAAC,CAAC,CAAC,CAAC,CAAC,CAAC;AAClC,CAAC,CAAC,CAAC,CAAC,YAAY,CAAC,UAAU,CAAC,YAAY,CAAC,KAAK,CAAC,CAAC;AAChD,CAAC,CAAC;AACF;AACA;AACA,MAAM,CAAC,KAAK,CAAC,cAAc,CAAC,CAAC,CAAC,CAAC,CAAC,CAAC,CAAC,CAAC,CAAC,CAAC;AACrC,CAAC,CAAC,CAAC,CAAC,KAAK,CAAC,KAAK,CAAC,CAAC,CAAC,QAAQ,CAAC,CAAC,CAAC;AAC7B,CAAC,CAAC,CAAC,CAAC,MAAM,CAAC,CAAC;AACZ,CAAC,CAAC,CAAC,CAAC,CAAC,CAAC,CAAC,CAAC,CAAC,OAAO,CAAC,IAAI,CAAC,CAAC,CAAC,CAAC,WAAW,CAAC,IAAI,CAAC,CAAC;AAC3C,CAAC,CAAC,CAAC,CAAC,CAAC,CAAC,CAAC,CAAC,CAAC,CAAC,CAAC,CAAC,KAAK,CAAC,CAAC,CAAC,CAAC,CAAC,CAAC,CAAC,aAAa,CAAC,CAAC,CAAC,CAAC,MAAM,CAAC,CAAC,CAAC,KAAK,CAAC,CAAC,CAAC,CAAC,CAAC;AAC5D,CAAC,CAAC,CAAC,CAAC,CAAC,CAAC;AACN,CAAC,CAAC;AACF;AACA,MAAM,CAAC,KAAK,CAAC,UAAU,CAAC,CAAC,CAAC,KAAK,CAAC,CAAC,QAAQ,CAAC,CAAC,OAAO,CAAC,CAAC,CAAC,CAAC,CAAC,CAAC,CAAC,CAAC,CAAC,CAAC,CAAC;AAC7D,CAAC,CAAC,CAAC,CAAC,KAAK,CAAC,GAAG,CAAC,CAAC,CAAC,CAAC,CAAC,CAAC,YAAY,CAAC,CAAC,CAAC,QAAQ,CAAC,CAAC,CAAC;AAC7C;AACA,CAAC,CAAC,CAAC,CAAC,KAAK,CAAC,MAAM,CAAC,CAAC,CAAC,CAAC;AACpB,CAAC,CAAC,CAAC,CAAC,CAAC,CAAC,CAAC,CAAC,CAAC,CAAC,CAAC,OAAO,CAAC;AACnB,CAAC,CAAC,CAAC,CAAC,CAAC,CAAC,CAAC,CAAC,OAAO,CAAC,CAAC,CAAC;AAClB,CAAC,CAAC,CAAC,CAAC,CAAC,CAAC,CAAC,CAAC,CAAC,CAAC,CAAC,CAAC,CAAC,OAAO,CAAC,IAAI,CAAC,CAAC,CAAC,CAAC,WAAW,CAAC,IAAI,CAAC,CAAC;AAC/C,CAAC,CAAC,CAAC,CAAC,CAAC,CAAC,CAAC,CAAC,CAAC,CAAC,CAAC,CAAC,CAAC,CAAC,CAAC,OAAO,CAAC,OAAO;AAC9B,CAAC,CAAC,CAAC,CAAC,CAAC,CAAC,CAAC,CAAC,CAAC;AACT,CAAC,CAAC,CAAC,CAAC,CAAC,CAAC;AACN;AACA,CAAC,CAAC,CAAC,CAAC,GAAG,CAAC,CAAC;AACT,CAAC,CAAC,CAAC,CAAC,CAAC,CAAC,CAAC,CAAC,KAAK,CAAC,QAAQ,CAAC,CAAC,CAAC,KAAK,CAAC,KAAK,CAAC,GAAG,CAAC,CAAC,MAAM,CAAC,CAAC;AAClD,CAAC,CAAC,CAAC,CAAC,CAAC,CAAC,CAAC,CAAC,KAAK,CAAC,IAAI,CAAC,CAAC,CAAC,KAAK,CAAC,QAAQ,CAAC,IAAI,CAAC,CAAC,CAAC;AAC3C;AACA,CAAC,CAAC,CAAC,CAAC,CAAC,CAAC,CAAC,CAAC,EAAE,CAAC,CAAC,CAAC,QAAQ,CAAC,EAAE,CAAC,CAAC,CAAC;AAC3B,CAAC,CAAC,CAAC,CAAC,CAAC,CAAC,CAAC,CAAC,CAAC,CAAC,CAAC,CAAC,KAAK,CAAC,GAAG,CAAC,KAAK,CAAC,IAAI,CAAC,KAAK,CAAC,CAAC,CAAC,CAAC,CAAC,CAAC,CAAC,CAAC,CAAC,CAAC,CAAC,CAAC,CAAC,CAAC,CAAC,CAAC,CAAC,CAAC,CAAC,CAAC,CAAC,CAAC,CAAC,CAAC,CAAC;AAC/D,CAAC,CAAC,CAAC,CAAC,CAAC,CAAC,CAAC,CAAC,CAAC;AACT;AACA,CAAC,CAAC,CAAC,CAAC,CAAC,CAAC,CAAC,CAAC,MAAM,CAAC,IAAI,CAAC;AACpB,CAAC,CAAC,CAAC,CAAC,CAAC,CAAC,KAAK,CAAC,CAAC,KAAK,CAAC,CAAC,CAAC;AACrB,CAAC,CAAC,CAAC,CAAC,CAAC,CAAC,CAAC,CAAC,OAAO,CAAC,KAAK,CAAC,CAAC,GAAG,CAAC,KAAK,CAAC,CAAC,CAAC,CAAC,KAAK,CAAC,CAAC;AAC3C,CAAC,CAAC,CAAC,CAAC,CAAC,CAAC,CAAC,CAAC,KAAK,CAAC,KAAK,CAAC;AACpB,CAAC,CAAC,CAAC,CAAC,CAAC;AACL,CAAC,CAAC;AACF;AACA,MAAM,CAAC,KAAK,CAAC,kBAAkB,CAAC,CAAC,CAAC,KAAK,CAAC,CAAC,QAAQ,CAAC,CAAC,OAAO,CAAC,CAAC,CAAC,CAAC,CAAC,CAAC,CAAC,CAAC,CAAC,CAAC,CAAC;AACrE,CAAC,CAAC,CAAC,CAAC,KAAK,CAAC,KAAK,CAAC,CAAC,CAAC,QAAQ,CAAC,CAAC,CAAC;AAC7B;AACA,CAAC,CAAC,CAAC,CAAC,EAAE,CAAC,CAAC,CAAC,KAAK,CAAC,CAAC,CAAC;AACjB,CAAC,CAAC,CAAC,CAAC,CAAC,CAAC,CAAC,CAAC,KAAK,CAAC,GAAG,CAAC,KAAK,CAAC,CAAC,CAAC,CAAC,CAAC,CAAC,CAAC,CAAC,CAAC,CAAC,CAAC,CAAC,CAAC,CAAC,CAAC,CAAC,CAAC,CAAC,CAAC,CAAC,CAAC,CAAC,CAAC,CAAC,CAAC,CAAC;AACjD,CAAC,CAAC,CAAC,CAAC,CAAC;AACL;AACA,CAAC,CAAC,CAAC,CAAC,MAAM,CAAC,UAAU,CAAC,QAAQ,CAAC,CAAC,CAAC;AACjC,CAAC,CAAC,CAAC,CAAC,CAAC,CAAC,CAAC,CAAC,CAAC,CAAC,CAAC,OAAO,CAAC;AACnB,CAAC,CAAC,CAAC,CAAC,CAAC,CAAC,CAAC,CAAC,OAAO,CAAC,CAAC,CAAC;AAClB,CAAC,CAAC,CAAC,CAAC,CAAC,CAAC,CAAC,CAAC,CAAC,CAAC,CAAC,CAAC,CAAC,CAAC,CAAC,cAAc,CAAC,CAAC,CAAC;AAChC,CAAC,CAAC,CAAC,CAAC,CAAC,CAAC,CAAC,CAAC,CAAC,CAAC,CAAC,CAAC,CAAC,CAAC,CAAC,OAAO,CAAC,OAAO;AAC9B,CAAC,CAAC,CAAC,CAAC,CAAC,CAAC,CAAC,CAAC,CAAC;AACT,CAAC,CAAC,CAAC,CAAC,CAAC,CAAC,CAAC;AACP,CAAC"
    },
    "_coverageSchema": "1a1c01bbd47fc00a2c39e90264f33305004495a9",
    "hash": "5ff92a952665b448cae157e711131fe397872b36"
  },
  "C:/Users/admin/Desktop/NextGame/next-game/src/api/auth.js": {
    "path": "C:/Users/admin/Desktop/NextGame/next-game/src/api/auth.js",
    "statementMap": {
      "0": {
        "start": {
          "line": 4,
          "column": 23
        },
        "end": {
          "line": 28,
          "column": 1
        }
      },
      "1": {
        "start": {
          "line": 6,
          "column": 21
        },
        "end": {
          "line": 9,
          "column": 10
        }
      },
      "2": {
        "start": {
          "line": 10,
          "column": 8
        },
        "end": {
          "line": 10,
          "column": 20
        }
      },
      "3": {
        "start": {
          "line": 14,
          "column": 21
        },
        "end": {
          "line": 17,
          "column": 10
        }
      },
      "4": {
        "start": {
          "line": 18,
          "column": 8
        },
        "end": {
          "line": 18,
          "column": 20
        }
      },
      "5": {
        "start": {
          "line": 22,
          "column": 8
        },
        "end": {
          "line": 26,
          "column": 9
        }
      },
      "6": {
        "start": {
          "line": 23,
          "column": 12
        },
        "end": {
          "line": 23,
          "column": 24
        }
      },
      "7": {
        "start": {
          "line": 25,
          "column": 12
        },
        "end": {
          "line": 25,
          "column": 25
        }
      }
    },
    "fnMap": {
      "0": {
        "name": "(anonymous_0)",
        "decl": {
          "start": {
            "line": 5,
            "column": 14
          },
          "end": {
            "line": 5,
            "column": 15
          }
        },
        "loc": {
          "start": {
            "line": 5,
            "column": 51
          },
          "end": {
            "line": 11,
            "column": 5
          }
        },
        "line": 5
      },
      "1": {
        "name": "(anonymous_1)",
        "decl": {
          "start": {
            "line": 13,
            "column": 11
          },
          "end": {
            "line": 13,
            "column": 12
          }
        },
        "loc": {
          "start": {
            "line": 13,
            "column": 38
          },
          "end": {
            "line": 19,
            "column": 5
          }
        },
        "line": 13
      },
      "2": {
        "name": "(anonymous_2)",
        "decl": {
          "start": {
            "line": 21,
            "column": 17
          },
          "end": {
            "line": 21,
            "column": 18
          }
        },
        "loc": {
          "start": {
            "line": 21,
            "column": 29
          },
          "end": {
            "line": 27,
            "column": 5
          }
        },
        "line": 21
      }
    },
    "branchMap": {},
    "s": {
      "0": 10,
      "1": 1,
      "2": 1,
      "3": 4,
      "4": 3,
      "5": 0,
      "6": 0,
      "7": 0
    },
    "f": {
      "0": 1,
      "1": 4,
      "2": 0
    },
    "b": {},
    "inputSourceMap": {
      "version": 3,
      "sources": [
        "C:/Users/admin/Desktop/NextGame/next-game/src/api/auth.js"
      ],
      "names": [],
      "mappings": "AAAA,MAAM,CAAC,CAAC,CAAC,UAAU,CAAC,CAAC,CAAC,IAAI,CAAC,CAAC,CAAC,CAAC,MAAM,CAAC,CAAC;AACtC;AACA,CAAC,CAAC,CAAC,IAAI,CAAC,GAAG,CAAC,OAAO;AACnB,MAAM,CAAC,KAAK,CAAC,OAAO,CAAC,CAAC,CAAC,CAAC;AACxB,CAAC,CAAC,CAAC,CAAC,QAAQ,CAAC,CAAC,KAAK,CAAC,CAAC,QAAQ,CAAC,CAAC,KAAK,CAAC,CAAC,QAAQ,CAAC,CAAC,CAAC,CAAC,CAAC,CAAC;AACpD,CAAC,CAAC,CAAC,CAAC,CAAC,CAAC,CAAC,CAAC,KAAK,CAAC,IAAI,CAAC,CAAC,CAAC,KAAK,CAAC,UAAU,CAAC,CAAC,CAAC,QAAQ,CAAC,CAAC,CAAC,CAAC;AACpD,CAAC,CAAC,CAAC,CAAC,CAAC,CAAC,CAAC,CAAC,CAAC,CAAC,CAAC,CAAC,MAAM,CAAC,CAAC,CAAC,IAAI,CAAC,CAAC;AAC3B,CAAC,CAAC,CAAC,CAAC,CAAC,CAAC,CAAC,CAAC,CAAC,CAAC,CAAC,CAAC,IAAI,CAAC,CAAC,IAAI,CAAC,SAAS,CAAC,CAAC,CAAC,QAAQ,CAAC,CAAC,KAAK,CAAC,CAAC,QAAQ,CAAC,CAAC,CAAC;AAC/D,CAAC,CAAC,CAAC,CAAC,CAAC,CAAC,CAAC,CAAC,CAAC,CAAC,CAAC;AACX,CAAC,CAAC,CAAC,CAAC,CAAC,CAAC,CAAC,CAAC,MAAM,CAAC,IAAI,CAAC;AACpB,CAAC,CAAC,CAAC,CAAC,CAAC,CAAC;AACN;AACA,CAAC,CAAC,CAAC,CAAC,KAAK,CAAC,CAAC,KAAK,CAAC,CAAC,KAAK,CAAC,CAAC,QAAQ,CAAC,CAAC,CAAC,CAAC,CAAC,CAAC;AACvC,CAAC,CAAC,CAAC,CAAC,CAAC,CAAC,CAAC,CAAC,KAAK,CAAC,IAAI,CAAC,CAAC,CAAC,KAAK,CAAC,UAAU,CAAC,CAAC,CAAC,KAAK,CAAC,CAAC,CAAC,CAAC;AACjD,CAAC,CAAC,CAAC,CAAC,CAAC,CAAC,CAAC,CAAC,CAAC,CAAC,CAAC,CAAC,MAAM,CAAC,CAAC,CAAC,IAAI,CAAC,CAAC;AAC3B,CAAC,CAAC,CAAC,CAAC,CAAC,CAAC,CAAC,CAAC,CAAC,CAAC,CAAC,CAAC,IAAI,CAAC,CAAC,IAAI,CAAC,SAAS,CAAC,CAAC,CAAC,KAAK,CAAC,CAAC,QAAQ,CAAC,CAAC,CAAC;AACrD,CAAC,CAAC,CAAC,CAAC,CAAC,CAAC,CAAC,CAAC,CAAC,CAAC,CAAC;AACX,CAAC,CAAC,CAAC,CAAC,CAAC,CAAC,CAAC,CAAC,MAAM,CAAC,IAAI,CAAC;AACpB,CAAC,CAAC,CAAC,CAAC,CAAC,CAAC;AACN;AACA,CAAC,CAAC,CAAC,CAAC,WAAW,CAAC,CAAC,KAAK,CAAC,CAAC,CAAC,CAAC,CAAC,CAAC,CAAC,CAAC;AAC9B,CAAC,CAAC,CAAC,CAAC,CAAC,CAAC,CAAC,CAAC,GAAG,CAAC,CAAC;AACb,CAAC,CAAC,CAAC,CAAC,CAAC,CAAC,CAAC,CAAC,CAAC,CAAC,CAAC,CAAC,MAAM,CAAC,IAAI,CAAC;AACxB,CAAC,CAAC,CAAC,CAAC,CAAC,CAAC,CAAC,CAAC,CAAC,CAAC,KAAK,CAAC,CAAC,KAAK,CAAC,CAAC,CAAC;AACzB,CAAC,CAAC,CAAC,CAAC,CAAC,CAAC,CAAC,CAAC,CAAC,CAAC,CAAC,CAAC,MAAM,CAAC,KAAK,CAAC;AACzB,CAAC,CAAC,CAAC,CAAC,CAAC,CAAC,CAAC,CAAC,CAAC;AACT,CAAC,CAAC,CAAC,CAAC,CAAC;AACL,CAAC"
    },
    "_coverageSchema": "1a1c01bbd47fc00a2c39e90264f33305004495a9",
    "hash": "4b3a87e2af228b57b01c7d17cfebd8ae56819ceb"
  },
  "C:/Users/admin/Desktop/NextGame/next-game/src/contexts/AuthContext.jsx": {
    "path": "C:/Users/admin/Desktop/NextGame/next-game/src/contexts/AuthContext.jsx",
    "statementMap": {
      "0": {
        "start": {
          "line": 3,
          "column": 20
        },
        "end": {
          "line": 3,
          "column": 97
        }
      },
      "1": {
        "start": {
          "line": 6,
          "column": 0
        },
        "end": {
          "line": 16,
          "column": 1
        }
      },
      "2": {
        "start": {
          "line": 7,
          "column": 2
        },
        "end": {
          "line": 11,
          "column": 3
        }
      },
      "3": {
        "start": {
          "line": 8,
          "column": 4
        },
        "end": {
          "line": 10,
          "column": 6
        }
      },
      "4": {
        "start": {
          "line": 12,
          "column": 2
        },
        "end": {
          "line": 12,
          "column": 39
        }
      },
      "5": {
        "start": {
          "line": 13,
          "column": 2
        },
        "end": {
          "line": 13,
          "column": 39
        }
      },
      "6": {
        "start": {
          "line": 14,
          "column": 2
        },
        "end": {
          "line": 14,
          "column": 127
        }
      },
      "7": {
        "start": {
          "line": 15,
          "column": 2
        },
        "end": {
          "line": 15,
          "column": 75
        }
      },
      "8": {
        "start": {
          "line": 17,
          "column": 9
        },
        "end": {
          "line": 17,
          "column": 23
        }
      },
      "9": {
        "start": {
          "line": 22,
          "column": 27
        },
        "end": {
          "line": 22,
          "column": 46
        }
      },
      "10": {
        "start": {
          "line": 23,
          "column": 28
        },
        "end": {
          "line": 93,
          "column": 1
        }
      },
      "11": {
        "start": {
          "line": 24,
          "column": 2
        },
        "end": {
          "line": 24,
          "column": 7
        }
      },
      "12": {
        "start": {
          "line": 25,
          "column": 26
        },
        "end": {
          "line": 25,
          "column": 40
        }
      },
      "13": {
        "start": {
          "line": 26,
          "column": 36
        },
        "end": {
          "line": 26,
          "column": 50
        }
      },
      "14": {
        "start": {
          "line": 27,
          "column": 2
        },
        "end": {
          "line": 44,
          "column": 9
        }
      },
      "15": {
        "start": {
          "line": 28,
          "column": 21
        },
        "end": {
          "line": 42,
          "column": 5
        }
      },
      "16": {
        "start": {
          "line": 29,
          "column": 24
        },
        "end": {
          "line": 29,
          "column": 63
        }
      },
      "17": {
        "start": {
          "line": 30,
          "column": 20
        },
        "end": {
          "line": 30,
          "column": 30
        }
      },
      "18": {
        "start": {
          "line": 31,
          "column": 6
        },
        "end": {
          "line": 40,
          "column": 7
        }
      },
      "19": {
        "start": {
          "line": 32,
          "column": 8
        },
        "end": {
          "line": 39,
          "column": 9
        }
      },
      "20": {
        "start": {
          "line": 33,
          "column": 27
        },
        "end": {
          "line": 33,
          "column": 48
        }
      },
      "21": {
        "start": {
          "line": 34,
          "column": 10
        },
        "end": {
          "line": 34,
          "column": 28
        }
      },
      "22": {
        "start": {
          "line": 36,
          "column": 10
        },
        "end": {
          "line": 36,
          "column": 58
        }
      },
      "23": {
        "start": {
          "line": 37,
          "column": 10
        },
        "end": {
          "line": 37,
          "column": 53
        }
      },
      "24": {
        "start": {
          "line": 38,
          "column": 10
        },
        "end": {
          "line": 38,
          "column": 24
        }
      },
      "25": {
        "start": {
          "line": 41,
          "column": 6
        },
        "end": {
          "line": 41,
          "column": 26
        }
      },
      "26": {
        "start": {
          "line": 43,
          "column": 4
        },
        "end": {
          "line": 43,
          "column": 15
        }
      },
      "27": {
        "start": {
          "line": 45,
          "column": 2
        },
        "end": {
          "line": 51,
          "column": 13
        }
      },
      "28": {
        "start": {
          "line": 46,
          "column": 4
        },
        "end": {
          "line": 50,
          "column": 5
        }
      },
      "29": {
        "start": {
          "line": 47,
          "column": 6
        },
        "end": {
          "line": 47,
          "column": 68
        }
      },
      "30": {
        "start": {
          "line": 49,
          "column": 6
        },
        "end": {
          "line": 49,
          "column": 49
        }
      },
      "31": {
        "start": {
          "line": 52,
          "column": 16
        },
        "end": {
          "line": 65,
          "column": 8
        }
      },
      "32": {
        "start": {
          "line": 53,
          "column": 4
        },
        "end": {
          "line": 53,
          "column": 23
        }
      },
      "33": {
        "start": {
          "line": 54,
          "column": 4
        },
        "end": {
          "line": 64,
          "column": 5
        }
      },
      "34": {
        "start": {
          "line": 55,
          "column": 23
        },
        "end": {
          "line": 55,
          "column": 59
        }
      },
      "35": {
        "start": {
          "line": 56,
          "column": 6
        },
        "end": {
          "line": 56,
          "column": 31
        }
      },
      "36": {
        "start": {
          "line": 57,
          "column": 6
        },
        "end": {
          "line": 57,
          "column": 29
        }
      },
      "37": {
        "start": {
          "line": 58,
          "column": 6
        },
        "end": {
          "line": 58,
          "column": 27
        }
      },
      "38": {
        "start": {
          "line": 60,
          "column": 6
        },
        "end": {
          "line": 60,
          "column": 46
        }
      },
      "39": {
        "start": {
          "line": 61,
          "column": 6
        },
        "end": {
          "line": 61,
          "column": 18
        }
      },
      "40": {
        "start": {
          "line": 63,
          "column": 6
        },
        "end": {
          "line": 63,
          "column": 26
        }
      },
      "41": {
        "start": {
          "line": 66,
          "column": 19
        },
        "end": {
          "line": 83,
          "column": 8
        }
      },
      "42": {
        "start": {
          "line": 67,
          "column": 4
        },
        "end": {
          "line": 67,
          "column": 23
        }
      },
      "43": {
        "start": {
          "line": 68,
          "column": 4
        },
        "end": {
          "line": 82,
          "column": 5
        }
      },
      "44": {
        "start": {
          "line": 69,
          "column": 23
        },
        "end": {
          "line": 73,
          "column": 7
        }
      },
      "45": {
        "start": {
          "line": 74,
          "column": 6
        },
        "end": {
          "line": 74,
          "column": 31
        }
      },
      "46": {
        "start": {
          "line": 75,
          "column": 6
        },
        "end": {
          "line": 75,
          "column": 29
        }
      },
      "47": {
        "start": {
          "line": 76,
          "column": 6
        },
        "end": {
          "line": 76,
          "column": 27
        }
      },
      "48": {
        "start": {
          "line": 78,
          "column": 6
        },
        "end": {
          "line": 78,
          "column": 50
        }
      },
      "49": {
        "start": {
          "line": 79,
          "column": 6
        },
        "end": {
          "line": 79,
          "column": 18
        }
      },
      "50": {
        "start": {
          "line": 81,
          "column": 6
        },
        "end": {
          "line": 81,
          "column": 26
        }
      },
      "51": {
        "start": {
          "line": 84,
          "column": 17
        },
        "end": {
          "line": 87,
          "column": 8
        }
      },
      "52": {
        "start": {
          "line": 85,
          "column": 4
        },
        "end": {
          "line": 85,
          "column": 18
        }
      },
      "53": {
        "start": {
          "line": 86,
          "column": 4
        },
        "end": {
          "line": 86,
          "column": 18
        }
      },
      "54": {
        "start": {
          "line": 88,
          "column": 2
        },
        "end": {
          "line": 92,
          "column": 11
        }
      },
      "55": {
        "start": {
          "line": 94,
          "column": 0
        },
        "end": {
          "line": 94,
          "column": 49
        }
      },
      "56": {
        "start": {
          "line": 95,
          "column": 0
        },
        "end": {
          "line": 95,
          "column": 18
        }
      },
      "57": {
        "start": {
          "line": 97,
          "column": 0
        },
        "end": {
          "line": 97,
          "column": 33
        }
      },
      "58": {
        "start": {
          "line": 98,
          "column": 0
        },
        "end": {
          "line": 101,
          "column": 1
        }
      },
      "59": {
        "start": {
          "line": 99,
          "column": 2
        },
        "end": {
          "line": 99,
          "column": 39
        }
      },
      "60": {
        "start": {
          "line": 100,
          "column": 2
        },
        "end": {
          "line": 100,
          "column": 39
        }
      },
      "61": {
        "start": {
          "line": 102,
          "column": 0
        },
        "end": {
          "line": 111,
          "column": 1
        }
      },
      "62": {
        "start": {
          "line": 103,
          "column": 2
        },
        "end": {
          "line": 110,
          "column": 5
        }
      },
      "63": {
        "start": {
          "line": 104,
          "column": 4
        },
        "end": {
          "line": 104,
          "column": 140
        }
      },
      "64": {
        "start": {
          "line": 105,
          "column": 4
        },
        "end": {
          "line": 109,
          "column": 7
        }
      },
      "65": {
        "start": {
          "line": 106,
          "column": 6
        },
        "end": {
          "line": 106,
          "column": 31
        }
      },
      "66": {
        "start": {
          "line": 106,
          "column": 24
        },
        "end": {
          "line": 106,
          "column": 31
        }
      },
      "67": {
        "start": {
          "line": 107,
          "column": 32
        },
        "end": {
          "line": 107,
          "column": 189
        }
      },
      "68": {
        "start": {
          "line": 108,
          "column": 6
        },
        "end": {
          "line": 108,
          "column": 75
        }
      },
      "69": {
        "start": {
          "line": 108,
          "column": 29
        },
        "end": {
          "line": 108,
          "column": 75
        }
      }
    },
    "fnMap": {
      "0": {
        "name": "(anonymous_0)",
        "decl": {
          "start": {
            "line": 23,
            "column": 28
          },
          "end": {
            "line": 23,
            "column": 29
          }
        },
        "loc": {
          "start": {
            "line": 23,
            "column": 46
          },
          "end": {
            "line": 93,
            "column": 1
          }
        },
        "line": 23
      },
      "1": {
        "name": "(anonymous_1)",
        "decl": {
          "start": {
            "line": 27,
            "column": 12
          },
          "end": {
            "line": 27,
            "column": 13
          }
        },
        "loc": {
          "start": {
            "line": 27,
            "column": 18
          },
          "end": {
            "line": 44,
            "column": 3
          }
        },
        "line": 27
      },
      "2": {
        "name": "(anonymous_2)",
        "decl": {
          "start": {
            "line": 28,
            "column": 21
          },
          "end": {
            "line": 28,
            "column": 22
          }
        },
        "loc": {
          "start": {
            "line": 28,
            "column": 33
          },
          "end": {
            "line": 42,
            "column": 5
          }
        },
        "line": 28
      },
      "3": {
        "name": "(anonymous_3)",
        "decl": {
          "start": {
            "line": 45,
            "column": 12
          },
          "end": {
            "line": 45,
            "column": 13
          }
        },
        "loc": {
          "start": {
            "line": 45,
            "column": 18
          },
          "end": {
            "line": 51,
            "column": 3
          }
        },
        "line": 45
      },
      "4": {
        "name": "(anonymous_4)",
        "decl": {
          "start": {
            "line": 52,
            "column": 28
          },
          "end": {
            "line": 52,
            "column": 29
          }
        },
        "loc": {
          "start": {
            "line": 52,
            "column": 55
          },
          "end": {
            "line": 65,
            "column": 3
          }
        },
        "line": 52
      },
      "5": {
        "name": "(anonymous_5)",
        "decl": {
          "start": {
            "line": 66,
            "column": 31
          },
          "end": {
            "line": 66,
            "column": 32
          }
        },
        "loc": {
          "start": {
            "line": 66,
            "column": 51
          },
          "end": {
            "line": 83,
            "column": 3
          }
        },
        "line": 66
      },
      "6": {
        "name": "(anonymous_6)",
        "decl": {
          "start": {
            "line": 84,
            "column": 29
          },
          "end": {
            "line": 84,
            "column": 30
          }
        },
        "loc": {
          "start": {
            "line": 84,
            "column": 35
          },
          "end": {
            "line": 87,
            "column": 3
          }
        },
        "line": 84
      },
      "7": {
        "name": "(anonymous_7)",
        "decl": {
          "start": {
            "line": 103,
            "column": 52
          },
          "end": {
            "line": 103,
            "column": 53
          }
        },
        "loc": {
          "start": {
            "line": 103,
            "column": 72
          },
          "end": {
            "line": 110,
            "column": 3
          }
        },
        "line": 103
      },
      "8": {
        "name": "(anonymous_8)",
        "decl": {
          "start": {
            "line": 105,
            "column": 27
          },
          "end": {
            "line": 105,
            "column": 28
          }
        },
        "loc": {
          "start": {
            "line": 105,
            "column": 44
          },
          "end": {
            "line": 109,
            "column": 5
          }
        },
        "line": 105
      }
    },
    "branchMap": {
      "0": {
        "loc": {
          "start": {
            "line": 3,
            "column": 20
          },
          "end": {
            "line": 3,
            "column": 97
          }
        },
        "type": "binary-expr",
        "locations": [
          {
            "start": {
              "line": 3,
              "column": 20
            },
            "end": {
              "line": 3,
              "column": 60
            }
          },
          {
            "start": {
              "line": 3,
              "column": 64
            },
            "end": {
              "line": 3,
              "column": 97
            }
          }
        ],
        "line": 3
      },
      "1": {
        "loc": {
          "start": {
            "line": 6,
            "column": 0
          },
          "end": {
            "line": 16,
            "column": 1
          }
        },
        "type": "if",
        "locations": [
          {
            "start": {
              "line": 6,
              "column": 0
            },
            "end": {
              "line": 16,
              "column": 1
            }
          },
          {
            "start": {},
            "end": {}
          }
        ],
        "line": 6
      },
      "2": {
        "loc": {
          "start": {
            "line": 6,
            "column": 4
          },
          "end": {
            "line": 6,
            "column": 35
          }
        },
        "type": "binary-expr",
        "locations": [
          {
            "start": {
              "line": 6,
              "column": 4
            },
            "end": {
              "line": 6,
              "column": 19
            }
          },
          {
            "start": {
              "line": 6,
              "column": 23
            },
            "end": {
              "line": 6,
              "column": 35
            }
          }
        ],
        "line": 6
      },
      "3": {
        "loc": {
          "start": {
            "line": 7,
            "column": 2
          },
          "end": {
            "line": 11,
            "column": 3
          }
        },
        "type": "if",
        "locations": [
          {
            "start": {
              "line": 7,
              "column": 2
            },
            "end": {
              "line": 11,
              "column": 3
            }
          },
          {
            "start": {},
            "end": {}
          }
        ],
        "line": 7
      },
      "4": {
        "loc": {
          "start": {
            "line": 31,
            "column": 6
          },
          "end": {
            "line": 40,
            "column": 7
          }
        },
        "type": "if",
        "locations": [
          {
            "start": {
              "line": 31,
              "column": 6
            },
            "end": {
              "line": 40,
              "column": 7
            }
          },
          {
            "start": {},
            "end": {}
          }
        ],
        "line": 31
      },
      "5": {
        "loc": {
          "start": {
            "line": 31,
            "column": 10
          },
          "end": {
            "line": 31,
            "column": 28
          }
        },
        "type": "binary-expr",
        "locations": [
          {
            "start": {
              "line": 31,
              "column": 10
            },
            "end": {
              "line": 31,
              "column": 19
            }
          },
          {
            "start": {
              "line": 31,
              "column": 23
            },
            "end": {
              "line": 31,
              "column": 28
            }
          }
        ],
        "line": 31
      },
      "6": {
        "loc": {
          "start": {
            "line": 46,
            "column": 4
          },
          "end": {
            "line": 50,
            "column": 5
          }
        },
        "type": "if",
        "locations": [
          {
            "start": {
              "line": 46,
              "column": 4
            },
            "end": {
              "line": 50,
              "column": 5
            }
          },
          {
            "start": {
              "line": 48,
              "column": 11
            },
            "end": {
              "line": 50,
              "column": 5
            }
          }
        ],
        "line": 46
      },
      "7": {
        "loc": {
          "start": {
            "line": 98,
            "column": 0
          },
          "end": {
            "line": 101,
            "column": 1
          }
        },
        "type": "if",
        "locations": [
          {
            "start": {
              "line": 98,
              "column": 0
            },
            "end": {
              "line": 101,
              "column": 1
            }
          },
          {
            "start": {},
            "end": {}
          }
        ],
        "line": 98
      },
      "8": {
        "loc": {
          "start": {
            "line": 98,
            "column": 4
          },
          "end": {
            "line": 98,
            "column": 35
          }
        },
        "type": "binary-expr",
        "locations": [
          {
            "start": {
              "line": 98,
              "column": 4
            },
            "end": {
              "line": 98,
              "column": 19
            }
          },
          {
            "start": {
              "line": 98,
              "column": 23
            },
            "end": {
              "line": 98,
              "column": 35
            }
          }
        ],
        "line": 98
      },
      "9": {
        "loc": {
          "start": {
            "line": 102,
            "column": 0
          },
          "end": {
            "line": 111,
            "column": 1
          }
        },
        "type": "if",
        "locations": [
          {
            "start": {
              "line": 102,
              "column": 0
            },
            "end": {
              "line": 111,
              "column": 1
            }
          },
          {
            "start": {},
            "end": {}
          }
        ],
        "line": 102
      },
      "10": {
        "loc": {
          "start": {
            "line": 102,
            "column": 4
          },
          "end": {
            "line": 102,
            "column": 35
          }
        },
        "type": "binary-expr",
        "locations": [
          {
            "start": {
              "line": 102,
              "column": 4
            },
            "end": {
              "line": 102,
              "column": 19
            }
          },
          {
            "start": {
              "line": 102,
              "column": 23
            },
            "end": {
              "line": 102,
              "column": 35
            }
          }
        ],
        "line": 102
      },
      "11": {
        "loc": {
          "start": {
            "line": 106,
            "column": 6
          },
          "end": {
            "line": 106,
            "column": 31
          }
        },
        "type": "if",
        "locations": [
          {
            "start": {
              "line": 106,
              "column": 6
            },
            "end": {
              "line": 106,
              "column": 31
            }
          },
          {
            "start": {},
            "end": {}
          }
        ],
        "line": 106
      },
      "12": {
        "loc": {
          "start": {
            "line": 108,
            "column": 6
          },
          "end": {
            "line": 108,
            "column": 75
          }
        },
        "type": "if",
        "locations": [
          {
            "start": {
              "line": 108,
              "column": 6
            },
            "end": {
              "line": 108,
              "column": 75
            }
          },
          {
            "start": {},
            "end": {}
          }
        ],
        "line": 108
      }
    },
    "s": {
      "0": 10,
      "1": 10,
      "2": 10,
      "3": 0,
      "4": 10,
      "5": 10,
      "6": 10,
      "7": 10,
      "8": 10,
      "9": 10,
      "10": 10,
      "11": 60,
      "12": 60,
      "13": 60,
      "14": 60,
      "15": 20,
      "16": 20,
      "17": 20,
      "18": 20,
      "19": 3,
      "20": 3,
      "21": 3,
      "22": 0,
      "23": 0,
      "24": 0,
      "25": 20,
      "26": 20,
      "27": 60,
      "28": 27,
      "29": 7,
      "30": 20,
      "31": 60,
      "32": 4,
      "33": 4,
      "34": 4,
      "35": 3,
      "36": 3,
      "37": 3,
      "38": 1,
      "39": 1,
      "40": 4,
      "41": 60,
      "42": 1,
      "43": 1,
      "44": 1,
      "45": 1,
      "46": 1,
      "47": 1,
      "48": 0,
      "49": 0,
      "50": 1,
      "51": 60,
      "52": 0,
      "53": 0,
      "54": 60,
      "55": 10,
      "56": 10,
      "57": 10,
      "58": 10,
      "59": 10,
      "60": 10,
      "61": 10,
      "62": 10,
      "63": 10,
      "64": 10,
      "65": 0,
      "66": 0,
      "67": 0,
      "68": 0,
      "69": 0
    },
    "f": {
      "0": 60,
      "1": 20,
      "2": 20,
      "3": 27,
      "4": 4,
      "5": 1,
      "6": 0,
      "7": 10,
      "8": 0
    },
    "b": {
      "0": [
        10,
        0
      ],
      "1": [
        10,
        0
      ],
      "2": [
        10,
        10
      ],
      "3": [
        0,
        10
      ],
      "4": [
        3,
        17
      ],
      "5": [
        20,
        3
      ],
      "6": [
        7,
        20
      ],
      "7": [
        10,
        0
      ],
      "8": [
        10,
        10
      ],
      "9": [
        10,
        0
      ],
      "10": [
        10,
        10
      ],
      "11": [
        0,
        0
      ],
      "12": [
        0,
        0
      ]
    },
    "inputSourceMap": {
      "version": 3,
      "mappings": "AAqFI;;;;;;;;;;;;;;;;;AArFJ,OAAOA,SAASC,UAAUC,WAAWC,mBAAmB;AACxD,SAASC,eAAe;AACxB,SAASC,cAAcC,UAAUC,aAAaC,gBAAgB;AAC9D,SAASC,qBAAqB;AAEvB,aAAMC,cAAcD,cAAc,IAAI;AAEtC,aAAME,eAAeA,CAAC,EAAEC,SAAS,MAAM;AAAAC,KAAA;AAC5C,QAAM,CAACC,MAAMC,OAAO,IAAId,SAAS,IAAI;AACrC,QAAM,CAACe,WAAWC,YAAY,IAAIhB,SAAS,IAAI;AAE/CC,YAAU,MAAM;AACd,UAAMgB,WAAW,YAAY;AAC3B,YAAMC,YAAYC,aAAaC,QAAQhB,aAAaiB,IAAI;AACxD,YAAMC,QAAQf,SAAS;AAEvB,UAAIW,aAAaI,OAAO;AACtB,YAAI;AACF,gBAAMC,WAAWC,KAAKC,MAAMP,SAAS;AACrCJ,kBAAQS,QAAQ;AAAA,QAClB,SAASG,OAAO;AACdC,kBAAQD,MAAM,2BAA2BA,KAAK;AAC9CP,uBAAaS,WAAWxB,aAAaiB,IAAI;AACzCf,sBAAY;AAAA,QACd;AAAA,MACF;AAEAU,mBAAa,KAAK;AAAA,IACpB;AAEAC,aAAS;AAAA,EACX,GAAG,EAAE;AAELhB,YAAU,MAAM;AACd,QAAIY,MAAM;AACRM,mBAAaU,QAAQzB,aAAaiB,MAAMG,KAAKM,UAAUjB,IAAI,CAAC;AAAA,IAC9D,OAAO;AACLM,mBAAaS,WAAWxB,aAAaiB,IAAI;AAAA,IAC3C;AAAA,EACF,GAAG,CAACR,IAAI,CAAC;AAET,QAAMkB,QAAQ7B,YAAY,OAAO8B,OAAOC,aAAa;AACnDjB,iBAAa,IAAI;AACjB,QAAI;AACF,YAAMkB,WAAW,MAAM/B,QAAQ4B,MAAMC,OAAOC,QAAQ;AAEpD5B,eAAS6B,SAASZ,KAAK;AACvBR,cAAQoB,SAASrB,IAAI;AAErB,aAAOqB,SAASrB;AAAAA,IAClB,SAASa,OAAO;AACdC,cAAQD,MAAM,mBAAmBA,KAAK;AACtC,YAAMA;AAAAA,IACR,UAAC;AACCV,mBAAa,KAAK;AAAA,IACpB;AAAA,EACF,GAAG,EAAE;AAEL,QAAMmB,WAAWjC,YAAY,OAAOqB,aAAa;AAC/CP,iBAAa,IAAI;AACjB,QAAI;AACF,YAAMkB,WAAW,MAAM/B,QAAQgC;AAAAA,QAC7BZ,SAASa;AAAAA,QACTb,SAASS;AAAAA,QACTT,SAASU;AAAAA,MACX;AAEA5B,eAAS6B,SAASZ,KAAK;AACvBR,cAAQoB,SAASrB,IAAI;AAErB,aAAOqB,SAASrB;AAAAA,IAClB,SAASa,OAAO;AACdC,cAAQD,MAAM,uBAAuBA,KAAK;AAC1C,YAAMA;AAAAA,IACR,UAAC;AACCV,mBAAa,KAAK;AAAA,IACpB;AAAA,EACF,GAAG,EAAE;AAEL,QAAMqB,SAASnC,YAAY,MAAM;AAC/BY,YAAQ,IAAI;AACZR,gBAAY;AAAA,EACd,GAAG,EAAE;AAEL,SACE,uBAAC,YAAY,UAAZ,EAAqB,OAAO,EAAEO,MAAME,WAAWgB,OAAOI,UAAUE,QAAQC,iBAAiB,CAAC,CAACzB,KAAK,GAC9FF,YADH;AAAA;AAAA;AAAA;AAAA,SAEA;AAEJ;AAAEC,GAlFWF,cAAY;AAAA,KAAZA;AAAY,IAAA6B;AAAA,aAAAA,IAAA",
      "names": [
        "React",
        "useState",
        "useEffect",
        "useCallback",
        "authAPI",
        "STORAGE_KEYS",
        "setToken",
        "removeToken",
        "getToken",
        "createContext",
        "AuthContext",
        "AuthProvider",
        "children",
        "_s",
        "user",
        "setUser",
        "isLoading",
        "setIsLoading",
        "initAuth",
        "savedUser",
        "localStorage",
        "getItem",
        "USER",
        "token",
        "userData",
        "JSON",
        "parse",
        "error",
        "console",
        "removeItem",
        "setItem",
        "stringify",
        "login",
        "email",
        "password",
        "response",
        "register",
        "username",
        "logout",
        "isAuthenticated",
        "_c"
      ],
      "ignoreList": [],
      "sources": [
        "C:/Users/admin/Desktop/NextGame/next-game/src/contexts/AuthContext.jsx"
      ],
      "file": "C:/Users/admin/Desktop/NextGame/next-game/src/contexts/AuthContext.jsx"
    },
    "_coverageSchema": "1a1c01bbd47fc00a2c39e90264f33305004495a9",
    "hash": "7d8bdfddce6788b888b74a65fa559c48c4723556"
  },
  "C:/Users/admin/Desktop/NextGame/next-game/src/hooks/useAuth.js": {
    "path": "C:/Users/admin/Desktop/NextGame/next-game/src/hooks/useAuth.js",
    "statementMap": {
      "0": {
        "start": {
          "line": 4,
          "column": 23
        },
        "end": {
          "line": 6,
          "column": 1
        }
      },
      "1": {
        "start": {
          "line": 5,
          "column": 4
        },
[...]
,SAAI,WAAWT,OAAOS,SACnB,iCAAC,OAAE,oCAAH;AAAA;AAAA;AAAA;AAAA,aAAuB,KAD3B;AAAA;AAAA;AAAA;AAAA,aAEA,IACAF,UAAU+C,SAAS,IACnB,uBAAC,SAAI,WAAWtD,OAAO2D,eAClBpD,oBAAU4B;AAAAA,QAAI,CAAAN,SACX,uBAAC,SAAkB,WAAW7B,OAAO4D,cACjC;AAAA;AAAA,YAAC;AAAA;AAAA,cACG,KAAK/B,KAAKgC,SAAS;AAAA,cACnB,KAAKhC,KAAKiC;AAAAA,cACV,SAAS,CAACC,MAAM;AACZA,kBAAEC,OAAOC,UAAU;AACnBF,kBAAEC,OAAOE,MAAM;AAAA,cACnB;AAAA;AAAA,YANJ;AAAA;AAAA;AAAA;AAAA;AAAA;AAAA;AAAA;AAAA,UAMM;AAAA,UAEN,uBAAC,SAAI,WAAWlE,OAAOmE,cACnB;AAAA,mCAAC,QAAItC,eAAKiC,QAAQ,kBAAlB;AAAA;AAAA;AAAA;AAAA,mBAAiC;AAAA,YACjC,uBAAC,OAAE,WAAW9D,OAAOoE,WAAYvC,eAAKwC,SAAS,mBAA/C;AAAA;AAAA;AAAA;AAAA,mBAA+D;AAAA,YAC/D,uBAAC,OAAE,WAAWrE,OAAOsE,eACfzC;AAAAA,mBAAK0C,aAAa1C,KAAK0C,UAAUjB,SAAS,IACtCzB,KAAK0C,UAAUC,KAAK,IAAI,IACxB;AAAA,cACL3C,KAAK4C,SAAS5C,KAAK4C,MAAMnB,SAAS,KAAK,MAAMzB,KAAK4C,MAAMD,KAAK,IAAI,CAAC;AAAA,iBAJvE;AAAA;AAAA;AAAA;AAAA,mBAKA;AAAA,YACA,uBAAC,SAAI,WAAWxE,OAAO0E,aAClB7C;AAAAA,mBAAK8C,YACF;AAAA,gBAAC;AAAA;AAAA,kBACG,MAAM9C,KAAK8C;AAAAA,kBACX,QAAO;AAAA,kBACP,KAAI;AAAA,kBACJ,WAAW3E,OAAO4E;AAAAA,kBAAS;AAAA;AAAA,gBAJ/B;AAAA;AAAA;AAAA;AAAA;AAAA;AAAA;AAAA;AAAA,cAOA;AAAA,cAEH/C,KAAKgD,WACF;AAAA,gBAAC;AAAA;AAAA,kBACG,MAAMhD,KAAKgD;AAAAA,kBACX,QAAO;AAAA,kBACP,KAAI;AAAA,kBACJ,WAAW7E,OAAO4E;AAAAA,kBAEjBvE,YAAE,4BAA4B;AAAA;AAAA,gBANnC;AAAA;AAAA;AAAA;AAAA;AAAA;AAAA;AAAA;AAAA,cAOA;AAAA,cAEJ;AAAA,gBAAC;AAAA;AAAA,kBACG,SAAS,MAAMmB,oBAAoBK,KAAKb,EAAE;AAAA,kBAC1C,WAAWhB,OAAO8E;AAAAA,kBAAa;AAAA;AAAA,oBAE1BzE,EAAE,kBAAkB;AAAA;AAAA;AAAA,gBAJ7B;AAAA;AAAA;AAAA;AAAA;AAAA;AAAA;AAAA;AAAA,cAKA;AAAA,iBA1BJ;AAAA;AAAA;AAAA;AAAA,mBA2BA;AAAA,eApCJ;AAAA;AAAA;AAAA;AAAA,iBAqCA;AAAA,aA9CMwB,KAAKb,IAAf;AAAA;AAAA;AAAA;AAAA,eA+CA;AAAA,MACH,KAlDL;AAAA;AAAA;AAAA;AAAA,aAmDA,IAEA,uBAAC,SAAI,WAAWhB,OAAO+E,gBACnB;AAAA,+BAAC,OAAG1E,YAAE,wBAAwB,KAA9B;AAAA;AAAA;AAAA;AAAA,eAAgC;AAAA,QAChC;AAAA,UAAC;AAAA;AAAA,YACG,SAAS,MAAMC,SAAS,aAAa;AAAA,YACrC,WAAWN,OAAOgF;AAAAA,YAEjB3E,YAAE,iBAAiB;AAAA;AAAA,UAJxB;AAAA;AAAA;AAAA;AAAA;AAAA;AAAA;AAAA;AAAA,QAKA;AAAA,WAPJ;AAAA;AAAA;AAAA;AAAA,aAQA;AAAA,SArFR;AAAA;AAAA;AAAA;AAAA,WAuFA;AAAA,OA3HJ;AAAA;AAAA;AAAA;AAAA,SA4HA;AAER;AAAEH,GAxNID,SAAO;AAAA,UACgBJ,SACXE,aACGH,WAAW;AAAA;AAAA,KAH1BK;AA0NN,eAAeA;AAAQ,IAAAgF;AAAA,aAAAA,IAAA",
      "names": [
        "React",
        "useEffect",
        "useState",
        "useNavigate",
        "useAuth",
        "gamesAPI",
        "useLanguage",
        "styles",
        "Profile",
        "_s",
        "user",
        "logout",
        "t",
        "navigate",
        "favorites",
        "setFavorites",
        "loading",
        "setLoading",
        "error",
        "setError",
        "loadFavorites",
        "data",
        "getFavorites",
        "id",
        "console",
        "log",
        "Array",
        "isArray",
        "err",
        "message",
        "handleLogout",
        "removeFromFavorites",
        "gameId",
        "unlike",
        "newFavorites",
        "filter",
        "game",
        "alert",
        "clearAllFavorites",
        "window",
        "confirm",
        "deletePromises",
        "map",
        "Promise",
        "all",
        "reloadErr",
        "profileContainer",
        "profileHeader",
        "logoutButton",
        "profileCard",
        "userInfo",
        "avatar",
        "username",
        "charAt",
        "toUpperCase",
        "userDetails",
        "email",
        "role",
        "stats",
        "stat",
        "statNumber",
        "length",
        "statLabel",
        "favoritesSection",
        "favoritesHeader",
        "clearButton",
        "favoritesList",
        "favoriteCard",
        "image",
        "name",
        "e",
        "target",
        "onerror",
        "src",
        "favoriteInfo",
        "gameGenre",
        "genre",
        "gamePlatforms",
        "platforms",
        "join",
        "modes",
        "gameActions",
        "steamUrl",
        "gameLink",
        "epicUrl",
        "removeButton",
        "emptyFavorites",
        "exploreButton",
        "_c"
      ],
      "ignoreList": [],
      "sources": [
        "C:/Users/admin/Desktop/NextGame/next-game/src/pages/Profile/Profile.jsx"
      ],
      "file": "C:/Users/admin/Desktop/NextGame/next-game/src/pages/Profile/Profile.jsx"
    },
    "_coverageSchema": "1a1c01bbd47fc00a2c39e90264f33305004495a9",
    "hash": "cd3af0ba7573caa14e8bc0d6ba452174ae802eba"
  },
  "C:/Users/admin/Desktop/NextGame/next-game/src/App.jsx": {
    "path": "C:/Users/admin/Desktop/NextGame/next-game/src/App.jsx",
    "statementMap": {
      "0": {
        "start": {
          "line": 3,
          "column": 20
        },
        "end": {
          "line": 3,
          "column": 97
        }
      },
      "1": {
        "start": {
          "line": 6,
          "column": 0
        },
        "end": {
          "line": 16,
          "column": 1
        }
      },
      "2": {
        "start": {
          "line": 7,
          "column": 2
        },
        "end": {
          "line": 11,
          "column": 3
        }
      },
      "3": {
        "start": {
          "line": 8,
          "column": 4
        },
        "end": {
          "line": 10,
          "column": 6
        }
      },
      "4": {
        "start": {
          "line": 12,
          "column": 2
        },
        "end": {
          "line": 12,
          "column": 39
        }
      },
      "5": {
        "start": {
          "line": 13,
          "column": 2
        },
        "end": {
          "line": 13,
          "column": 39
        }
      },
      "6": {
        "start": {
          "line": 14,
          "column": 2
        },
        "end": {
          "line": 14,
          "column": 110
        }
      },
      "7": {
        "start": {
          "line": 15,
          "column": 2
        },
        "end": {
          "line": 15,
          "column": 75
        }
      },
      "8": {
        "start": {
          "line": 27,
          "column": 2
        },
        "end": {
          "line": 94,
          "column": 11
        }
      },
      "9": {
        "start": {
          "line": 96,
          "column": 0
        },
        "end": {
          "line": 96,
          "column": 9
        }
      },
      "10": {
        "start": {
          "line": 99,
          "column": 0
        },
        "end": {
          "line": 99,
          "column": 24
        }
      },
      "11": {
        "start": {
          "line": 100,
          "column": 0
        },
        "end": {
          "line": 103,
          "column": 1
        }
      },
      "12": {
        "start": {
          "line": 101,
          "column": 2
        },
        "end": {
          "line": 101,
          "column": 39
        }
      },
      "13": {
        "start": {
          "line": 102,
          "column": 2
        },
        "end": {
          "line": 102,
          "column": 39
        }
      },
      "14": {
        "start": {
          "line": 104,
          "column": 0
        },
        "end": {
          "line": 113,
          "column": 1
        }
      },
      "15": {
        "start": {
          "line": 105,
          "column": 2
        },
        "end": {
          "line": 112,
          "column": 5
        }
      },
      "16": {
        "start": {
          "line": 106,
          "column": 4
        },
        "end": {
          "line": 106,
          "column": 123
        }
      },
      "17": {
        "start": {
          "line": 107,
          "column": 4
        },
        "end": {
          "line": 111,
          "column": 7
        }
      },
      "18": {
        "start": {
          "line": 108,
          "column": 6
        },
        "end": {
          "line": 108,
          "column": 31
        }
      },
      "19": {
        "start": {
          "line": 108,
          "column": 24
        },
        "end": {
          "line": 108,
          "column": 31
        }
      },
      "20": {
        "start": {
          "line": 109,
          "column": 32
        },
        "end": {
          "line": 109,
          "column": 172
        }
      },
      "21": {
        "start": {
          "line": 110,
          "column": 6
        },
        "end": {
          "line": 110,
          "column": 75
        }
      },
      "22": {
        "start": {
          "line": 110,
          "column": 29
        },
        "end": {
          "line": 110,
          "column": 75
        }
      }
    },
    "fnMap": {
      "0": {
        "name": "App",
        "decl": {
          "start": {
            "line": 26,
            "column": 9
          },
          "end": {
            "line": 26,
            "column": 12
          }
        },
        "loc": {
          "start": {
            "line": 26,
            "column": 15
          },
          "end": {
            "line": 95,
            "column": 1
          }
        },
        "line": 26
      },
      "1": {
        "name": "(anonymous_1)",
        "decl": {
          "start": {
            "line": 105,
            "column": 52
          },
          "end": {
            "line": 105,
            "column": 53
          }
        },
        "loc": {
          "start": {
            "line": 105,
            "column": 72
          },
          "end": {
            "line": 112,
            "column": 3
          }
        },
        "line": 105
      },
      "2": {
        "name": "(anonymous_2)",
        "decl": {
          "start": {
            "line": 107,
            "column": 27
          },
          "end": {
            "line": 107,
            "column": 28
          }
        },
        "loc": {
          "start": {
            "line": 107,
            "column": 44
          },
          "end": {
            "line": 111,
            "column": 5
          }
        },
        "line": 107
      }
    },
    "branchMap": {
      "0": {
        "loc": {
          "start": {
            "line": 3,
            "column": 20
          },
          "end": {
            "line": 3,
            "column": 97
          }
        },
        "type": "binary-expr",
        "locations": [
          {
            "start": {
              "line": 3,
              "column": 20
            },
            "end": {
              "line": 3,
              "column": 60
            }
          },
          {
            "start": {
              "line": 3,
              "column": 64
            },
            "end": {
              "line": 3,
              "column": 97
            }
          }
        ],
        "line": 3
      },
      "1": {
        "loc": {
          "start": {
            "line": 6,
            "column": 0
          },
          "end": {
            "line": 16,
            "column": 1
          }
        },
        "type": "if",
        "locations": [
          {
            "start": {
              "line": 6,
              "column": 0
            },
            "end": {
              "line": 16,
              "column": 1
            }
          },
          {
            "start": {},
            "end": {}
          }
        ],
        "line": 6
      },
      "2": {
        "loc": {
          "start": {
            "line": 6,
            "column": 4
          },
          "end": {
            "line": 6,
            "column": 35
          }
        },
        "type": "binary-expr",
        "locations": [
          {
            "start": {
              "line": 6,
              "column": 4
            },
            "end": {
              "line": 6,
              "column": 19
            }
          },
          {
            "start": {
              "line": 6,
              "column": 23
            },
            "end": {
              "line": 6,
              "column": 35
            }
          }
        ],
        "line": 6
      },
      "3": {
        "loc": {
          "start": {
            "line": 7,
            "column": 2
          },
          "end": {
            "line": 11,
            "column": 3
          }
        },
        "type": "if",
        "locations": [
          {
            "start": {
              "line": 7,
              "column": 2
            },
            "end": {
              "line": 11,
              "column": 3
            }
          },
          {
            "start": {},
            "end": {}
          }
        ],
        "line": 7
      },
      "4": {
        "loc": {
          "start": {
            "line": 100,
            "column": 0
          },
          "end": {
            "line": 103,
            "column": 1
          }
        },
        "type": "if",
        "locations": [
          {
            "start": {
              "line": 100,
              "column": 0
            },
            "end": {
              "line": 103,
              "column": 1
            }
          },
          {
            "start": {},
            "end": {}
          }
        ],
        "line": 100
      },
      "5": {
        "loc": {
          "start": {
            "line": 100,
            "column": 4
          },
          "end": {
            "line": 100,
            "column": 35
          }
        },
        "type": "binary-expr",
        "locations": [
          {
            "start": {
              "line": 100,
              "column": 4
            },
            "end": {
              "line": 100,
              "column": 19
            }
          },
          {
            "start": {
              "line": 100,
              "column": 23
            },
            "end": {
              "line": 100,
              "column": 35
            }
          }
        ],
        "line": 100
      },
      "6": {
        "loc": {
          "start": {
            "line": 104,
            "column": 0
          },
          "end": {
            "line": 113,
            "column": 1
          }
        },
        "type": "if",
        "locations": [
          {
            "start": {
              "line": 104,
              "column": 0
            },
            "end": {
              "line": 113,
              "column": 1
            }
          },
          {
            "start": {},
            "end": {}
          }
        ],
        "line": 104
      },
      "7": {
        "loc": {
          "start": {
            "line": 104,
            "column": 4
          },
          "end": {
            "line": 104,
            "column": 35
          }
        },
        "type": "binary-expr",
        "locations": [
          {
            "start": {
              "line": 104,
              "column": 4
            },
            "end": {
              "line": 104,
              "column": 19
            }
          },
          {
            "start": {
              "line": 104,
              "column": 23
            },
            "end": {
              "line": 104,
              "column": 35
            }
          }
        ],
        "line": 104
      },
      "8": {
        "loc": {
          "start": {
            "line": 108,
            "column": 6
          },
          "end": {
            "line": 108,
            "column": 31
          }
        },
        "type": "if",
        "locations": [
          {
            "start": {
              "line": 108,
              "column": 6
            },
            "end": {
              "line": 108,
              "column": 31
            }
          },
          {
            "start": {},
            "end": {}
          }
        ],
        "line": 108
      },
      "9": {
        "loc": {
          "start": {
            "line": 110,
            "column": 6
          },
          "end": {
            "line": 110,
            "column": 75
          }
        },
        "type": "if",
        "locations": [
          {
            "start": {
              "line": 110,
              "column": 6
            },
            "end": {
              "line": 110,
              "column": 75
            }
          },
          {
            "start": {},
            "end": {}
          }
        ],
        "line": 110
      }
    },
    "s": {
      "0": 10,
      "1": 10,
      "2": 10,
      "3": 0,
      "4": 10,
      "5": 10,
      "6": 10,
      "7": 10,
      "8": 20,
      "9": 10,
      "10": 10,
      "11": 10,
      "12": 10,
      "13": 10,
      "14": 10,
      "15": 10,
      "16": 10,
      "17": 10,
      "18": 0,
      "19": 0,
      "20": 0,
      "21": 0,
      "22": 0
    },
    "f": {
      "0": 20,
      "1": 10,
      "2": 0
    },
    "b": {
      "0": [
        10,
        0
      ],
      "1": [
        10,
        0
      ],
      "2": [
        10,
        10
      ],
      "3": [
        0,
        10
      ],
      "4": [
        10,
        0
      ],
      "5": [
        10,
        10
      ],
      "6": [
        10,
        0
      ],
      "7": [
        10,
        10
      ],
      "8": [
        0,
        0
      ],
      "9": [
        0,
        0
      ]
    },
    "inputSourceMap": {
      "version": 3,
      "mappings": "AAemC;;;;;;;;;;;;;;;;AAfnC,OAAOA,WAAW;AAClB,SAASC,QAAQC,aAAa;AAC9B,OAAOC,YAAY;AACnB,OAAOC,UAAU;AACjB,OAAOC,gBAAgB;AACvB,OAAOC,WAAW;AAClB,OAAOC,cAAc;AACrB,OAAOC,aAAa;AACpB,OAAOC,YAAY;AAEnB,SAASC,MAAM;AACb,SACE,uBAAC,SAAI,WAAWD,OAAOE,KACrB,iCAAC,UACC,iCAAC,UACC;AAAA,2BAAC,SAAM,MAAK,KAAI,SAAS,uBAAC,UAAD;AAAA;AAAA;AAAA;AAAA,WAAK,KAA9B;AAAA;AAAA;AAAA;AAAA,WAAkC;AAAA,IAClC,uBAAC,SAAM,MAAK,eAAc,SAAS,uBAAC,gBAAD;AAAA;AAAA;AAAA;AAAA,WAAW,KAA9C;AAAA;AAAA;AAAA;AAAA,WAAkD;AAAA,IAClD,uBAAC,SAAM,MAAK,UAAS,SAAS,uBAAC,WAAD;AAAA;AAAA;AAAA;AAAA,WAAM,KAApC;AAAA;AAAA;AAAA;AAAA,WAAwC;AAAA,IACxC,uBAAC,SAAM,MAAK,aAAY,SAAS,uBAAC,cAAD;AAAA;AAAA;AAAA;AAAA,WAAS,KAA1C;AAAA;AAAA;AAAA;AAAA,WAA8C;AAAA,IAC9C,uBAAC,SAAM,MAAK,YAAW,SAAS,uBAAC,aAAD;AAAA;AAAA;AAAA;AAAA,WAAQ,KAAxC;AAAA;AAAA;AAAA;AAAA,WAA4C;AAAA,IAC5C,uBAAC,SAAM,MAAK,KAAI,SAAS,uBAAC,UAAD;AAAA;AAAA;AAAA;AAAA,WAAK,KAA9B;AAAA;AAAA;AAAA;AAAA,WAAkC;AAAA,OANpC;AAAA;AAAA;AAAA;AAAA,SAOA,KARF;AAAA;AAAA;AAAA;AAAA,SASA,KAVF;AAAA;AAAA;AAAA;AAAA,SAWA;AAEJ;AAACC,KAfQF;AAiBT,eAAeA;AAAI,IAAAE;AAAA,aAAAA,IAAA",
      "names": [
        "React",
        "Routes",
        "Route",
        "Layout",
        "Home",
        "Randomizer",
        "Login",
        "Register",
        "Profile",
        "styles",
        "App",
        "app",
        "_c"
      ],
      "ignoreList": [],
      "sources": [
        "C:/Users/admin/Desktop/NextGame/next-game/src/App.jsx"
      ],
      "file": "C:/Users/admin/Desktop/NextGame/next-game/src/App.jsx"
    },
    "_coverageSchema": "1a1c01bbd47fc00a2c39e90264f33305004495a9",
    "hash": "a4e62b1dc5841fbde6118b5458e4363d921e18d5"
  },
  "C:/Users/admin/Desktop/NextGame/next-game/src/main.jsx": {
    "path": "C:/Users/admin/Desktop/NextGame/next-game/src/main.jsx",
    "statementMap": {
      "0": {
        "start": {
          "line": 9,
          "column": 0
        },
        "end": {
          "line": 31,
          "column": 2
        }
      }
    },
    "fnMap": {},
    "branchMap": {},
    "s": {
      "0": 10
    },
    "f": {},
    "b": {},
    "inputSourceMap": {
      "version": 3,
      "mappings": "AAaU;AAbV,OAAOA,WAAW;AAClB,OAAOC,cAAc;AACrB,SAASC,qBAAqB;AAC9B,SAASC,wBAAwB;AACjC,SAASC,oBAAoB;AAC7B,OAAOC,SAAS;AAChB,OAAO;AAEPJ,SAASK,WAAWC,SAASC,eAAe,MAAM,CAAC,EAAEC;AAAAA,EACnD,uBAAC,MAAM,YAAN,EACC,iCAAC,iBACC,iCAAC,oBACC,iCAAC,gBACC,iCAAC,SAAD;AAAA;AAAA;AAAA;AAAA,SAAI,KADN;AAAA;AAAA;AAAA;AAAA,SAEA,KAHF;AAAA;AAAA;AAAA;AAAA,SAIA,KALF;AAAA;AAAA;AAAA;AAAA,SAMA,KAPF;AAAA;AAAA;AAAA;AAAA,SAQA;AACF",
      "names": [
        "React",
        "ReactDOM",
        "BrowserRouter",
        "LanguageProvider",
        "AuthProvider",
        "App",
        "createRoot",
        "document",
        "getElementById",
        "render"
      ],
      "ignoreList": [],
      "sources": [
        "C:/Users/admin/Desktop/NextGame/next-game/src/main.jsx"
      ],
      "file": "C:/Users/admin/Desktop/NextGame/next-game/src/main.jsx"
    },
    "_coverageSchema": "1a1c01bbd47fc00a2c39e90264f33305004495a9",
    "hash": "f7227426a4efb791cf6d06da02803dbbb6585652"
  }
}