<?xml version="1.0" encoding="UTF-8"?>
<coverage generated="1771176796152" clover="3.2.0">
  <project timestamp="1771176796152" name="All files">
    <metrics statements="433" coveredstatements="309" conditionals="210" coveredconditionals="124" methods="100" coveredmethods="73" elements="743" coveredelements="506" complexity="0" loc="433" ncloc="433" packages="12" files="17" classes="17"/>
    <package name="src">
      <metrics statements="4" coveredstatements="4" conditionals="0" coveredconditionals="0" methods="1" coveredmethods="1"/>
      <file name="App.jsx" path="C:/Users/admin/Desktop/NextGame/next-game/src/App.jsx">
        <metrics statements="3" coveredstatements="3" conditionals="0" coveredconditionals="0" methods="1" coveredmethods="1"/>
        <line num="12" count="20" type="stmt"/>
        <line num="26" count="10" type="stmt"/>
        <line num="28" count="10" type="stmt"/>
      </file>
      <file name="main.jsx" path="C:/Users/admin/Desktop/NextGame/next-game/src/main.jsx">
        <metrics statements="1" coveredstatements="1" conditionals="0" coveredconditionals="0" methods="0" coveredmethods="0"/>
        <line num="9" count="10" type="stmt"/>
      </file>
    </package>
    <package name="src.api">
      <metrics statements="57" coveredstatements="47" conditionals="20" coveredconditionals="16" methods="15" coveredmethods="11"/>
      <file name="auth.js" path="C:/Users/admin/Desktop/NextGame/next-game/src/api/auth.js">
        <metrics statements="8" coveredstatements="5" conditionals="0" coveredconditionals="0" methods="3" coveredmethods="2"/>
        <line num="4" count="10" type="stmt"/>
        <line num="6" count="1" type="stmt"/>
        <line num="10" count="1" type="stmt"/>
        <line num="14" count="4" type="stmt"/>
        <line num="18" count="3" type="stmt"/>
        <line num="22" count="0" type="stmt"/>
        <line num="23" count="0" type="stmt"/>
        <line num="25" count="0" type="stmt"/>
      </file>
      <file name="config.js" path="C:/Users/admin/Desktop/NextGame/next-game/src/api/config.js">
        <metrics statements="27" coveredstatements="25" conditionals="8" coveredconditionals="6" methods="6" coveredmethods="5"/>
        <line num="1" count="10" type="stmt"/>
        <line num="4" count="10" type="stmt"/>
        <line num="9" count="10" type="stmt"/>
        <line num="10" count="42" type="stmt"/>
        <line num="13" count="10" type="stmt"/>
        <line num="14" count="4" type="stmt"/>
        <line num="17" count="10" type="stmt"/>
        <line num="18" count="0" type="stmt"/>
        <line num="22" count="10" type="stmt"/>
        <line num="23" count="11" type="stmt"/>
        <line num="24" count="11" type="stmt"/>
        <line num="30" count="10" type="cond" truecount="1" falsecount="0"/>
        <line num="31" count="19" type="stmt"/>
        <line num="33" count="19" type="stmt"/>
        <line num="41" count="19" type="stmt"/>
        <line num="42" count="19" type="stmt"/>
        <line num="43" count="18" type="stmt"/>
        <line num="45" count="18" type="cond" truecount="1" falsecount="0"/>
        <line num="46" count="1" type="cond" truecount="1" falsecount="1"/>
        <line num="49" count="17" type="stmt"/>
        <line num="51" count="1" type="stmt"/>
        <line num="52" count="1" type="stmt"/>
        <line num="56" count="10" type="cond" truecount="1" falsecount="0"/>
        <line num="57" count="11" type="stmt"/>
        <line num="59" count="11" type="cond" truecount="0" falsecount="1"/>
        <line num="60" count="0" type="stmt"/>
        <line num="63" count="11" type="stmt"/>
      </file>
      <file name="games.js" path="C:/Users/admin/Desktop/NextGame/next-game/src/api/games.js">
        <metrics statements="22" coveredstatements="17" conditionals="12" coveredconditionals="10" methods="6" coveredmethods="4"/>
        <line num="4" count="10" type="stmt"/>
        <line num="7" count="0" type="stmt"/>
        <line num="8" count="0" type="stmt"/>
        <line num="13" count="3" type="stmt"/>
        <line num="15" count="3" type="cond" truecount="3" falsecount="0"/>
        <line num="16" count="1" type="stmt"/>
        <line num="18" count="3" type="cond" truecount="3" falsecount="0"/>
        <line num="19" count="1" type="stmt"/>
        <line num="21" count="3" type="cond" truecount="2" falsecount="1"/>
        <line num="22" count="0" type="stmt"/>
        <line num="25" count="3" type="stmt"/>
        <line num="26" count="3" type="cond" truecount="2" falsecount="0"/>
        <line num="28" count="3" type="stmt"/>
        <line num="29" count="3" type="stmt"/>
        <line num="34" count="0" type="stmt"/>
        <line num="38" count="0" type="stmt"/>
        <line num="43" count="2" type="stmt"/>
        <line num="46" count="2" type="stmt"/>
        <line num="51" count="2" type="stmt"/>
        <line num="54" count="2" type="stmt"/>
        <line num="59" count="7" type="stmt"/>
        <line num="60" count="6" type="stmt"/>
      </file>
    </package>
    <package name="src.components.Header">
      <metrics statements="11" coveredstatements="10" conditionals="10" coveredconditionals="10" methods="6" coveredmethods="5"/>
      <file name="Header.jsx" path="C:/Users/admin/Desktop/NextGame/next-game/src/components/Header/Header.jsx">
        <metrics statements="11" coveredstatements="10" conditionals="10" coveredconditionals="10" methods="6" coveredmethods="5"/>
        <line num="8" count="64" type="stmt"/>
        <line num="9" count="64" type="stmt"/>
        <line num="10" count="64" type="stmt"/>
        <line num="12" count="64" type="stmt"/>
        <line num="13" count="0" type="stmt"/>
        <line num="16" count="64" type="stmt"/>
        <line num="28" count="76" type="cond" truecount="2" falsecount="0"/>
        <line num="36" count="76" type="cond" truecount="2" falsecount="0"/>
        <line num="45" count="26" type="cond" truecount="2" falsecount="0"/>
        <line num="85" count="10" type="stmt"/>
        <line num="87" count="10" type="stmt"/>
      </file>
    </package>
    <package name="src.components.LanguageSwitcher">
      <metrics statements="14" coveredstatements="14" conditionals="6" coveredconditionals="6" methods="7" coveredmethods="7"/>
      <file name="LanguageSwitcher.jsx" path="C:/Users/admin/Desktop/NextGame/next-game/src/components/LanguageSwitcher/LanguageSwitcher.jsx">
        <metrics statements="14" coveredstatements="14" conditionals="6" coveredconditionals="6" methods="7" coveredmethods="7"/>
        <line num="5" count="68" type="stmt"/>
        <line num="6" count="68" type="stmt"/>
        <line num="7" count="68" type="stmt"/>
        <line num="9" count="68" type="stmt"/>
        <line num="14" count="72" type="stmt"/>
        <line num="16" count="68" type="stmt"/>
        <line num="17" count="2" type="stmt"/>
        <line num="18" count="2" type="stmt"/>
        <line num="21" count="68" type="stmt"/>
        <line num="25" count="2" type="stmt"/>
        <line num="36" count="8" type="stmt"/>
        <line num="39" count="2" type="stmt"/>
        <line num="49" count="10" type="stmt"/>
        <line num="51" count="10" type="stmt"/>
      </file>
    </package>
    <package name="src.components.Layout">
      <metrics statements="4" coveredstatements="4" conditionals="0" coveredconditionals="0" methods="1" coveredmethods="1"/>
      <file name="Layout.jsx" path="C:/Users/admin/Desktop/NextGame/next-game/src/components/Layout/Layout.jsx">
        <metrics statements="4" coveredstatements="4" conditionals="0" coveredconditionals="0" methods="1" coveredmethods="1"/>
        <line num="5" count="10" type="stmt"/>
        <line num="6" count="20" type="stmt"/>
        <line num="18" count="10" type="stmt"/>
        <line num="20" count="10" type="stmt"/>
      </file>
    </package>
    <package name="src.contexts">
      <metrics statements="66" coveredstatements="58" conditionals="14" coveredconditionals="12" methods="13" coveredmethods="12"/>
      <file name="AuthContext.jsx" path="C:/Users/admin/Desktop/NextGame/next-game/src/contexts/AuthContext.jsx">
        <metrics statements="46" coveredstatements="39" conditionals="5" coveredconditionals="5" methods="7" coveredmethods="6"/>
        <line num="6" count="10" type="stmt"/>
        <line num="8" count="60" type="stmt"/>
        <line num="9" count="60" type="stmt"/>
        <line num="10" count="60" type="stmt"/>
        <line num="12" count="60" type="stmt"/>
        <line num="13" count="20" type="stmt"/>
        <line num="14" count="20" type="stmt"/>
        <line num="15" count="20" type="stmt"/>
        <line num="17" count="20" type="cond" truecount="3" falsecount="0"/>
        <line num="18" count="3" type="stmt"/>
        <line num="19" count="3" type="stmt"/>
        <line num="20" count="3" type="stmt"/>
        <line num="22" count="0" type="stmt"/>
        <line num="23" count="0" type="stmt"/>
        <line num="24" count="0" type="stmt"/>
        <line num="28" count="20" type="stmt"/>
        <line num="31" count="20" type="stmt"/>
        <line num="34" count="60" type="stmt"/>
        <line num="35" count="27" type="cond" truecount="2" falsecount="0"/>
        <line num="36" count="7" type="stmt"/>
        <line num="38" count="20" type="stmt"/>
        <line num="42" count="60" type="stmt"/>
        <line num="43" count="4" type="stmt"/>
        <line num="44" count="4" type="stmt"/>
        <line num="45" count="4" type="stmt"/>
        <line num="47" count="3" type="stmt"/>
        <line num="48" count="3" type="stmt"/>
        <line num="50" count="3" type="stmt"/>
        <line num="52" count="1" type="stmt"/>
        <line num="53" count="1" type="stmt"/>
        <line num="55" count="4" type="stmt"/>
        <line num="59" count="60" type="stmt"/>
        <line num="60" count="1" type="stmt"/>
        <line num="61" count="1" type="stmt"/>
        <line num="62" count="1" type="stmt"/>
        <line num="68" count="1" type="stmt"/>
        <line num="69" count="1" type="stmt"/>
        <line num="71" count="1" type="stmt"/>
        <line num="73" count="0" type="stmt"/>
        <line num="74" count="0" type="stmt"/>
        <line num="76" count="1" type="stmt"/>
        <line num="80" count="60" type="stmt"/>
        <line num="81" count="0" type="stmt"/>
        <line num="82" count="0" type="stmt"/>
        <line num="85" count="60" type="stmt"/>
        <line num="90" count="10" type="stmt"/>
      </file>
      <file name="LanguageContext.jsx" path="C:/Users/admin/Desktop/NextGame/next-game/src/contexts/LanguageContext.jsx">
        <metrics statements="20" coveredstatements="19" conditionals="9" coveredconditionals="7" methods="6" coveredmethods="6"/>
        <line num="3" count="10" type="stmt"/>
        <line num="165" count="10" type="stmt"/>
        <line num="167" count="566" type="stmt"/>
        <line num="169" count="24" type="stmt"/>
        <line num="170" count="24" type="stmt"/>
        <line num="172" count="24" type="stmt"/>
        <line num="173" count="20" type="stmt"/>
        <line num="174" count="20" type="cond" truecount="1" falsecount="2"/>
        <line num="175" count="0" type="stmt"/>
        <line num="179" count="24" type="stmt"/>
        <line num="180" count="2" type="cond" truecount="3" falsecount="0"/>
        <line num="181" count="2" type="stmt"/>
        <line num="182" count="2" type="stmt"/>
        <line num="186" count="24" type="cond" truecount="1" falsecount="0"/>
        <line num="187" count="7264" type="cond" truecount="2" falsecount="0"/>
        <line num="189" count="7264" type="stmt"/>
        <line num="190" count="14" type="stmt"/>
        <line num="193" count="7264" type="stmt"/>
        <line num="196" count="24" type="stmt"/>
        <line num="205" count="10" type="stmt"/>
      </file>
    </package>
    <package name="src.hooks">
      <metrics statements="93" coveredstatements="45" conditionals="19" coveredconditionals="2" methods="16" coveredmethods="8"/>
      <file name="useAuth.js" path="C:/Users/admin/Desktop/NextGame/next-game/src/hooks/useAuth.js">
        <metrics statements="2" coveredstatements="2" conditionals="0" coveredconditionals="0" methods="1" coveredmethods="1"/>
        <line num="4" count="10" type="stmt"/>
        <line num="5" count="484" type="stmt"/>
      </file>
      <file name="useRandomizer.js" path="C:/Users/admin/Desktop/NextGame/next-game/src/hooks/useRandomizer.js">
        <metrics statements="91" coveredstatements="43" conditionals="19" coveredconditionals="2" methods="15" coveredmethods="7"/>
        <line num="4" count="10" type="stmt"/>
        <line num="5" count="38" type="stmt"/>
        <line num="6" count="38" type="stmt"/>
        <line num="7" count="38" type="stmt"/>
        <line num="8" count="38" type="stmt"/>
        <line num="9" count="38" type="stmt"/>
        <line num="11" count="38" type="stmt"/>
        <line num="12" count="8" type="stmt"/>
        <line num="13" count="8" type="cond" truecount="1" falsecount="0"/>
        <line num="14" count="6" type="stmt"/>
        <line num="15" count="6" type="stmt"/>
        <line num="18" count="2" type="stmt"/>
        <line num="19" count="2" type="stmt"/>
        <line num="20" count="2" type="stmt"/>
        <line num="22" count="2" type="cond" truecount="1" falsecount="1"/>
        <line num="23" count="2" type="stmt"/>
        <line num="25" count="0" type="stmt"/>
        <line num="28" count="0" type="stmt"/>
        <line num="29" count="0" type="stmt"/>
        <line num="31" count="2" type="stmt"/>
        <line num="35" count="8" type="stmt"/>
        <line num="38" count="38" type="cond" truecount="0" falsecount="1"/>
        <line num="39" count="3" type="stmt"/>
        <line num="40" count="3" type="stmt"/>
        <line num="42" count="3" type="stmt"/>
        <line num="43" count="3" type="stmt"/>
        <line num="44" count="3" type="stmt"/>
        <line num="45" count="3" type="stmt"/>
        <line num="48" count="0" type="stmt"/>
        <line num="49" count="0" type="cond" truecount="0" falsecount="2"/>
        <line num="50" count="0" type="stmt"/>
        <line num="52" count="3" type="stmt"/>
        <line num="56" count="38" type="stmt"/>
        <line num="57" count="2" type="cond" truecount="0" falsecount="1"/>
        <line num="58" count="2" type="cond" truecount="0" falsecount="1"/>
        <line num="59" count="0" type="stmt"/>
        <line num="62" count="2" type="stmt"/>
        <line num="63" count="2" type="cond" truecount="0" falsecount="1"/>
        <line num="64" count="0" type="stmt"/>
        <line num="67" count="2" type="stmt"/>
        <line num="68" count="2" type="stmt"/>
        <line num="70" count="2" type="stmt"/>
        <line num="71" count="2" type="stmt"/>
        <line num="73" count="2" type="stmt"/>
        <line num="75" count="0" type="stmt"/>
        <line num="77" count="0" type="cond" truecount="0" falsecount="1"/>
        <line num="78" count="0" type="stmt"/>
        <line num="79" count="0" type="cond" truecount="0" falsecount="2"/>
        <line num="80" count="0" type="stmt"/>
        <line num="83" count="0" type="stmt"/>
        <line num="87" count="38" type="stmt"/>
        <line num="88" count="0" type="cond" truecount="0" falsecount="1"/>
        <line num="89" count="0" type="stmt"/>
        <line num="92" count="0" type="stmt"/>
        <line num="93" count="0" type="stmt"/>
        <line num="95" count="0" type="stmt"/>
        <line num="96" count="0" type="stmt"/>
        <line num="98" count="0" type="stmt"/>
        <line num="100" count="0" type="stmt"/>
        <line num="101" count="0" type="stmt"/>
        <line num="105" count="38" type="stmt"/>
        <line num="106" count="24" type="stmt"/>
        <line num="109" count="38" type="stmt"/>
        <line num="110" count="0" type="cond" truecount="0" falsecount="1"/>
        <line num="111" count="0" type="stmt"/>
        <line num="114" count="0" type="stmt"/>
        <line num="115" count="0" type="stmt"/>
        <line num="116" count="0" type="stmt"/>
        <line num="118" count="0" type="stmt"/>
        <line num="120" count="0" type="stmt"/>
        <line num="122" count="0" type="stmt"/>
        <line num="124" count="0" type="stmt"/>
        <line num="125" count="0" type="stmt"/>
        <line num="126" count="0" type="cond" truecount="0" falsecount="2"/>
        <line num="128" count="0" type="stmt"/>
        <line num="131" count="0" type="stmt"/>
        <line num="135" count="38" type="stmt"/>
        <line num="136" count="0" type="stmt"/>
        <line num="137" count="0" type="stmt"/>
        <line num="140" count="38" type="stmt"/>
        <line num="141" count="0" type="cond" truecount="0" falsecount="1"/>
        <line num="142" count="0" type="stmt"/>
        <line num="143" count="0" type="stmt"/>
        <line num="146" count="0" type="stmt"/>
        <line num="147" count="0" type="stmt"/>
        <line num="148" count="0" type="stmt"/>
        <line num="149" count="0" type="cond" truecount="0" falsecount="2"/>
        <line num="151" count="0" type="stmt"/>
        <line num="153" count="0" type="stmt"/>
        <line num="157" count="38" type="stmt"/>
        <line num="170" count="0" type="stmt"/>
      </file>
    </package>
    <package name="src.pages.Home">
      <metrics statements="5" coveredstatements="5" conditionals="0" coveredconditionals="0" methods="2" coveredmethods="2"/>
      <file name="Home.jsx" path="C:/Users/admin/Desktop/NextGame/next-game/src/pages/Home/Home.jsx">
        <metrics statements="5" coveredstatements="5" conditionals="0" coveredconditionals="0" methods="2" coveredmethods="2"/>
        <line num="6" count="14" type="stmt"/>
        <line num="7" count="14" type="stmt"/>
        <line num="9" count="14" type="stmt"/>
        <line num="25" count="10" type="stmt"/>
        <line num="27" count="10" type="stmt"/>
      </file>
    </package>
    <package name="src.pages.Login">
      <metrics statements="30" coveredstatements="27" conditionals="14" coveredconditionals="8" methods="6" coveredmethods="4"/>
      <file name="Login.jsx" path="C:/Users/admin/Desktop/NextGame/next-game/src/pages/Login/Login.jsx">
        <metrics statements="30" coveredstatements="27" conditionals="14" coveredconditionals="8" methods="6" coveredmethods="4"/>
        <line num="7" count="222" type="stmt"/>
        <line num="8" count="222" type="stmt"/>
        <line num="12" count="222" type="stmt"/>
        <line num="13" count="222" type="stmt"/>
        <line num="14" count="222" type="stmt"/>
        <line num="15" count="222" type="stmt"/>
        <line num="17" count="222" type="stmt"/>
        <line num="18" count="222" type="stmt"/>
        <line num="19" count="222" type="stmt"/>
        <line num="21" count="222" type="stmt"/>
        <line num="22" count="95" type="stmt"/>
        <line num="27" count="95" type="cond" truecount="0" falsecount="1"/>
        <line num="30" count="222" type="stmt"/>
        <line num="31" count="0" type="stmt"/>
        <line num="34" count="222" type="stmt"/>
        <line num="35" count="4" type="stmt"/>
        <line num="36" count="4" type="stmt"/>
        <line num="37" count="4" type="stmt"/>
        <line num="39" count="4" type="stmt"/>
        <line num="40" count="4" type="stmt"/>
        <line num="43" count="3" type="cond" truecount="0" falsecount="1"/>
        <line num="44" count="0" type="stmt"/>
        <line num="48" count="3" type="stmt"/>
        <line num="50" count="1" type="stmt"/>
        <line num="54" count="1" type="cond" truecount="1" falsecount="1"/>
        <line num="56" count="4" type="stmt"/>
        <line num="60" count="222" type="stmt"/>
        <line num="141" count="0" type="stmt"/>
        <line num="178" count="10" type="stmt"/>
        <line num="180" count="10" type="stmt"/>
      </file>
    </package>
    <package name="src.pages.Profile">
      <metrics statements="58" coveredstatements="35" conditionals="46" coveredconditionals="28" methods="13" coveredmethods="8"/>
      <file name="Profile.jsx" path="C:/Users/admin/Desktop/NextGame/next-game/src/pages/Profile/Profile.jsx">
        <metrics statements="58" coveredstatements="35" conditionals="46" coveredconditionals="28" methods="13" coveredmethods="8"/>
        <line num="8" count="18" type="stmt"/>
        <line num="9" count="18" type="stmt"/>
        <line num="10" count="18" type="stmt"/>
        <line num="11" count="18" type="stmt"/>
        <line num="12" count="18" type="stmt"/>
        <line num="13" count="18" type="stmt"/>
        <line num="14" count="18" type="stmt"/>
        <line num="16" count="18" type="stmt"/>
        <line num="17" count="7" type="cond" truecount="1" falsecount="0"/>
        <line num="18" count="2" type="stmt"/>
        <line num="19" count="2" type="stmt"/>
        <line num="23" count="5" type="stmt"/>
        <line num="24" count="5" type="stmt"/>
        <line num="25" count="5" type="stmt"/>
        <line num="26" count="5" type="stmt"/>
        <line num="28" count="5" type="stmt"/>
        <line num="29" count="4" type="stmt"/>
        <line num="31" count="4" type="cond" truecount="1" falsecount="1"/>
        <line num="33" count="0" type="stmt"/>
        <line num="34" count="0" type="cond" truecount="0" falsecount="2"/>
        <line num="35" count="0" type="stmt"/>
        <line num="37" count="4" type="stmt"/>
        <line num="41" count="5" type="stmt"/>
        <line num="44" count="18" type="stmt"/>
        <line num="45" count="0" type="stmt"/>
        <line num="46" count="0" type="stmt"/>
        <line num="49" count="18" type="stmt"/>
        <line num="50" count="2" type="stmt"/>
        <line num="52" count="2" type="stmt"/>
        <line num="55" count="2" type="stmt"/>
        <line num="56" count="2" type="stmt"/>
        <line num="58" count="2" type="stmt"/>
        <line num="60" count="0" type="stmt"/>
        <line num="61" count="0" type="cond" truecount="0" falsecount="2"/>
        <line num="65" count="18" type="stmt"/>
        <line num="66" count="0" type="cond" truecount="0" falsecount="1"/>
        <line num="67" count="0" type="stmt"/>
        <line num="70" count="0" type="stmt"/>
        <line num="72" count="0" type="stmt"/>
        <line num="73" count="0" type="stmt"/>
        <line num="76" count="0" type="stmt"/>
        <line num="78" count="0" type="stmt"/>
        <line num="80" count="0" type="stmt"/>
        <line num="81" count="0" type="cond" truecount="0" falsecount="2"/>
        <line num="84" count="0" type="stmt"/>
        <line num="85" count="0" type="stmt"/>
        <line num="86" count="0" type="cond" truecount="0" falsecount="2"/>
        <line num="88" count="0" type="stmt"/>
        <line num="93" count="18" type="cond" truecount="1" falsecount="0"/>
        <line num="94" count="2" type="stmt"/>
        <line num="97" count="16" type="stmt"/>
        <line num="160" count="4" type="stmt"/>
        <line num="165" count="0" type="stmt"/>
        <line num="166" count="0" type="stmt"/>
        <line num="200" count="2" type="stmt"/>
        <line num="214" count="0" type="stmt"/>
        <line num="224" count="10" type="stmt"/>
        <line num="226" count="10" type="stmt"/>
      </file>
    </package>
    <package name="src.pages.Randomizer">
      <metrics statements="46" coveredstatements="30" conditionals="56" coveredconditionals="33" methods="12" coveredmethods="9"/>
      <file name="Randomizer.jsx" path="C:/Users/admin/Desktop/NextGame/next-game/src/pages/Randomizer/Randomizer.jsx">
        <metrics statements="46" coveredstatements="30" conditionals="56" coveredconditionals="33" methods="12" coveredmethods="9"/>
        <line num="8" count="38" type="stmt"/>
        <line num="9" count="38" type="stmt"/>
        <line num="10" count="38" type="stmt"/>
        <line num="18" count="38" type="stmt"/>
        <line num="20" count="38" type="stmt"/>
        <line num="22" count="38" type="stmt"/>
        <line num="27" count="38" type="stmt"/>
        <line num="29" count="38" type="stmt"/>
        <line num="30" count="3" type="stmt"/>
        <line num="31" count="3" type="stmt"/>
        <line num="33" count="0" type="stmt"/>
        <line num="37" count="38" type="stmt"/>
        <line num="38" count="2" type="cond" truecount="0" falsecount="1"/>
        <line num="39" count="0" type="cond" truecount="0" falsecount="1"/>
        <line num="40" count="0" type="stmt"/>
        <line num="42" count="0" type="stmt"/>
        <line num="45" count="2" type="cond" truecount="0" falsecount="1"/>
        <line num="47" count="2" type="stmt"/>
        <line num="48" count="2" type="stmt"/>
        <line num="49" count="2" type="stmt"/>
        <line num="51" count="2" type="cond" truecount="1" falsecount="1"/>
        <line num="52" count="2" type="cond" truecount="1" falsecount="1"/>
        <line num="54" count="0" type="cond" truecount="0" falsecount="2"/>
        <line num="57" count="0" type="stmt"/>
        <line num="59" count="0" type="cond" truecount="0" falsecount="2"/>
        <line num="60" count="0" type="cond" truecount="0" falsecount="2"/>
        <line num="61" count="0" type="cond" truecount="0" falsecount="2"/>
        <line num="62" count="0" type="cond" truecount="0" falsecount="1"/>
        <line num="63" count="0" type="stmt"/>
        <line num="66" count="0" type="cond" truecount="0" falsecount="2"/>
        <line num="69" count="2" type="stmt"/>
        <line num="73" count="38" type="stmt"/>
        <line num="74" count="38" type="stmt"/>
        <line num="75" count="38" type="stmt"/>
        <line num="77" count="38" type="stmt"/>
        <line num="91" count="1" type="stmt"/>
        <line num="96" count="380" type="stmt"/>
        <line num="107" count="1" type="stmt"/>
        <line num="112" count="228" type="stmt"/>
        <line num="123" count="0" type="stmt"/>
        <line num="128" count="152" type="stmt"/>
        <line num="160" count="0" type="stmt"/>
        <line num="161" count="0" type="stmt"/>
        <line num="216" count="0" type="stmt"/>
        <line num="245" count="10" type="stmt"/>
        <line num="247" count="10" type="stmt"/>
      </file>
    </package>
    <package name="src.pages.Register">
      <metrics statements="45" coveredstatements="30" conditionals="25" coveredconditionals="9" methods="8" coveredmethods="5"/>
      <file name="Register.jsx" path="C:/Users/admin/Desktop/NextGame/next-game/src/pages/Register/Register.jsx">
        <metrics statements="45" coveredstatements="30" conditionals="25" coveredconditionals="9" methods="8" coveredmethods="5"/>
        <line num="7" count="142" type="stmt"/>
        <line num="8" count="142" type="stmt"/>
        <line num="14" count="142" type="stmt"/>
        <line num="15" count="142" type="stmt"/>
        <line num="16" count="142" type="stmt"/>
        <line num="17" count="142" type="stmt"/>
        <line num="18" count="142" type="stmt"/>
        <line num="20" count="142" type="stmt"/>
        <line num="21" count="142" type="stmt"/>
        <line num="22" count="142" type="stmt"/>
        <line num="24" count="142" type="stmt"/>
        <line num="25" count="66" type="stmt"/>
        <line num="30" count="66" type="cond" truecount="0" falsecount="1"/>
        <line num="33" count="142" type="stmt"/>
        <line num="34" count="0" type="cond" truecount="0" falsecount="2"/>
        <line num="35" count="0" type="stmt"/>
        <line num="37" count="0" type="stmt"/>
        <line num="41" count="142" type="stmt"/>
        <line num="42" count="1" type="stmt"/>
        <line num="43" count="1" type="stmt"/>
        <line num="46" count="1" type="cond" truecount="0" falsecount="1"/>
        <line num="47" count="0" type="stmt"/>
        <line num="48" count="0" type="stmt"/>
        <line num="51" count="1" type="cond" truecount="0" falsecount="1"/>
        <line num="52" count="0" type="stmt"/>
        <line num="53" count="0" type="stmt"/>
        <line num="56" count="1" type="cond" truecount="0" falsecount="1"/>
        <line num="57" count="0" type="stmt"/>
        <line num="58" count="0" type="stmt"/>
        <line num="61" count="1" type="cond" truecount="0" falsecount="1"/>
        <line num="62" count="0" type="stmt"/>
        <line num="63" count="0" type="stmt"/>
        <line num="66" count="1" type="stmt"/>
        <line num="68" count="1" type="stmt"/>
        <line num="69" count="1" type="stmt"/>
        <line num="76" count="1" type="stmt"/>
        <line num="78" count="0" type="stmt"/>
        <line num="82" count="0" type="cond" truecount="0" falsecount="2"/>
        <line num="84" count="1" type="stmt"/>
        <line num="88" count="142" type="stmt"/>
        <line num="170" count="0" type="stmt"/>
        <line num="197" count="0" type="stmt"/>
        <line num="211" count="1" type="stmt"/>
        <line num="247" count="10" type="stmt"/>
        <line num="249" count="10" type="stmt"/>
      </file>
    </package>
  </project>
</coverage>
