{"total": {"lines":{"total":433,"covered":309,"skipped":0,"pct":71.36},"statements":{"total":474,"covered":342,"skipped":0,"pct":72.15},"functions":{"total":100,"covered":73,"skipped":0,"pct":73},"branches":{"total":210,"covered":124,"skipped":0,"pct":59.04},"branchesTrue":{"total":0,"covered":0,"skipped":0,"pct":100}}
,"C:/Users/admin/Desktop/NextGame/next-game/src/App.jsx": {"lines":{"total":3,"covered":3,"skipped":0,"pct":100},"functions":{"total":1,"covered":1,"skipped":0,"pct":100},"statements":{"total":3,"covered":3,"skipped":0,"pct":100},"branches":{"total":0,"covered":0,"skipped":0,"pct":100}}
,"C:/Users/admin/Desktop/NextGame/next-game/src/main.jsx": {"lines":{"total":1,"covered":1,"skipped":0,"pct":100},"functions":{"total":0,"covered":0,"skipped":0,"pct":100},"statements":{"total":1,"covered":1,"skipped":0,"pct":100},"branches":{"total":0,"covered":0,"skipped":0,"pct":100}}
,"C:/Users/admin/Desktop/NextGame/next-game/src/api/auth.js": {"lines":{"total":8,"covered":5,"skipped":0,"pct":62.5},"functions":{"total":3,"covered":2,"skipped":0,"pct":66.66},"statements":{"total":8,"covered":5,"skipped":0,"pct":62.5},"branches":{"total":0,"covered":0,"skipped":0,"pct":100}}
,"C:/Users/admin/Desktop/NextGame/next-game/src/api/config.js": {"lines":{"total":27,"covered":25,"skipped":0,"pct":92.59},"functions":{"total":6,"covered":5,"skipped":0,"pct":83.33},"statements":{"total":27,"covered":25,"skipped":0,"pct":92.59},"branches":{"total":8,"covered":6,"skipped":0,"pct":75}}
,"C:/Users/admin/Desktop/NextGame/next-game/src/api/games.js": {"lines":{"total":22,"covered":17,"skipped":0,"pct":77.27},"functions":{"total":6,"covered":4,"skipped":0,"pct":66.66},"statements":{"total":22,"covered":17,"skipped":0,"pct":77.27},"branches":{"total":12,"covered":10,"skipped":0,"pct":83.33}}
,"C:/Users/admin/Desktop/NextGame/next-game/src/components/Header/Header.jsx": {"lines":{"total":11,"covered":10,"skipped":0,"pct":90.9},"functions":{"total":6,"covered":5,"skipped":0,"pct":83.33},"statements":{"total":14,"covered":13,"skipped":0,"pct":92.85},"branches":{"total":10,"covered":10,"skipped":0,"pct":100}}
,"C:/Users/admin/Desktop/NextGame/next-game/src/components/LanguageSwitcher/LanguageSwitcher.jsx": {"lines":{"total":14,"covered":14,"skipped":0,"pct":100},"functions":{"total":7,"covered":7,"skipped":0,"pct":100},"statements":{"total":18,"covered":18,"skipped":0,"pct":100},"branches":{"total":6,"covered":6,"skipped":0,"pct":100}}
,"C:/Users/admin/Desktop/NextGame/next-game/src/components/Layout/Layout.jsx": {"lines":{"total":4,"covered":4,"skipped":0,"pct":100},"functions":{"total":1,"covered":1,"skipped":0,"pct":100},"statements":{"total":4,"covered":4,"skipped":0,"pct":100},"branches":{"total":0,"covered":0,"skipped":0,"pct":100}}
,"C:/Users/admin/Desktop/NextGame/next-game/src/contexts/AuthContext.jsx": {"lines":{"total":46,"covered":39,"skipped":0,"pct":84.78},"functions":{"total":7,"covered":6,"skipped":0,"pct":85.71},"statements":{"total":49,"covered":42,"skipped":0,"pct":85.71},"branches":{"total":5,"covered":5,"skipped":0,"pct":100}}
,"C:/Users/admin/Desktop/NextGame/next-game/src/contexts/LanguageContext.jsx": {"lines":{"total":20,"covered":19,"skipped":0,"pct":95},"functions":{"total":6,"covered":6,"skipped":0,"pct":100},"statements":{"total":26,"covered":25,"skipped":0,"pct":96.15},"branches":{"total":9,"covered":7,"skipped":0,"pct":77.77}}
,"C:/Users/admin/Desktop/NextGame/next-game/src/hooks/useAuth.js": {"lines":{"total":2,"covered":2,"skipped":0,"pct":100},"functions":{"total":1,"covered":1,"skipped":0,"pct":100},"statements":{"total":2,"covered":2,"skipped":0,"pct":100},"branches":{"total":0,"covered":0,"skipped":0,"pct":100}}
,"C:/Users/admin/Desktop/NextGame/next-game/src/hooks/useRandomizer.js": {"lines":{"total":91,"covered":43,"skipped":0,"pct":47.25},"functions":{"total":15,"covered":7,"skipped":0,"pct":46.66},"statements":{"total":96,"covered":44,"skipped":0,"pct":45.83},"branches":{"total":19,"covered":2,"skipped":0,"pct":10.52}}
,"C:/Users/admin/Desktop/NextGame/next-game/src/pages/Home/Home.jsx": {"lines":{"total":5,"covered":5,"skipped":0,"pct":100},"functions":{"total":2,"covered":2,"skipped":0,"pct":100},"statements":{"total":8,"covered":8,"skipped":0,"pct":100},"branches":{"total":0,"covered":0,"skipped":0,"pct":100}}
,"C:/Users/admin/Desktop/NextGame/next-game/src/pages/Login/Login.jsx": {"lines":{"total":30,"covered":27,"skipped":0,"pct":90},"functions":{"total":6,"covered":4,"skipped":0,"pct":66.66},"statements":{"total":34,"covered":30,"skipped":0,"pct":88.23},"branches":{"total":14,"covered":8,"skipped":0,"pct":57.14}}
,"C:/Users/admin/Desktop/NextGame/next-game/src/pages/Profile/Profile.jsx": {"lines":{"total":58,"covered":35,"skipped":0,"pct":60.34},"functions":{"total":13,"covered":8,"skipped":0,"pct":61.53},"statements":{"total":63,"covered":39,"skipped":0,"pct":61.9},"branches":{"total":46,"covered":28,"skipped":0,"pct":60.86}}
,"C:/Users/admin/Desktop/NextGame/next-game/src/pages/Randomizer/Randomizer.jsx": {"lines":{"total":46,"covered":30,"skipped":0,"pct":65.21},"functions":{"total":12,"covered":9,"skipped":0,"pct":75},"statements":{"total":50,"covered":33,"skipped":0,"pct":66},"branches":{"total":56,"covered":33,"skipped":0,"pct":58.92}}
,"C:/Users/admin/Desktop/NextGame/next-game/src/pages/Register/Register.jsx": {"lines":{"total":45,"covered":30,"skipped":0,"pct":66.66},"functions":{"total":8,"covered":5,"skipped":0,"pct":62.5},"statements":{"total":49,"covered":33,"skipped":0,"pct":67.34},"branches":{"total":25,"covered":9,"skipped":0,"pct":36}}
}
