{"C:/Users/admin/Desktop/NextGame/next-game/src/App.jsx": {"path":"C:/Users/admin/Desktop/NextGame/next-game/src/App.jsx","statementMap":{"0":{"start":{"line":12,"column":2},"end":{"line":24,"column":null}},"1":{"start":{"line":26,"column":1},"end":{"line":11,"column":15}},"2":{"start":{"line":28,"column":19},"end":{"line":28,"column":null}}},"fnMap":{"0":{"name":"App","decl":{"start":{"line":11,"column":9},"end":{"line":11,"column":15}},"loc":{"start":{"line":11,"column":15},"end":{"line":26,"column":1}}}},"branchMap":{},"s":{"0":20,"1":10,"2":10},"f":{"0":20},"b":{}}
,"C:/Users/admin/Desktop/NextGame/next-game/src/main.jsx": {"path":"C:/Users/admin/Desktop/NextGame/next-game/src/main.jsx","statementMap":{"0":{"start":{"line":9,"column":0},"end":{"line":19,"column":null}}},"fnMap":{},"branchMap":{},"s":{"0":10},"f":{},"b":{}}
,"C:/Users/admin/Desktop/NextGame/next-game/src/api/auth.js": {"path":"C:/Users/admin/Desktop/NextGame/next-game/src/api/auth.js","statementMap":{"0":{"start":{"line":4,"column":23},"end":{"line":28,"column":1}},"1":{"start":{"line":6,"column":21},"end":{"line":9,"column":10}},"2":{"start":{"line":10,"column":8},"end":{"line":10,"column":20}},"3":{"start":{"line":14,"column":21},"end":{"line":17,"column":10}},"4":{"start":{"line":18,"column":8},"end":{"line":18,"column":20}},"5":{"start":{"line":22,"column":8},"end":{"line":26,"column":9}},"6":{"start":{"line":23,"column":12},"end":{"line":23,"column":24}},"7":{"start":{"line":25,"column":12},"end":{"line":25,"column":25}}},"fnMap":{"0":{"name":"(anonymous_0)","decl":{"start":{"line":5,"column":14},"end":{"line":5,"column":19}},"loc":{"start":{"line":5,"column":51},"end":{"line":11,"column":5}}},"1":{"name":"(anonymous_1)","decl":{"start":{"line":13,"column":11},"end":{"line":13,"column":16}},"loc":{"start":{"line":13,"column":38},"end":{"line":19,"column":5}}},"2":{"name":"(anonymous_2)","decl":{"start":{"line":21,"column":17},"end":{"line":21,"column":22}},"loc":{"start":{"line":21,"column":29},"end":{"line":27,"column":5}}}},"branchMap":{},"s":{"0":10,"1":1,"2":1,"3":4,"4":3,"5":0,"6":0,"7":0},"f":{"0":1,"1":4,"2":0},"b":{}}
,"C:/Users/admin/Desktop/NextGame/next-game/src/api/config.js": {"path":"C:/Users/admin/Desktop/NextGame/next-game/src/api/config.js","statementMap":{"0":{"start":{"line":1,"column":28},"end":{"line":1,"column":55}},"1":{"start":{"line":4,"column":28},"end":{"line":7,"column":1}},"2":{"start":{"line":9,"column":24},"end":{"line":11,"column":1}},"3":{"start":{"line":10,"column":4},"end":{"line":10,"column":52}},"4":{"start":{"line":13,"column":24},"end":{"line":15,"column":1}},"5":{"start":{"line":14,"column":4},"end":{"line":14,"column":52}},"6":{"start":{"line":17,"column":27},"end":{"line":19,"column":1}},"7":{"start":{"line":18,"column":4},"end":{"line":18,"column":48}},"8":{"start":{"line":22,"column":30},"end":{"line":28,"column":1}},"9":{"start":{"line":23,"column":18},"end":{"line":23,"column":28}},"10":{"start":{"line":24,"column":4},"end":{"line":27,"column":6}},"11":{"start":{"line":30,"column":26},"end":{"line":54,"column":1}},"12":{"start":{"line":31,"column":16},"end":{"line":31,"column":44}},"13":{"start":{"line":33,"column":19},"end":{"line":39,"column":5}},"14":{"start":{"line":41,"column":4},"end":{"line":53,"column":5}},"15":{"start":{"line":42,"column":25},"end":{"line":42,"column":49}},"16":{"start":{"line":43,"column":21},"end":{"line":43,"column":42}},"17":{"start":{"line":45,"column":8},"end":{"line":47,"column":9}},"18":{"start":{"line":46,"column":12},"end":{"line":46,"column":63}},"19":{"start":{"line":49,"column":8},"end":{"line":49,"column":20}},"20":{"start":{"line":51,"column":8},"end":{"line":51,"column":43}},"21":{"start":{"line":52,"column":8},"end":{"line":52,"column":20}},"22":{"start":{"line":56,"column":34},"end":{"line":70,"column":1}},"23":{"start":{"line":57,"column":18},"end":{"line":57,"column":28}},"24":{"start":{"line":59,"column":4},"end":{"line":61,"column":5}},"25":{"start":{"line":60,"column":8},"end":{"line":60,"column":49}},"26":{"start":{"line":63,"column":4},"end":{"line":69,"column":7}}},"fnMap":{"0":{"name":"(anonymous_0)","decl":{"start":{"line":9,"column":24},"end":{"line":9,"column":25}},"loc":{"start":{"line":9,"column":30},"end":{"line":11,"column":1}}},"1":{"name":"(anonymous_1)","decl":{"start":{"line":13,"column":24},"end":{"line":13,"column":25}},"loc":{"start":{"line":13,"column":35},"end":{"line":15,"column":1}}},"2":{"name":"(anonymous_2)","decl":{"start":{"line":17,"column":27},"end":{"line":17,"column":28}},"loc":{"start":{"line":17,"column":33},"end":{"line":19,"column":1}}},"3":{"name":"(anonymous_3)","decl":{"start":{"line":22,"column":30},"end":{"line":22,"column":31}},"loc":{"start":{"line":22,"column":36},"end":{"line":28,"column":1}}},"4":{"name":"(anonymous_4)","decl":{"start":{"line":30,"column":26},"end":{"line":30,"column":31}},"loc":{"start":{"line":30,"column":60},"end":{"line":54,"column":1}}},"5":{"name":"(anonymous_5)","decl":{"start":{"line":56,"column":34},"end":{"line":56,"column":39}},"loc":{"start":{"line":56,"column":68},"end":{"line":70,"column":1}}}},"branchMap":{"0":{"loc":{"start":{"line":26,"column":12},"end":{"line":26,"column":59}},"type":"binary-expr","locations":[{"start":{"line":26,"column":12},"end":{"line":26,"column":17}},{"start":{"line":26,"column":21},"end":{"line":26,"column":59}}]},"1":{"loc":{"start":{"line":30,"column":43},"end":{"line":30,"column":55}},"type":"default-arg","locations":[{"start":{"line":30,"column":53},"end":{"line":30,"column":55}}]},"2":{"loc":{"start":{"line":45,"column":8},"end":{"line":47,"column":9}},"type":"if","locations":[{"start":{"line":45,"column":8},"end":{"line":47,"column":9}}]},"3":{"loc":{"start":{"line":46,"column":28},"end":{"line":46,"column":61}},"type":"binary-expr","locations":[{"start":{"line":46,"column":28},"end":{"line":46,"column":38}},{"start":{"line":46,"column":42},"end":{"line":46,"column":61}}]},"4":{"loc":{"start":{"line":56,"column":51},"end":{"line":56,"column":63}},"type":"default-arg","locations":[{"start":{"line":56,"column":61},"end":{"line":56,"column":63}}]},"5":{"loc":{"start":{"line":59,"column":4},"end":{"line":61,"column":5}},"type":"if","locations":[{"start":{"line":59,"column":4},"end":{"line":61,"column":5}}]}},"s":{"0":10,"1":10,"2":10,"3":42,"4":10,"5":4,"6":10,"7":0,"8":10,"9":11,"10":11,"11":10,"12":19,"13":19,"14":19,"15":19,"16":18,"17":18,"18":1,"19":17,"20":1,"21":1,"22":10,"23":11,"24":11,"25":0,"26":11},"f":{"0":42,"1":4,"2":0,"3":11,"4":19,"5":11},"b":{"0":[11,11],"1":[3],"2":[1],"3":[1,0],"4":[7],"5":[0]}}
,"C:/Users/admin/Desktop/NextGame/next-game/src/api/games.js": {"path":"C:/Users/admin/Desktop/NextGame/next-game/src/api/games.js","statementMap":{"0":{"start":{"line":4,"column":24},"end":{"line":62,"column":1}},"1":{"start":{"line":7,"column":21},"end":{"line":7,"column":47}},"2":{"start":{"line":8,"column":8},"end":{"line":8,"column":20}},"3":{"start":{"line":13,"column":23},"end":{"line":13,"column":44}},"4":{"start":{"line":15,"column":8},"end":{"line":17,"column":9}},"5":{"start":{"line":16,"column":12},"end":{"line":16,"column":50}},"6":{"start":{"line":18,"column":8},"end":{"line":20,"column":9}},"7":{"start":{"line":19,"column":12},"end":{"line":19,"column":56}},"8":{"start":{"line":21,"column":8},"end":{"line":23,"column":9}},"9":{"start":{"line":22,"column":12},"end":{"line":22,"column":48}},"10":{"start":{"line":25,"column":28},"end":{"line":25,"column":45}},"11":{"start":{"line":26,"column":25},"end":{"line":26,"column":73}},"12":{"start":{"line":28,"column":21},"end":{"line":28,"column":47}},"13":{"start":{"line":29,"column":8},"end":{"line":29,"column":20}},"14":{"start":{"line":34,"column":21},"end":{"line":37,"column":10}},"15":{"start":{"line":38,"column":8},"end":{"line":38,"column":20}},"16":{"start":{"line":43,"column":21},"end":{"line":45,"column":10}},"17":{"start":{"line":46,"column":8},"end":{"line":46,"column":20}},"18":{"start":{"line":51,"column":21},"end":{"line":53,"column":10}},"19":{"start":{"line":54,"column":8},"end":{"line":54,"column":20}},"20":{"start":{"line":59,"column":21},"end":{"line":59,"column":75}},"21":{"start":{"line":60,"column":8},"end":{"line":60,"column":20}}},"fnMap":{"0":{"name":"(anonymous_0)","decl":{"start":{"line":6,"column":12},"end":{"line":6,"column":17}},"loc":{"start":{"line":6,"column":24},"end":{"line":9,"column":5}}},"1":{"name":"(anonymous_1)","decl":{"start":{"line":12,"column":15},"end":{"line":12,"column":20}},"loc":{"start":{"line":12,"column":39},"end":{"line":30,"column":5}}},"2":{"name":"(anonymous_2)","decl":{"start":{"line":33,"column":9},"end":{"line":33,"column":14}},"loc":{"start":{"line":33,"column":29},"end":{"line":39,"column":5}}},"3":{"name":"(anonymous_3)","decl":{"start":{"line":42,"column":10},"end":{"line":42,"column":15}},"loc":{"start":{"line":42,"column":28},"end":{"line":47,"column":5}}},"4":{"name":"(anonymous_4)","decl":{"start":{"line":50,"column":12},"end":{"line":50,"column":17}},"loc":{"start":{"line":50,"column":30},"end":{"line":55,"column":5}}},"5":{"name":"(anonymous_5)","decl":{"start":{"line":58,"column":18},"end":{"line":58,"column":23}},"loc":{"start":{"line":58,"column":36},"end":{"line":61,"column":5}}}},"branchMap":{"0":{"loc":{"start":{"line":12,"column":22},"end":{"line":12,"column":34}},"type":"default-arg","locations":[{"start":{"line":12,"column":32},"end":{"line":12,"column":34}}]},"1":{"loc":{"start":{"line":15,"column":8},"end":{"line":17,"column":9}},"type":"if","locations":[{"start":{"line":15,"column":8},"end":{"line":17,"column":9}}]},"2":{"loc":{"start":{"line":15,"column":12},"end":{"line":15,"column":52}},"type":"binary-expr","locations":[{"start":{"line":15,"column":12},"end":{"line":15,"column":25}},{"start":{"line":15,"column":29},"end":{"line":15,"column":52}}]},"3":{"loc":{"start":{"line":18,"column":8},"end":{"line":20,"column":9}},"type":"if","locations":[{"start":{"line":18,"column":8},"end":{"line":20,"column":9}}]},"4":{"loc":{"start":{"line":18,"column":12},"end":{"line":18,"column":58}},"type":"binary-expr","locations":[{"start":{"line":18,"column":12},"end":{"line":18,"column":28}},{"start":{"line":18,"column":32},"end":{"line":18,"column":58}}]},"5":{"loc":{"start":{"line":21,"column":8},"end":{"line":23,"column":9}},"type":"if","locations":[{"start":{"line":21,"column":8},"end":{"line":23,"column":9}}]},"6":{"loc":{"start":{"line":21,"column":12},"end":{"line":21,"column":50}},"type":"binary-expr","locations":[{"start":{"line":21,"column":12},"end":{"line":21,"column":24}},{"start":{"line":21,"column":28},"end":{"line":21,"column":50}}]},"7":{"loc":{"start":{"line":26,"column":35},"end":{"line":26,"column":71}},"type":"cond-expr","locations":[{"start":{"line":26,"column":49},"end":{"line":26,"column":66}},{"start":{"line":26,"column":69},"end":{"line":26,"column":71}}]}},"s":{"0":10,"1":0,"2":0,"3":3,"4":3,"5":1,"6":3,"7":1,"8":3,"9":0,"10":3,"11":3,"12":3,"13":3,"14":0,"15":0,"16":2,"17":2,"18":2,"19":2,"20":7,"21":6},"f":{"0":0,"1":3,"2":0,"3":2,"4":2,"5":7},"b":{"0":[0],"1":[1],"2":[3,3],"3":[1],"4":[3,3],"5":[0],"6":[3,3],"7":[1,2]}}
,"C:/Users/admin/Desktop/NextGame/next-game/src/components/Header/Header.jsx": {"path":"C:/Users/admin/Desktop/NextGame/next-game/src/components/Header/Header.jsx","statementMap":{"0":{"start":{"line":8,"column":15},"end":{"line":85,"column":2}},"1":{"start":{"line":8,"column":21},"end":{"line":8,"column":null}},"2":{"start":{"line":9,"column":27},"end":{"line":9,"column":null}},"3":{"start":{"line":10,"column":16},"end":{"line":10,"column":null}},"4":{"start":{"line":12,"column":23},"end":{"line":14,"column":null}},"5":{"start":{"line":13,"column":4},"end":{"line":13,"column":null}},"6":{"start":{"line":16,"column":2},"end":{"line":83,"column":null}},"7":{"start":{"line":28,"column":16},"end":{"line":28,"column":null}},"8":{"start":{"line":36,"column":16},"end":{"line":36,"column":null}},"9":{"start":{"line":45,"column":18},"end":{"line":45,"column":null}},"10":{"start":{"line":85,"column":2},"end":{"line":10,"column":28}},"11":{"start":{"line":8,"column":12},"end":{"line":10,"column":28}},"12":{"start":{"line":10,"column":27},"end":{"line":8,"column":12}},"13":{"start":{"line":87,"column":22},"end":{"line":87,"column":null}}},"fnMap":{"0":{"name":"(anonymous_0)","decl":{"start":{"line":8,"column":15},"end":{"line":8,"column":21}},"loc":{"start":{"line":8,"column":21},"end":{"line":85,"column":2}}},"1":{"name":"(anonymous_1)","decl":{"start":{"line":12,"column":23},"end":{"line":12,"column":29}},"loc":{"start":{"line":12,"column":29},"end":{"line":14,"column":null}}},"2":{"name":"(anonymous_2)","decl":{"start":{"line":27,"column":25},"end":{"line":27,"column":26}},"loc":{"start":{"line":28,"column":16},"end":{"line":28,"column":null}}},"3":{"name":"(anonymous_3)","decl":{"start":{"line":35,"column":25},"end":{"line":35,"column":26}},"loc":{"start":{"line":36,"column":16},"end":{"line":36,"column":null}}},"4":{"name":"(anonymous_4)","decl":{"start":{"line":44,"column":27},"end":{"line":44,"column":28}},"loc":{"start":{"line":45,"column":18},"end":{"line":45,"column":null}}},"5":{"name":"(anonymous_5)","decl":{"start":{"line":8,"column":12},"end":{"line":8,"column":15}},"loc":{"start":{"line":8,"column":12},"end":{"line":10,"column":28}}}},"branchMap":{"0":{"loc":{"start":{"line":28,"column":16},"end":{"line":28,"column":null}},"type":"cond-expr","locations":[{"start":{"line":28,"column":27},"end":{"line":28,"column":63}},{"start":{"line":28,"column":63},"end":{"line":28,"column":null}}]},"1":{"loc":{"start":{"line":36,"column":16},"end":{"line":36,"column":null}},"type":"cond-expr","locations":[{"start":{"line":36,"column":27},"end":{"line":36,"column":63}},{"start":{"line":36,"column":63},"end":{"line":36,"column":null}}]},"2":{"loc":{"start":{"line":41,"column":13},"end":{"line":49,"column":null}},"type":"binary-expr","locations":[{"start":{"line":41,"column":13},"end":{"line":41,"column":null}},{"start":{"line":42,"column":14},"end":{"line":49,"column":null}}]},"3":{"loc":{"start":{"line":45,"column":18},"end":{"line":45,"column":null}},"type":"cond-expr","locations":[{"start":{"line":45,"column":29},"end":{"line":45,"column":65}},{"start":{"line":45,"column":65},"end":{"line":45,"column":null}}]},"4":{"loc":{"start":{"line":57,"column":15},"end":{"line":77,"column":null}},"type":"cond-expr","locations":[{"start":{"line":58,"column":16},"end":{"line":68,"column":null}},{"start":{"line":70,"column":16},"end":{"line":77,"column":null}}]}},"s":{"0":10,"1":64,"2":64,"3":64,"4":64,"5":0,"6":64,"7":76,"8":76,"9":26,"10":10,"11":10,"12":10,"13":10},"f":{"0":64,"1":0,"2":76,"3":76,"4":26,"5":10},"b":{"0":[16,60],"1":[12,64],"2":[64,14],"3":[6,20],"4":[14,50]}}
,"C:/Users/admin/Desktop/NextGame/next-game/src/components/LanguageSwitcher/LanguageSwitcher.jsx": {"path":"C:/Users/admin/Desktop/NextGame/next-game/src/components/LanguageSwitcher/LanguageSwitcher.jsx","statementMap":{"0":{"start":{"line":5,"column":29},"end":{"line":49,"column":6}},"1":{"start":{"line":5,"column":35},"end":{"line":5,"column":null}},"2":{"start":{"line":6,"column":43},"end":{"line":6,"column":null}},"3":{"start":{"line":7,"column":34},"end":{"line":7,"column":null}},"4":{"start":{"line":9,"column":24},"end":{"line":11,"column":null}},"5":{"start":{"line":14,"column":30},"end":{"line":14,"column":null}},"6":{"start":{"line":14,"column":53},"end":{"line":14,"column":75}},"7":{"start":{"line":16,"column":35},"end":{"line":19,"column":null}},"8":{"start":{"line":17,"column":8},"end":{"line":17,"column":null}},"9":{"start":{"line":18,"column":8},"end":{"line":18,"column":null}},"10":{"start":{"line":21,"column":6},"end":{"line":47,"column":null}},"11":{"start":{"line":25,"column":27},"end":{"line":25,"column":null}},"12":{"start":{"line":36,"column":16},"end":{"line":43,"column":null}},"13":{"start":{"line":39,"column":33},"end":{"line":39,"column":null}},"14":{"start":{"line":49,"column":6},"end":{"line":6,"column":55}},"15":{"start":{"line":5,"column":26},"end":{"line":6,"column":55}},"16":{"start":{"line":6,"column":54},"end":{"line":5,"column":26}},"17":{"start":{"line":51,"column":36},"end":{"line":51,"column":null}}},"fnMap":{"0":{"name":"(anonymous_0)","decl":{"start":{"line":5,"column":29},"end":{"line":5,"column":35}},"loc":{"start":{"line":5,"column":35},"end":{"line":49,"column":6}}},"1":{"name":"(anonymous_1)","decl":{"start":{"line":14,"column":45},"end":{"line":14,"column":53}},"loc":{"start":{"line":14,"column":53},"end":{"line":14,"column":75}}},"2":{"name":"(anonymous_2)","decl":{"start":{"line":16,"column":35},"end":{"line":16,"column":36}},"loc":{"start":{"line":16,"column":49},"end":{"line":19,"column":null}}},"3":{"name":"(anonymous_3)","decl":{"start":{"line":25,"column":21},"end":{"line":25,"column":27}},"loc":{"start":{"line":25,"column":27},"end":{"line":25,"column":null}}},"4":{"name":"(anonymous_4)","decl":{"start":{"line":35,"column":29},"end":{"line":35,"column":30}},"loc":{"start":{"line":36,"column":16},"end":{"line":43,"column":null}}},"5":{"name":"(anonymous_5)","decl":{"start":{"line":39,"column":27},"end":{"line":39,"column":33}},"loc":{"start":{"line":39,"column":33},"end":{"line":39,"column":null}}},"6":{"name":"(anonymous_6)","decl":{"start":{"line":5,"column":26},"end":{"line":5,"column":29}},"loc":{"start":{"line":5,"column":26},"end":{"line":6,"column":55}}}},"branchMap":{"0":{"loc":{"start":{"line":30,"column":44},"end":{"line":30,"column":63}},"type":"cond-expr","locations":[{"start":{"line":30,"column":53},"end":{"line":30,"column":59}},{"start":{"line":30,"column":59},"end":{"line":30,"column":63}}]},"1":{"loc":{"start":{"line":33,"column":11},"end":{"line":45,"column":null}},"type":"binary-expr","locations":[{"start":{"line":33,"column":11},"end":{"line":33,"column":null}},{"start":{"line":34,"column":12},"end":{"line":45,"column":null}}]},"2":{"loc":{"start":{"line":38,"column":57},"end":{"line":38,"column":100}},"type":"cond-expr","locations":[{"start":{"line":38,"column":82},"end":{"line":38,"column":98}},{"start":{"line":38,"column":98},"end":{"line":38,"column":100}}]}},"s":{"0":10,"1":68,"2":68,"3":68,"4":68,"5":68,"6":72,"7":68,"8":2,"9":2,"10":68,"11":2,"12":8,"13":2,"14":10,"15":10,"16":10,"17":10},"f":{"0":68,"1":72,"2":2,"3":2,"4":8,"5":2,"6":10},"b":{"0":[4,64],"1":[68,4],"2":[4,4]}}
,"C:/Users/admin/Desktop/NextGame/next-game/src/components/Layout/Layout.jsx": {"path":"C:/Users/admin/Desktop/NextGame/next-game/src/components/Layout/Layout.jsx","statementMap":{"0":{"start":{"line":5,"column":15},"end":{"line":18,"column":2}},"1":{"start":{"line":6,"column":2},"end":{"line":16,"column":null}},"2":{"start":{"line":18,"column":2},"end":{"line":5,"column":15}},"3":{"start":{"line":20,"column":22},"end":{"line":20,"column":null}}},"fnMap":{"0":{"name":"(anonymous_0)","decl":{"start":{"line":5,"column":15},"end":{"line":5,"column":16}},"loc":{"start":{"line":5,"column":33},"end":{"line":18,"column":2}}}},"branchMap":{},"s":{"0":10,"1":20,"2":10,"3":10},"f":{"0":20},"b":{}}
,"C:/Users/admin/Desktop/NextGame/next-game/src/contexts/AuthContext.jsx": {"path":"C:/Users/admin/Desktop/NextGame/next-game/src/contexts/AuthContext.jsx","statementMap":{"0":{"start":{"line":6,"column":27},"end":{"line":6,"column":null}},"1":{"start":{"line":8,"column":28},"end":{"line":90,"column":2}},"2":{"start":{"line":8,"column":46},"end":{"line":8,"column":null}},"3":{"start":{"line":9,"column":26},"end":{"line":9,"column":null}},"4":{"start":{"line":10,"column":36},"end":{"line":10,"column":null}},"5":{"start":{"line":12,"column":2},"end":{"line":32,"column":null}},"6":{"start":{"line":13,"column":21},"end":{"line":29,"column":null}},"7":{"start":{"line":14,"column":24},"end":{"line":14,"column":null}},"8":{"start":{"line":15,"column":20},"end":{"line":15,"column":null}},"9":{"start":{"line":17,"column":6},"end":{"line":26,"column":null}},"10":{"start":{"line":18,"column":8},"end":{"line":25,"column":null}},"11":{"start":{"line":19,"column":27},"end":{"line":19,"column":null}},"12":{"start":{"line":20,"column":10},"end":{"line":20,"column":null}},"13":{"start":{"line":22,"column":10},"end":{"line":22,"column":null}},"14":{"start":{"line":23,"column":10},"end":{"line":23,"column":null}},"15":{"start":{"line":24,"column":10},"end":{"line":24,"column":null}},"16":{"start":{"line":28,"column":6},"end":{"line":28,"column":null}},"17":{"start":{"line":31,"column":4},"end":{"line":31,"column":null}},"18":{"start":{"line":34,"column":2},"end":{"line":40,"column":null}},"19":{"start":{"line":35,"column":4},"end":{"line":39,"column":null}},"20":{"start":{"line":36,"column":6},"end":{"line":36,"column":null}},"21":{"start":{"line":38,"column":6},"end":{"line":38,"column":null}},"22":{"start":{"line":42,"column":16},"end":{"line":57,"column":null}},"23":{"start":{"line":43,"column":4},"end":{"line":43,"column":null}},"24":{"start":{"line":44,"column":4},"end":{"line":56,"column":null}},"25":{"start":{"line":45,"column":23},"end":{"line":45,"column":null}},"26":{"start":{"line":47,"column":6},"end":{"line":47,"column":null}},"27":{"start":{"line":48,"column":6},"end":{"line":48,"column":null}},"28":{"start":{"line":50,"column":6},"end":{"line":50,"column":null}},"29":{"start":{"line":52,"column":6},"end":{"line":52,"column":null}},"30":{"start":{"line":53,"column":6},"end":{"line":53,"column":null}},"31":{"start":{"line":55,"column":6},"end":{"line":55,"column":null}},"32":{"start":{"line":59,"column":19},"end":{"line":78,"column":null}},"33":{"start":{"line":60,"column":4},"end":{"line":60,"column":null}},"34":{"start":{"line":61,"column":4},"end":{"line":77,"column":null}},"35":{"start":{"line":62,"column":23},"end":{"line":66,"column":null}},"36":{"start":{"line":68,"column":6},"end":{"line":68,"column":null}},"37":{"start":{"line":69,"column":6},"end":{"line":69,"column":null}},"38":{"start":{"line":71,"column":6},"end":{"line":71,"column":null}},"39":{"start":{"line":73,"column":6},"end":{"line":73,"column":null}},"40":{"start":{"line":74,"column":6},"end":{"line":74,"column":null}},"41":{"start":{"line":76,"column":6},"end":{"line":76,"column":null}},"42":{"start":{"line":80,"column":17},"end":{"line":83,"column":null}},"43":{"start":{"line":81,"column":4},"end":{"line":81,"column":null}},"44":{"start":{"line":82,"column":4},"end":{"line":82,"column":null}},"45":{"start":{"line":85,"column":2},"end":{"line":88,"column":null}},"46":{"start":{"line":90,"column":2},"end":{"line":8,"column":28}},"47":{"start":{"line":8,"column":25},"end":{"line":null,"column":-1}},"48":{"start":{"line":8,"column":25},"end":{"line":8,"column":28}}},"fnMap":{"0":{"name":"(anonymous_0)","decl":{"start":{"line":8,"column":28},"end":{"line":8,"column":29}},"loc":{"start":{"line":8,"column":46},"end":{"line":90,"column":2}}},"1":{"name":"(anonymous_1)","decl":{"start":{"line":12,"column":12},"end":{"line":12,"column":18}},"loc":{"start":{"line":12,"column":18},"end":{"line":32,"column":5}}},"2":{"name":"(anonymous_2)","decl":{"start":{"line":13,"column":21},"end":{"line":13,"column":33}},"loc":{"start":{"line":13,"column":33},"end":{"line":29,"column":null}}},"3":{"name":"(anonymous_3)","decl":{"start":{"line":34,"column":12},"end":{"line":34,"column":18}},"loc":{"start":{"line":34,"column":18},"end":{"line":40,"column":5}}},"4":{"name":"(anonymous_4)","decl":{"start":{"line":42,"column":28},"end":{"line":42,"column":35}},"loc":{"start":{"line":42,"column":55},"end":{"line":57,"column":5}}},"5":{"name":"(anonymous_5)","decl":{"start":{"line":59,"column":31},"end":{"line":59,"column":38}},"loc":{"start":{"line":59,"column":51},"end":{"line":78,"column":5}}},"6":{"name":"(anonymous_6)","decl":{"start":{"line":80,"column":29},"end":{"line":80,"column":35}},"loc":{"start":{"line":80,"column":35},"end":{"line":83,"column":5}}}},"branchMap":{"0":{"loc":{"start":{"line":17,"column":6},"end":{"line":26,"column":null}},"type":"if","locations":[{"start":{"line":17,"column":6},"end":{"line":26,"column":null}}]},"1":{"loc":{"start":{"line":17,"column":10},"end":{"line":17,"column":30}},"type":"binary-expr","locations":[{"start":{"line":17,"column":10},"end":{"line":17,"column":23}},{"start":{"line":17,"column":23},"end":{"line":17,"column":30}}]},"2":{"loc":{"start":{"line":35,"column":4},"end":{"line":39,"column":null}},"type":"if","locations":[{"start":{"line":35,"column":4},"end":{"line":39,"column":null}},{"start":{"line":37,"column":11},"end":{"line":39,"column":null}}]}},"s":{"0":10,"1":10,"2":60,"3":60,"4":60,"5":60,"6":20,"7":20,"8":20,"9":20,"10":3,"11":3,"12":3,"13":0,"14":0,"15":0,"16":20,"17":20,"18":60,"19":27,"20":7,"21":20,"22":60,"23":4,"24":4,"25":4,"26":3,"27":3,"28":3,"29":1,"30":1,"31":4,"32":60,"33":1,"34":1,"35":1,"36":1,"37":1,"38":1,"39":0,"40":0,"41":1,"42":60,"43":0,"44":0,"45":60,"46":10,"47":10,"48":10},"f":{"0":60,"1":20,"2":20,"3":27,"4":4,"5":1,"6":0},"b":{"0":[3],"1":[20,3],"2":[7,20]}}
,"C:/Users/admin/Desktop/NextGame/next-game/src/contexts/LanguageContext.jsx": {"path":"C:/Users/admin/Desktop/NextGame/next-game/src/contexts/LanguageContext.jsx","statementMap":{"0":{"start":{"line":3,"column":21},"end":{"line":163,"column":null}},"1":{"start":{"line":165,"column":24},"end":{"line":165,"column":null}},"2":{"start":{"line":167,"column":27},"end":{"line":167,"column":61}},"3":{"start":{"line":167,"column":27},"end":{"line":167,"column":33}},"4":{"start":{"line":167,"column":27},"end":{"line":167,"column":60}},"5":{"start":{"line":167,"column":61},"end":{"line":167,"column":27}},"6":{"start":{"line":169,"column":32},"end":{"line":205,"column":2}},"7":{"start":{"line":169,"column":50},"end":{"line":169,"column":null}},"8":{"start":{"line":170,"column":34},"end":{"line":170,"column":null}},"9":{"start":{"line":172,"column":2},"end":{"line":177,"column":null}},"10":{"start":{"line":173,"column":26},"end":{"line":173,"column":null}},"11":{"start":{"line":174,"column":4},"end":{"line":176,"column":null}},"12":{"start":{"line":175,"column":6},"end":{"line":175,"column":null}},"13":{"start":{"line":179,"column":25},"end":{"line":184,"column":null}},"14":{"start":{"line":180,"column":4},"end":{"line":183,"column":null}},"15":{"start":{"line":181,"column":6},"end":{"line":181,"column":null}},"16":{"start":{"line":182,"column":6},"end":{"line":182,"column":null}},"17":{"start":{"line":186,"column":12},"end":{"line":194,"column":null}},"18":{"start":{"line":187,"column":22},"end":{"line":187,"column":null}},"19":{"start":{"line":189,"column":4},"end":{"line":191,"column":null}},"20":{"start":{"line":190,"column":6},"end":{"line":190,"column":null}},"21":{"start":{"line":193,"column":4},"end":{"line":193,"column":null}},"22":{"start":{"line":196,"column":2},"end":{"line":203,"column":null}},"23":{"start":{"line":205,"column":2},"end":{"line":169,"column":32}},"24":{"start":{"line":169,"column":29},"end":{"line":null,"column":-1}},"25":{"start":{"line":169,"column":29},"end":{"line":169,"column":32}}},"fnMap":{"0":{"name":"(anonymous_0)","decl":{"start":{"line":167,"column":27},"end":{"line":167,"column":33}},"loc":{"start":{"line":167,"column":27},"end":{"line":167,"column":61}}},"1":{"name":"(anonymous_1)","decl":{"start":{"line":169,"column":32},"end":{"line":169,"column":33}},"loc":{"start":{"line":169,"column":50},"end":{"line":205,"column":2}}},"2":{"name":"(anonymous_2)","decl":{"start":{"line":172,"column":12},"end":{"line":172,"column":18}},"loc":{"start":{"line":172,"column":18},"end":{"line":177,"column":5}}},"3":{"name":"(anonymous_3)","decl":{"start":{"line":179,"column":25},"end":{"line":179,"column":26}},"loc":{"start":{"line":179,"column":35},"end":{"line":184,"column":null}}},"4":{"name":"(anonymous_4)","decl":{"start":{"line":186,"column":12},"end":{"line":186,"column":13}},"loc":{"start":{"line":186,"column":34},"end":{"line":194,"column":null}}},"5":{"name":"(anonymous_5)","decl":{"start":{"line":189,"column":32},"end":{"line":189,"column":44}},"loc":{"start":{"line":189,"column":44},"end":{"line":191,"column":5}}}},"branchMap":{"0":{"loc":{"start":{"line":174,"column":4},"end":{"line":176,"column":null}},"type":"if","locations":[{"start":{"line":174,"column":4},"end":{"line":176,"column":null}}]},"1":{"loc":{"start":{"line":174,"column":8},"end":{"line":174,"column":54}},"type":"binary-expr","locations":[{"start":{"line":174,"column":8},"end":{"line":174,"column":25}},{"start":{"line":174,"column":25},"end":{"line":174,"column":54}}]},"2":{"loc":{"start":{"line":180,"column":4},"end":{"line":183,"column":null}},"type":"if","locations":[{"start":{"line":180,"column":4},"end":{"line":183,"column":null}}]},"3":{"loc":{"start":{"line":180,"column":8},"end":{"line":180,"column":49}},"type":"binary-expr","locations":[{"start":{"line":180,"column":8},"end":{"line":180,"column":30}},{"start":{"line":180,"column":30},"end":{"line":180,"column":49}}]},"4":{"loc":{"start":{"line":186,"column":18},"end":{"line":186,"column":34}},"type":"default-arg","locations":[{"start":{"line":186,"column":27},"end":{"line":186,"column":34}}]},"5":{"loc":{"start":{"line":187,"column":22},"end":{"line":187,"column":null}},"type":"binary-expr","locations":[{"start":{"line":187,"column":22},"end":{"line":187,"column":55}},{"start":{"line":187,"column":55},"end":{"line":187,"column":null}}]}},"s":{"0":10,"1":10,"2":10,"3":566,"4":566,"5":10,"6":10,"7":24,"8":24,"9":24,"10":20,"11":20,"12":0,"13":24,"14":2,"15":2,"16":2,"17":24,"18":7264,"19":7264,"20":14,"21":7264,"22":24,"23":10,"24":10,"25":10},"f":{"0":566,"1":24,"2":20,"3":2,"4":7264,"5":14},"b":{"0":[0],"1":[20,0],"2":[2],"3":[2,2],"4":[7250],"5":[7264,222]}}
,"C:/Users/admin/Desktop/NextGame/next-game/src/hooks/useAuth.js": {"path":"C:/Users/admin/Desktop/NextGame/next-game/src/hooks/useAuth.js","statementMap":{"0":{"start":{"line":4,"column":23},"end":{"line":6,"column":1}},"1":{"start":{"line":5,"column":4},"end":{"line":5,"column":35}}},"fnMap":{"0":{"name":"(anonymous_0)","decl":{"start":{"line":4,"column":23},"end":{"line":4,"column":24}},"loc":{"start":{"line":4,"column":29},"end":{"line":6,"column":1}}}},"branchMap":{},"s":{"0":10,"1":484},"f":{"0":484},"b":{}}
,"C:/Users/admin/Desktop/NextGame/next-game/src/hooks/useRandomizer.js": {"path":"C:/Users/admin/Desktop/NextGame/next-game/src/hooks/useRandomizer.js","statementMap":{"0":{"start":{"line":4,"column":29},"end":{"line":172,"column":1}},"1":{"start":{"line":5,"column":40},"end":{"line":5,"column":54}},"2":{"start":{"line":6,"column":38},"end":{"line":6,"column":53}},"3":{"start":{"line":7,"column":30},"end":{"line":7,"column":44}},"4":{"start":{"line":8,"column":38},"end":{"line":8,"column":50}},"5":{"start":{"line":9,"column":52},"end":{"line":9,"column":67}},"6":{"start":{"line":11,"column":4},"end":{"line":36,"column":15}},"7":{"start":{"line":12,"column":30},"end":{"line":33,"column":9}},"8":{"start":{"line":13,"column":12},"end":{"line":16,"column":13}},"9":{"start":{"line":14,"column":16},"end":{"line":14,"column":33}},"10":{"start":{"line":15,"column":16},"end":{"line":15,"column":23}},"11":{"start":{"line":18,"column":12},"end":{"line":32,"column":13}},"12":{"start":{"line":19,"column":16},"end":{"line":19,"column":42}},"13":{"start":{"line":20,"column":29},"end":{"line":20,"column":65}},"14":{"start":{"line":22,"column":16},"end":{"line":26,"column":17}},"15":{"start":{"line":23,"column":20},"end":{"line":23,"column":49}},"16":{"start":{"line":25,"column":20},"end":{"line":25,"column":37}},"17":{"start":{"line":28,"column":16},"end":{"line":28,"column":63}},"18":{"start":{"line":29,"column":16},"end":{"line":29,"column":33}},"19":{"start":{"line":31,"column":16},"end":{"line":31,"column":43}},"20":{"start":{"line":35,"column":8},"end":{"line":35,"column":24}},"21":{"start":{"line":38,"column":26},"end":{"line":54,"column":5}},"22":{"start":{"line":39,"column":8},"end":{"line":39,"column":27}},"23":{"start":{"line":40,"column":8},"end":{"line":40,"column":23}},"24":{"start":{"line":42,"column":8},"end":{"line":53,"column":9}},"25":{"start":{"line":43,"column":33},"end":{"line":43,"column":66}},"26":{"start":{"line":44,"column":12},"end":{"line":44,"column":40}},"27":{"start":{"line":45,"column":12},"end":{"line":45,"column":32}},"28":{"start":{"line":48,"column":12},"end":{"line":48,"column":61}},"29":{"start":{"line":49,"column":12},"end":{"line":49,"column":61}},"30":{"start":{"line":50,"column":12},"end":{"line":50,"column":22}},"31":{"start":{"line":52,"column":12},"end":{"line":52,"column":32}},"32":{"start":{"line":56,"column":27},"end":{"line":85,"column":25}},"33":{"start":{"line":57,"column":8},"end":{"line":57,"column":32}},"34":{"start":{"line":57,"column":19},"end":{"line":57,"column":32}},"35":{"start":{"line":58,"column":8},"end":{"line":60,"column":9}},"36":{"start":{"line":59,"column":12},"end":{"line":59,"column":57}},"37":{"start":{"line":62,"column":34},"end":{"line":62,"column":75}},"38":{"start":{"line":62,"column":56},"end":{"line":62,"column":74}},"39":{"start":{"line":63,"column":8},"end":{"line":65,"column":9}},"40":{"start":{"line":64,"column":12},"end":{"line":64,"column":25}},"41":{"start":{"line":67,"column":8},"end":{"line":84,"column":9}},"42":{"start":{"line":68,"column":12},"end":{"line":68,"column":41}},"43":{"start":{"line":70,"column":33},"end":{"line":70,"column":53}},"44":{"start":{"line":71,"column":12},"end":{"line":71,"column":39}},"45":{"start":{"line":73,"column":12},"end":{"line":73,"column":24}},"46":{"start":{"line":75,"column":12},"end":{"line":75,"column":61}},"47":{"start":{"line":77,"column":12},"end":{"line":81,"column":13}},"48":{"start":{"line":78,"column":29},"end":{"line":78,"column":65}},"49":{"start":{"line":79,"column":16},"end":{"line":79,"column":51}},"50":{"start":{"line":80,"column":16},"end":{"line":80,"column":29}},"51":{"start":{"line":83,"column":12},"end":{"line":83,"column":22}},"52":{"start":{"line":87,"column":32},"end":{"line":103,"column":25}},"53":{"start":{"line":88,"column":8},"end":{"line":90,"column":9}},"54":{"start":{"line":89,"column":12},"end":{"line":89,"column":57}},"55":{"start":{"line":92,"column":8},"end":{"line":102,"column":9}},"56":{"start":{"line":93,"column":12},"end":{"line":93,"column":42}},"57":{"start":{"line":95,"column":33},"end":{"line":95,"column":77}},"58":{"start":{"line":95,"column":58},"end":{"line":95,"column":76}},"59":{"start":{"line":96,"column":12},"end":{"line":96,"column":39}},"60":{"start":{"line":98,"column":12},"end":{"line":98,"column":24}},"61":{"start":{"line":100,"column":12},"end":{"line":100,"column":65}},"62":{"start":{"line":101,"column":12},"end":{"line":101,"column":22}},"63":{"start":{"line":105,"column":23},"end":{"line":107,"column":19}},"64":{"start":{"line":106,"column":8},"end":{"line":106,"column":58}},"65":{"start":{"line":106,"column":38},"end":{"line":106,"column":56}},"66":{"start":{"line":109,"column":27},"end":{"line":133,"column":25}},"67":{"start":{"line":110,"column":8},"end":{"line":112,"column":9}},"68":{"start":{"line":111,"column":12},"end":{"line":111,"column":57}},"69":{"start":{"line":114,"column":8},"end":{"line":132,"column":9}},"70":{"start":{"line":115,"column":35},"end":{"line":115,"column":82}},"71":{"start":{"line":115,"column":57},"end":{"line":115,"column":81}},"72":{"start":{"line":116,"column":12},"end":{"line":116,"column":46}},"73":{"start":{"line":118,"column":12},"end":{"line":118,"column":29}},"74":{"start":{"line":120,"column":12},"end":{"line":120,"column":24}},"75":{"start":{"line":122,"column":12},"end":{"line":122,"column":60}},"76":{"start":{"line":124,"column":12},"end":{"line":129,"column":13}},"77":{"start":{"line":125,"column":29},"end":{"line":125,"column":65}},"78":{"start":{"line":126,"column":16},"end":{"line":126,"column":51}},"79":{"start":{"line":128,"column":16},"end":{"line":128,"column":71}},"80":{"start":{"line":131,"column":12},"end":{"line":131,"column":22}},"81":{"start":{"line":135,"column":28},"end":{"line":138,"column":5}},"82":{"start":{"line":136,"column":8},"end":{"line":136,"column":28}},"83":{"start":{"line":137,"column":8},"end":{"line":137,"column":23}},"84":{"start":{"line":140,"column":28},"end":{"line":155,"column":14}},"85":{"start":{"line":141,"column":8},"end":{"line":144,"column":9}},"86":{"start":{"line":142,"column":12},"end":{"line":142,"column":29}},"87":{"start":{"line":143,"column":12},"end":{"line":143,"column":19}},"88":{"start":{"line":146,"column":8},"end":{"line":154,"column":9}},"89":{"start":{"line":147,"column":12},"end":{"line":147,"column":38}},"90":{"start":{"line":148,"column":25},"end":{"line":148,"column":61}},"91":{"start":{"line":149,"column":12},"end":{"line":149,"column":47}},"92":{"start":{"line":151,"column":12},"end":{"line":151,"column":61}},"93":{"start":{"line":153,"column":12},"end":{"line":153,"column":39}},"94":{"start":{"line":157,"column":4},"end":{"line":171,"column":6}},"95":{"start":{"line":170,"column":28},"end":{"line":170,"column":37}}},"fnMap":{"0":{"name":"(anonymous_0)","decl":{"start":{"line":4,"column":29},"end":{"line":4,"column":30}},"loc":{"start":{"line":4,"column":39},"end":{"line":172,"column":1}}},"1":{"name":"(anonymous_1)","decl":{"start":{"line":11,"column":14},"end":{"line":11,"column":15}},"loc":{"start":{"line":11,"column":20},"end":{"line":36,"column":5}}},"2":{"name":"(anonymous_2)","decl":{"start":{"line":12,"column":30},"end":{"line":12,"column":35}},"loc":{"start":{"line":12,"column":42},"end":{"line":33,"column":9}}},"3":{"name":"(anonymous_3)","decl":{"start":{"line":38,"column":26},"end":{"line":38,"column":31}},"loc":{"start":{"line":38,"column":50},"end":{"line":54,"column":5}}},"4":{"name":"(anonymous_4)","decl":{"start":{"line":56,"column":39},"end":{"line":56,"column":44}},"loc":{"start":{"line":56,"column":55},"end":{"line":85,"column":5}}},"5":{"name":"(anonymous_5)","decl":{"start":{"line":62,"column":49},"end":{"line":62,"column":52}},"loc":{"start":{"line":62,"column":56},"end":{"line":62,"column":74}}},"6":{"name":"(anonymous_6)","decl":{"start":{"line":87,"column":44},"end":{"line":87,"column":49}},"loc":{"start":{"line":87,"column":62},"end":{"line":103,"column":5}}},"7":{"name":"(anonymous_7)","decl":{"start":{"line":95,"column":50},"end":{"line":95,"column":54}},"loc":{"start":{"line":95,"column":58},"end":{"line":95,"column":76}}},"8":{"name":"(anonymous_8)","decl":{"start":{"line":105,"column":35},"end":{"line":105,"column":36}},"loc":{"start":{"line":105,"column":47},"end":{"line":107,"column":5}}},"9":{"name":"(anonymous_9)","decl":{"start":{"line":106,"column":30},"end":{"line":106,"column":34}},"loc":{"start":{"line":106,"column":38},"end":{"line":106,"column":56}}},"10":{"name":"(anonymous_10)","decl":{"start":{"line":109,"column":39},"end":{"line":109,"column":44}},"loc":{"start":{"line":109,"column":51},"end":{"line":133,"column":5}}},"11":{"name":"(anonymous_11)","decl":{"start":{"line":115,"column":49},"end":{"line":115,"column":53}},"loc":{"start":{"line":115,"column":57},"end":{"line":115,"column":81}}},"12":{"name":"(anonymous_12)","decl":{"start":{"line":135,"column":28},"end":{"line":135,"column":29}},"loc":{"start":{"line":135,"column":34},"end":{"line":138,"column":5}}},"13":{"name":"(anonymous_13)","decl":{"start":{"line":140,"column":40},"end":{"line":140,"column":45}},"loc":{"start":{"line":140,"column":52},"end":{"line":155,"column":5}}},"14":{"name":"(anonymous_14)","decl":{"start":{"line":170,"column":22},"end":{"line":170,"column":23}},"loc":{"start":{"line":170,"column":28},"end":{"line":170,"column":37}}}},"branchMap":{"0":{"loc":{"start":{"line":13,"column":12},"end":{"line":16,"column":13}},"type":"if","locations":[{"start":{"line":13,"column":12},"end":{"line":16,"column":13}}]},"1":{"loc":{"start":{"line":22,"column":16},"end":{"line":26,"column":17}},"type":"if","locations":[{"start":{"line":22,"column":16},"end":{"line":26,"column":17}},{"start":{"line":24,"column":23},"end":{"line":26,"column":17}}]},"2":{"loc":{"start":{"line":38,"column":33},"end":{"line":38,"column":45}},"type":"default-arg","locations":[{"start":{"line":38,"column":43},"end":{"line":38,"column":45}}]},"3":{"loc":{"start":{"line":49,"column":21},"end":{"line":49,"column":59}},"type":"binary-expr","locations":[{"start":{"line":49,"column":21},"end":{"line":49,"column":32}},{"start":{"line":49,"column":36},"end":{"line":49,"column":59}}]},"4":{"loc":{"start":{"line":57,"column":8},"end":{"line":57,"column":32}},"type":"if","locations":[{"start":{"line":57,"column":8},"end":{"line":57,"column":32}}]},"5":{"loc":{"start":{"line":58,"column":8},"end":{"line":60,"column":9}},"type":"if","locations":[{"start":{"line":58,"column":8},"end":{"line":60,"column":9}}]},"6":{"loc":{"start":{"line":63,"column":8},"end":{"line":65,"column":9}},"type":"if","locations":[{"start":{"line":63,"column":8},"end":{"line":65,"column":9}}]},"7":{"loc":{"start":{"line":77,"column":12},"end":{"line":81,"column":13}},"type":"if","locations":[{"start":{"line":77,"column":12},"end":{"line":81,"column":13}}]},"8":{"loc":{"start":{"line":79,"column":29},"end":{"line":79,"column":49}},"type":"binary-expr","locations":[{"start":{"line":79,"column":29},"end":{"line":79,"column":43}},{"start":{"line":79,"column":47},"end":{"line":79,"column":49}}]},"9":{"loc":{"start":{"line":88,"column":8},"end":{"line":90,"column":9}},"type":"if","locations":[{"start":{"line":88,"column":8},"end":{"line":90,"column":9}}]},"10":{"loc":{"start":{"line":110,"column":8},"end":{"line":112,"column":9}},"type":"if","locations":[{"start":{"line":110,"column":8},"end":{"line":112,"column":9}}]},"11":{"loc":{"start":{"line":126,"column":29},"end":{"line":126,"column":49}},"type":"binary-expr","locations":[{"start":{"line":126,"column":29},"end":{"line":126,"column":43}},{"start":{"line":126,"column":47},"end":{"line":126,"column":49}}]},"12":{"loc":{"start":{"line":141,"column":8},"end":{"line":144,"column":9}},"type":"if","locations":[{"start":{"line":141,"column":8},"end":{"line":144,"column":9}}]},"13":{"loc":{"start":{"line":149,"column":25},"end":{"line":149,"column":45}},"type":"binary-expr","locations":[{"start":{"line":149,"column":25},"end":{"line":149,"column":39}},{"start":{"line":149,"column":43},"end":{"line":149,"column":45}}]}},"s":{"0":10,"1":38,"2":38,"3":38,"4":38,"5":38,"6":38,"7":8,"8":8,"9":6,"10":6,"11":2,"12":2,"13":2,"14":2,"15":2,"16":0,"17":0,"18":0,"19":2,"20":8,"21":38,"22":3,"23":3,"24":3,"25":3,"26":3,"27":3,"28":0,"29":0,"30":0,"31":3,"32":38,"33":2,"34":0,"35":2,"36":0,"37":2,"38":0,"39":2,"40":0,"41":2,"42":2,"43":2,"44":2,"45":2,"46":0,"47":0,"48":0,"49":0,"50":0,"51":0,"52":38,"53":0,"54":0,"55":0,"56":0,"57":0,"58":0,"59":0,"60":0,"61":0,"62":0,"63":38,"64":24,"65":8,"66":38,"67":0,"68":0,"69":0,"70":0,"71":0,"72":0,"73":0,"74":0,"75":0,"76":0,"77":0,"78":0,"79":0,"80":0,"81":38,"82":0,"83":0,"84":38,"85":0,"86":0,"87":0,"88":0,"89":0,"90":0,"91":0,"92":0,"93":0,"94":38,"95":0},"f":{"0":38,"1":8,"2":8,"3":3,"4":2,"5":0,"6":0,"7":0,"8":24,"9":8,"10":0,"11":0,"12":0,"13":0,"14":0},"b":{"0":[6],"1":[2,0],"2":[0],"3":[0,0],"4":[0],"5":[0],"6":[0],"7":[0],"8":[0,0],"9":[0],"10":[0],"11":[0,0],"12":[0],"13":[0,0]}}
,"C:/Users/admin/Desktop/NextGame/next-game/src/pages/Home/Home.jsx": {"path":"C:/Users/admin/Desktop/NextGame/next-game/src/pages/Home/Home.jsx","statementMap":{"0":{"start":{"line":6,"column":13},"end":{"line":25,"column":2}},"1":{"start":{"line":6,"column":19},"end":{"line":6,"column":null}},"2":{"start":{"line":7,"column":16},"end":{"line":7,"column":null}},"3":{"start":{"line":9,"column":2},"end":{"line":23,"column":null}},"4":{"start":{"line":25,"column":2},"end":{"line":7,"column":28}},"5":{"start":{"line":6,"column":10},"end":{"line":7,"column":28}},"6":{"start":{"line":7,"column":27},"end":{"line":6,"column":10}},"7":{"start":{"line":27,"column":20},"end":{"line":27,"column":null}}},"fnMap":{"0":{"name":"(anonymous_0)","decl":{"start":{"line":6,"column":13},"end":{"line":6,"column":19}},"loc":{"start":{"line":6,"column":19},"end":{"line":25,"column":2}}},"1":{"name":"(anonymous_1)","decl":{"start":{"line":6,"column":10},"end":{"line":6,"column":13}},"loc":{"start":{"line":6,"column":10},"end":{"line":7,"column":28}}}},"branchMap":{},"s":{"0":10,"1":14,"2":14,"3":14,"4":10,"5":5,"6":10,"7":10},"f":{"0":14,"1":5},"b":{}}
,"C:/Users/admin/Desktop/NextGame/next-game/src/pages/Login/Login.jsx": {"path":"C:/Users/admin/Desktop/NextGame/next-game/src/pages/Login/Login.jsx","statementMap":{"0":{"start":{"line":7,"column":14},"end":{"line":178,"column":2}},"1":{"start":{"line":7,"column":20},"end":{"line":7,"column":null}},"2":{"start":{"line":8,"column":36},"end":{"line":11,"column":null}},"3":{"start":{"line":12,"column":44},"end":{"line":12,"column":null}},"4":{"start":{"line":13,"column":30},"end":{"line":13,"column":null}},"5":{"start":{"line":14,"column":38},"end":{"line":14,"column":null}},"6":{"start":{"line":15,"column":40},"end":{"line":15,"column":null}},"7":{"start":{"line":17,"column":22},"end":{"line":17,"column":null}},"8":{"start":{"line":18,"column":18},"end":{"line":18,"column":null}},"9":{"start":{"line":19,"column":21},"end":{"line":19,"column":null}},"10":{"start":{"line":21,"column":25},"end":{"line":28,"column":null}},"11":{"start":{"line":22,"column":8},"end":{"line":25,"column":null}},"12":{"start":{"line":27,"column":8},"end":{"line":27,"column":null}},"13":{"start":{"line":27,"column":19},"end":{"line":27,"column":null}},"14":{"start":{"line":30,"column":37},"end":{"line":32,"column":null}},"15":{"start":{"line":31,"column":8},"end":{"line":31,"column":null}},"16":{"start":{"line":34,"column":25},"end":{"line":58,"column":null}},"17":{"start":{"line":35,"column":8},"end":{"line":35,"column":null}},"18":{"start":{"line":36,"column":8},"end":{"line":36,"column":null}},"19":{"start":{"line":37,"column":8},"end":{"line":37,"column":null}},"20":{"start":{"line":39,"column":8},"end":{"line":57,"column":null}},"21":{"start":{"line":40,"column":12},"end":{"line":40,"column":null}},"22":{"start":{"line":43,"column":12},"end":{"line":45,"column":null}},"23":{"start":{"line":44,"column":16},"end":{"line":44,"column":null}},"24":{"start":{"line":48,"column":12},"end":{"line":48,"column":null}},"25":{"start":{"line":50,"column":12},"end":{"line":50,"column":null}},"26":{"start":{"line":54,"column":12},"end":{"line":54,"column":null}},"27":{"start":{"line":56,"column":12},"end":{"line":56,"column":null}},"28":{"start":{"line":60,"column":4},"end":{"line":176,"column":null}},"29":{"start":{"line":141,"column":57},"end":{"line":141,"column":null}},"30":{"start":{"line":178,"column":2},"end":{"line":19,"column":33}},"31":{"start":{"line":7,"column":11},"end":{"line":19,"column":33}},"32":{"start":{"line":19,"column":32},"end":{"line":7,"column":11}},"33":{"start":{"line":180,"column":21},"end":{"line":180,"column":null}}},"fnMap":{"0":{"name":"(anonymous_0)","decl":{"start":{"line":7,"column":14},"end":{"line":7,"column":20}},"loc":{"start":{"line":7,"column":20},"end":{"line":178,"column":2}}},"1":{"name":"(anonymous_1)","decl":{"start":{"line":21,"column":25},"end":{"line":21,"column":26}},"loc":{"start":{"line":21,"column":32},"end":{"line":28,"column":null}}},"2":{"name":"(anonymous_2)","decl":{"start":{"line":30,"column":37},"end":{"line":30,"column":43}},"loc":{"start":{"line":30,"column":43},"end":{"line":32,"column":null}}},"3":{"name":"(anonymous_3)","decl":{"start":{"line":34,"column":25},"end":{"line":34,"column":32}},"loc":{"start":{"line":34,"column":38},"end":{"line":58,"column":null}}},"4":{"name":"(anonymous_4)","decl":{"start":{"line":141,"column":50},"end":{"line":141,"column":51}},"loc":{"start":{"line":141,"column":57},"end":{"line":141,"column":null}}},"5":{"name":"(anonymous_5)","decl":{"start":{"line":7,"column":11},"end":{"line":7,"column":14}},"loc":{"start":{"line":7,"column":11},"end":{"line":19,"column":33}}}},"branchMap":{"0":{"loc":{"start":{"line":27,"column":8},"end":{"line":27,"column":null}},"type":"if","locations":[{"start":{"line":27,"column":8},"end":{"line":27,"column":null}}]},"1":{"loc":{"start":{"line":43,"column":12},"end":{"line":45,"column":null}},"type":"if","locations":[{"start":{"line":43,"column":12},"end":{"line":45,"column":null}}]},"2":{"loc":{"start":{"line":54,"column":21},"end":{"line":54,"column":52}},"type":"binary-expr","locations":[{"start":{"line":54,"column":21},"end":{"line":54,"column":36}},{"start":{"line":54,"column":36},"end":{"line":54,"column":52}}]},"3":{"loc":{"start":{"line":90,"column":25},"end":{"line":90,"column":null}},"type":"binary-expr","locations":[{"start":{"line":90,"column":25},"end":{"line":90,"column":34}},{"start":{"line":90,"column":34},"end":{"line":90,"column":null}}]},"4":{"loc":{"start":{"line":113,"column":46},"end":{"line":113,"column":null}},"type":"cond-expr","locations":[{"start":{"line":113,"column":61},"end":{"line":113,"column":70}},{"start":{"line":113,"column":70},"end":{"line":113,"column":null}}]},"5":{"loc":{"start":{"line":128,"column":52},"end":{"line":128,"column":null}},"type":"cond-expr","locations":[{"start":{"line":128,"column":67},"end":{"line":128,"column":85}},{"start":{"line":128,"column":85},"end":{"line":128,"column":null}}]},"6":{"loc":{"start":{"line":131,"column":41},"end":{"line":131,"column":null}},"type":"cond-expr","locations":[{"start":{"line":131,"column":56},"end":{"line":131,"column":63}},{"start":{"line":131,"column":63},"end":{"line":131,"column":null}}]},"7":{"loc":{"start":{"line":157,"column":33},"end":{"line":157,"column":null}},"type":"cond-expr","locations":[{"start":{"line":157,"column":45},"end":{"line":157,"column":66}},{"start":{"line":157,"column":66},"end":{"line":157,"column":null}}]}},"s":{"0":10,"1":222,"2":222,"3":222,"4":222,"5":222,"6":222,"7":222,"8":222,"9":222,"10":222,"11":95,"12":95,"13":0,"14":222,"15":0,"16":222,"17":4,"18":4,"19":4,"20":4,"21":4,"22":3,"23":0,"24":3,"25":1,"26":1,"27":4,"28":222,"29":0,"30":10,"31":4,"32":10,"33":10},"f":{"0":222,"1":95,"2":0,"3":4,"4":0,"5":4},"b":{"0":[0],"1":[0],"2":[1,0],"3":[222,2],"4":[0,222],"5":[0,222],"6":[0,222],"7":[8,214]}}
,"C:/Users/admin/Desktop/NextGame/next-game/src/pages/Profile/Profile.jsx": {"path":"C:/Users/admin/Desktop/NextGame/next-game/src/pages/Profile/Profile.jsx","statementMap":{"0":{"start":{"line":8,"column":16},"end":{"line":224,"column":2}},"1":{"start":{"line":8,"column":22},"end":{"line":8,"column":null}},"2":{"start":{"line":9,"column":29},"end":{"line":9,"column":null}},"3":{"start":{"line":10,"column":18},"end":{"line":10,"column":null}},"4":{"start":{"line":11,"column":21},"end":{"line":11,"column":null}},"5":{"start":{"line":12,"column":38},"end":{"line":12,"column":null}},"6":{"start":{"line":13,"column":34},"end":{"line":13,"column":null}},"7":{"start":{"line":14,"column":30},"end":{"line":14,"column":null}},"8":{"start":{"line":16,"column":4},"end":{"line":42,"column":null}},"9":{"start":{"line":17,"column":8},"end":{"line":20,"column":null}},"10":{"start":{"line":18,"column":12},"end":{"line":18,"column":null}},"11":{"start":{"line":19,"column":12},"end":{"line":19,"column":null}},"12":{"start":{"line":23,"column":30},"end":{"line":39,"column":null}},"13":{"start":{"line":24,"column":12},"end":{"line":38,"column":null}},"14":{"start":{"line":25,"column":16},"end":{"line":25,"column":null}},"15":{"start":{"line":26,"column":16},"end":{"line":26,"column":null}},"16":{"start":{"line":28,"column":29},"end":{"line":28,"column":null}},"17":{"start":{"line":29,"column":16},"end":{"line":29,"column":null}},"18":{"start":{"line":31,"column":16},"end":{"line":31,"column":null}},"19":{"start":{"line":33,"column":16},"end":{"line":33,"column":null}},"20":{"start":{"line":34,"column":16},"end":{"line":34,"column":null}},"21":{"start":{"line":35,"column":16},"end":{"line":35,"column":null}},"22":{"start":{"line":37,"column":16},"end":{"line":37,"column":null}},"23":{"start":{"line":41,"column":8},"end":{"line":41,"column":null}},"24":{"start":{"line":44,"column":25},"end":{"line":47,"column":null}},"25":{"start":{"line":45,"column":8},"end":{"line":45,"column":null}},"26":{"start":{"line":46,"column":8},"end":{"line":46,"column":null}},"27":{"start":{"line":49,"column":32},"end":{"line":63,"column":null}},"28":{"start":{"line":50,"column":8},"end":{"line":62,"column":null}},"29":{"start":{"line":52,"column":12},"end":{"line":52,"column":null}},"30":{"start":{"line":55,"column":33},"end":{"line":55,"column":null}},"31":{"start":{"line":55,"column":58},"end":{"line":55,"column":76}},"32":{"start":{"line":56,"column":12},"end":{"line":56,"column":null}},"33":{"start":{"line":58,"column":12},"end":{"line":58,"column":null}},"34":{"start":{"line":60,"column":12},"end":{"line":60,"column":null}},"35":{"start":{"line":61,"column":12},"end":{"line":61,"column":null}},"36":{"start":{"line":65,"column":30},"end":{"line":91,"column":null}},"37":{"start":{"line":66,"column":8},"end":{"line":68,"column":null}},"38":{"start":{"line":67,"column":12},"end":{"line":67,"column":null}},"39":{"start":{"line":70,"column":8},"end":{"line":90,"column":null}},"40":{"start":{"line":72,"column":35},"end":{"line":72,"column":null}},"41":{"start":{"line":72,"column":57},"end":{"line":72,"column":81}},"42":{"start":{"line":73,"column":12},"end":{"line":73,"column":null}},"43":{"start":{"line":76,"column":12},"end":{"line":76,"column":null}},"44":{"start":{"line":78,"column":12},"end":{"line":78,"column":null}},"45":{"start":{"line":80,"column":12},"end":{"line":80,"column":null}},"46":{"start":{"line":81,"column":12},"end":{"line":81,"column":null}},"47":{"start":{"line":84,"column":12},"end":{"line":89,"column":null}},"48":{"start":{"line":85,"column":29},"end":{"line":85,"column":null}},"49":{"start":{"line":86,"column":16},"end":{"line":86,"column":null}},"50":{"start":{"line":88,"column":16},"end":{"line":88,"column":null}},"51":{"start":{"line":93,"column":4},"end":{"line":95,"column":null}},"52":{"start":{"line":94,"column":8},"end":{"line":94,"column":null}},"53":{"start":{"line":97,"column":4},"end":{"line":222,"column":null}},"54":{"start":{"line":160,"column":28},"end":{"line":207,"column":null}},"55":{"start":{"line":165,"column":40},"end":{"line":165,"column":null}},"56":{"start":{"line":166,"column":40},"end":{"line":166,"column":null}},"57":{"start":{"line":200,"column":59},"end":{"line":200,"column":null}},"58":{"start":{"line":214,"column":43},"end":{"line":214,"column":null}},"59":{"start":{"line":224,"column":2},"end":{"line":11,"column":33}},"60":{"start":{"line":8,"column":13},"end":{"line":11,"column":33}},"61":{"start":{"line":11,"column":32},"end":{"line":8,"column":13}},"62":{"start":{"line":226,"column":23},"end":{"line":226,"column":null}}},"fnMap":{"0":{"name":"(anonymous_0)","decl":{"start":{"line":8,"column":16},"end":{"line":8,"column":22}},"loc":{"start":{"line":8,"column":22},"end":{"line":224,"column":2}}},"1":{"name":"(anonymous_1)","decl":{"start":{"line":16,"column":14},"end":{"line":16,"column":20}},"loc":{"start":{"line":16,"column":20},"end":{"line":42,"column":7}}},"2":{"name":"(anonymous_2)","decl":{"start":{"line":23,"column":30},"end":{"line":23,"column":42}},"loc":{"start":{"line":23,"column":42},"end":{"line":39,"column":null}}},"3":{"name":"(anonymous_3)","decl":{"start":{"line":44,"column":25},"end":{"line":44,"column":31}},"loc":{"start":{"line":44,"column":31},"end":{"line":47,"column":null}}},"4":{"name":"(anonymous_4)","decl":{"start":{"line":49,"column":32},"end":{"line":49,"column":39}},"loc":{"start":{"line":49,"column":50},"end":{"line":63,"column":null}}},"5":{"name":"(anonymous_5)","decl":{"start":{"line":55,"column":50},"end":{"line":55,"column":58}},"loc":{"start":{"line":55,"column":58},"end":{"line":55,"column":76}}},"6":{"name":"(anonymous_6)","decl":{"start":{"line":65,"column":30},"end":{"line":65,"column":42}},"loc":{"start":{"line":65,"column":42},"end":{"line":91,"column":null}}},"7":{"name":"(anonymous_7)","decl":{"start":{"line":72,"column":49},"end":{"line":72,"column":57}},"loc":{"start":{"line":72,"column":57},"end":{"line":72,"column":81}}},"8":{"name":"(anonymous_8)","decl":{"start":{"line":159,"column":39},"end":{"line":159,"column":null}},"loc":{"start":{"line":160,"column":28},"end":{"line":207,"column":null}}},"9":{"name":"(anonymous_9)","decl":{"start":{"line":164,"column":45},"end":{"line":164,"column":46}},"loc":{"start":{"line":164,"column":52},"end":{"line":167,"column":38}}},"10":{"name":"(anonymous_10)","decl":{"start":{"line":200,"column":53},"end":{"line":200,"column":59}},"loc":{"start":{"line":200,"column":59},"end":{"line":200,"column":null}}},"11":{"name":"(anonymous_11)","decl":{"start":{"line":214,"column":37},"end":{"line":214,"column":43}},"loc":{"start":{"line":214,"column":43},"end":{"line":214,"column":null}}},"12":{"name":"(anonymous_12)","decl":{"start":{"line":8,"column":13},"end":{"line":8,"column":16}},"loc":{"start":{"line":8,"column":13},"end":{"line":11,"column":33}}}},"branchMap":{"0":{"loc":{"start":{"line":17,"column":8},"end":{"line":20,"column":null}},"type":"if","locations":[{"start":{"line":17,"column":8},"end":{"line":20,"column":null}}]},"1":{"loc":{"start":{"line":31,"column":29},"end":{"line":31,"column":80}},"type":"cond-expr","locations":[{"start":{"line":31,"column":61},"end":{"line":31,"column":78}},{"start":{"line":31,"column":78},"end":{"line":31,"column":80}}]},"2":{"loc":{"start":{"line":34,"column":25},"end":{"line":34,"column":73}},"type":"binary-expr","locations":[{"start":{"line":34,"column":25},"end":{"line":34,"column":40}},{"start":{"line":34,"column":40},"end":{"line":34,"column":73}}]},"3":{"loc":{"start":{"line":61,"column":18},"end":{"line":61,"column":65}},"type":"binary-expr","locations":[{"start":{"line":61,"column":18},"end":{"line":61,"column":33}},{"start":{"line":61,"column":33},"end":{"line":61,"column":65}}]},"4":{"loc":{"start":{"line":66,"column":8},"end":{"line":68,"column":null}},"type":"if","locations":[{"start":{"line":66,"column":8},"end":{"line":68,"column":null}}]},"5":{"loc":{"start":{"line":81,"column":18},"end":{"line":81,"column":62}},"type":"binary-expr","locations":[{"start":{"line":81,"column":18},"end":{"line":81,"column":33}},{"start":{"line":81,"column":33},"end":{"line":81,"column":62}}]},"6":{"loc":{"start":{"line":86,"column":29},"end":{"line":86,"column":49}},"type":"binary-expr","locations":[{"start":{"line":86,"column":29},"end":{"line":86,"column":47}},{"start":{"line":86,"column":47},"end":{"line":86,"column":49}}]},"7":{"loc":{"start":{"line":93,"column":4},"end":{"line":95,"column":null}},"type":"if","locations":[{"start":{"line":93,"column":4},"end":{"line":95,"column":null}}]},"8":{"loc":{"start":{"line":109,"column":25},"end":{"line":109,"column":null}},"type":"binary-expr","locations":[{"start":{"line":109,"column":25},"end":{"line":109,"column":68}},{"start":{"line":109,"column":68},"end":{"line":109,"column":null}}]},"9":{"loc":{"start":{"line":112,"column":29},"end":{"line":112,"column":53}},"type":"binary-expr","locations":[{"start":{"line":112,"column":29},"end":{"line":112,"column":46}},{"start":{"line":112,"column":46},"end":{"line":112,"column":53}}]},"10":{"loc":{"start":{"line":113,"column":53},"end":{"line":113,"column":78}},"type":"binary-expr","locations":[{"start":{"line":113,"column":53},"end":{"line":113,"column":67}},{"start":{"line":113,"column":67},"end":{"line":113,"column":78}}]},"11":{"loc":{"start":{"line":114,"column":73},"end":{"line":114,"column":93}},"type":"binary-expr","locations":[{"start":{"line":114,"column":73},"end":{"line":114,"column":86}},{"start":{"line":114,"column":86},"end":{"line":114,"column":93}}]},"12":{"loc":{"start":{"line":137,"column":21},"end":{"line":143,"column":null}},"type":"binary-expr","locations":[{"start":{"line":137,"column":21},"end":{"line":137,"column":null}},{"start":{"line":138,"column":24},"end":{"line":143,"column":null}}]},"13":{"loc":{"start":{"line":147,"column":17},"end":{"line":150,"column":null}},"type":"binary-expr","locations":[{"start":{"line":147,"column":17},"end":{"line":147,"column":null}},{"start":{"line":148,"column":20},"end":{"line":150,"column":null}}]},"14":{"loc":{"start":{"line":153,"column":17},"end":{"line":219,"column":null}},"type":"cond-expr","locations":[{"start":{"line":154,"column":20},"end":{"line":156,"column":null}},{"start":{"line":157,"column":20},"end":{"line":219,"column":null}}]},"15":{"loc":{"start":{"line":157,"column":20},"end":{"line":219,"column":null}},"type":"cond-expr","locations":[{"start":{"line":158,"column":20},"end":{"line":209,"column":null}},{"start":{"line":211,"column":20},"end":{"line":219,"column":null}}]},"16":{"loc":{"start":{"line":162,"column":41},"end":{"line":162,"column":null}},"type":"binary-expr","locations":[{"start":{"line":162,"column":41},"end":{"line":162,"column":55}},{"start":{"line":162,"column":55},"end":{"line":162,"column":null}}]},"17":{"loc":{"start":{"line":170,"column":41},"end":{"line":170,"column":69}},"type":"binary-expr","locations":[{"start":{"line":170,"column":41},"end":{"line":170,"column":54}},{"start":{"line":170,"column":54},"end":{"line":170,"column":69}}]},"18":{"loc":{"start":{"line":171,"column":69},"end":{"line":171,"column":99}},"type":"binary-expr","locations":[{"start":{"line":171,"column":69},"end":{"line":171,"column":83}},{"start":{"line":171,"column":83},"end":{"line":171,"column":99}}]},"19":{"loc":{"start":{"line":173,"column":42},"end":{"line":175,"column":null}},"type":"cond-expr","locations":[{"start":{"line":174,"column":46},"end":{"line":174,"column":null}},{"start":{"line":175,"column":46},"end":{"line":175,"column":null}}]},"20":{"loc":{"start":{"line":173,"column":42},"end":{"line":173,"column":null}},"type":"binary-expr","locations":[{"start":{"line":173,"column":42},"end":{"line":173,"column":60}},{"start":{"line":173,"column":60},"end":{"line":173,"column":null}}]},"21":{"loc":{"start":{"line":176,"column":41},"end":{"line":176,"column":null}},"type":"binary-expr","locations":[{"start":{"line":176,"column":41},"end":{"line":176,"column":55}},{"start":{"line":176,"column":55},"end":{"line":176,"column":80}},{"start":{"line":176,"column":80},"end":{"line":176,"column":null}}]},"22":{"loc":{"start":{"line":179,"column":41},"end":{"line":187,"column":null}},"type":"binary-expr","locations":[{"start":{"line":179,"column":41},"end":{"line":179,"column":null}},{"start":{"line":180,"column":44},"end":{"line":187,"column":null}}]},"23":{"loc":{"start":{"line":189,"column":41},"end":{"line":197,"column":null}},"type":"binary-expr","locations":[{"start":{"line":189,"column":41},"end":{"line":189,"column":null}},{"start":{"line":190,"column":44},"end":{"line":197,"column":null}}]}},"s":{"0":10,"1":18,"2":18,"3":18,"4":18,"5":18,"6":18,"7":18,"8":18,"9":7,"10":2,"11":2,"12":5,"13":5,"14":5,"15":5,"16":5,"17":4,"18":4,"19":0,"20":0,"21":0,"22":4,"23":5,"24":18,"25":0,"26":0,"27":18,"28":2,"29":2,"30":2,"31":2,"32":2,"33":2,"34":0,"35":0,"36":18,"37":0,"38":0,"39":0,"40":0,"41":0,"42":0,"43":0,"44":0,"45":0,"46":0,"47":0,"48":0,"49":0,"50":0,"51":18,"52":2,"53":16,"54":4,"55":0,"56":0,"57":2,"58":0,"59":10,"60":3,"61":10,"62":10},"f":{"0":18,"1":7,"2":5,"3":0,"4":2,"5":2,"6":0,"7":0,"8":4,"9":0,"10":2,"11":0,"12":3},"b":{"0":[2],"1":[4,0],"2":[0,0],"3":[0,0],"4":[0],"5":[0,0],"6":[0,0],"7":[2],"8":[16,0],"9":[16,0],"10":[16,0],"11":[16,16],"12":[16,4],"13":[16,0],"14":[8,8],"15":[4,4],"16":[4,0],"17":[4,0],"18":[4,0],"19":[4,0],"20":[4,4],"21":[4,4,4],"22":[4,4],"23":[4,2]}}
,"C:/Users/admin/Desktop/NextGame/next-game/src/pages/Randomizer/Randomizer.jsx": {"path":"C:/Users/admin/Desktop/NextGame/next-game/src/pages/Randomizer/Randomizer.jsx","statementMap":{"0":{"start":{"line":8,"column":19},"end":{"line":245,"column":2}},"1":{"start":{"line":8,"column":25},"end":{"line":8,"column":null}},"2":{"start":{"line":9,"column":21},"end":{"line":9,"column":null}},"3":{"start":{"line":10,"column":21},"end":{"line":10,"column":null}},"4":{"start":{"line":18,"column":8},"end":{"line":18,"column":null}},"5":{"start":{"line":20,"column":18},"end":{"line":20,"column":null}},"6":{"start":{"line":22,"column":34},"end":{"line":26,"column":null}},"7":{"start":{"line":27,"column":46},"end":{"line":27,"column":null}},"8":{"start":{"line":29,"column":28},"end":{"line":35,"column":null}},"9":{"start":{"line":30,"column":8},"end":{"line":34,"column":null}},"10":{"start":{"line":31,"column":12},"end":{"line":31,"column":null}},"11":{"start":{"line":33,"column":12},"end":{"line":33,"column":null}},"12":{"start":{"line":37,"column":33},"end":{"line":71,"column":null}},"13":{"start":{"line":38,"column":8},"end":{"line":43,"column":null}},"14":{"start":{"line":39,"column":12},"end":{"line":41,"column":null}},"15":{"start":{"line":40,"column":16},"end":{"line":40,"column":null}},"16":{"start":{"line":42,"column":12},"end":{"line":42,"column":null}},"17":{"start":{"line":45,"column":8},"end":{"line":45,"column":null}},"18":{"start":{"line":45,"column":25},"end":{"line":45,"column":null}},"19":{"start":{"line":47,"column":8},"end":{"line":70,"column":null}},"20":{"start":{"line":48,"column":12},"end":{"line":48,"column":null}},"21":{"start":{"line":49,"column":26},"end":{"line":49,"column":null}},"22":{"start":{"line":51,"column":12},"end":{"line":55,"column":null}},"23":{"start":{"line":52,"column":16},"end":{"line":52,"column":null}},"24":{"start":{"line":54,"column":16},"end":{"line":54,"column":null}},"25":{"start":{"line":57,"column":12},"end":{"line":57,"column":null}},"26":{"start":{"line":59,"column":12},"end":{"line":67,"column":null}},"27":{"start":{"line":60,"column":16},"end":{"line":60,"column":null}},"28":{"start":{"line":61,"column":12},"end":{"line":67,"column":null}},"29":{"start":{"line":62,"column":16},"end":{"line":64,"column":null}},"30":{"start":{"line":63,"column":20},"end":{"line":63,"column":null}},"31":{"start":{"line":66,"column":16},"end":{"line":66,"column":null}},"32":{"start":{"line":69,"column":12},"end":{"line":69,"column":null}},"33":{"start":{"line":73,"column":19},"end":{"line":73,"column":null}},"34":{"start":{"line":74,"column":22},"end":{"line":74,"column":null}},"35":{"start":{"line":75,"column":18},"end":{"line":75,"column":null}},"36":{"start":{"line":77,"column":4},"end":{"line":243,"column":null}},"37":{"start":{"line":91,"column":45},"end":{"line":91,"column":null}},"38":{"start":{"line":96,"column":32},"end":{"line":98,"column":null}},"39":{"start":{"line":107,"column":45},"end":{"line":107,"column":null}},"40":{"start":{"line":112,"column":32},"end":{"line":114,"column":null}},"41":{"start":{"line":123,"column":45},"end":{"line":123,"column":null}},"42":{"start":{"line":128,"column":32},"end":{"line":130,"column":null}},"43":{"start":{"line":160,"column":36},"end":{"line":160,"column":null}},"44":{"start":{"line":161,"column":36},"end":{"line":161,"column":null}},"45":{"start":{"line":216,"column":55},"end":{"line":216,"column":null}},"46":{"start":{"line":245,"column":2},"end":{"line":20,"column":30}},"47":{"start":{"line":8,"column":16},"end":{"line":20,"column":30}},"48":{"start":{"line":20,"column":29},"end":{"line":8,"column":16}},"49":{"start":{"line":247,"column":26},"end":{"line":247,"column":null}}},"fnMap":{"0":{"name":"(anonymous_0)","decl":{"start":{"line":8,"column":19},"end":{"line":8,"column":25}},"loc":{"start":{"line":8,"column":25},"end":{"line":245,"column":2}}},"1":{"name":"(anonymous_1)","decl":{"start":{"line":29,"column":28},"end":{"line":29,"column":40}},"loc":{"start":{"line":29,"column":40},"end":{"line":35,"column":null}}},"2":{"name":"(anonymous_2)","decl":{"start":{"line":37,"column":33},"end":{"line":37,"column":45}},"loc":{"start":{"line":37,"column":45},"end":{"line":71,"column":null}}},"3":{"name":"(anonymous_3)","decl":{"start":{"line":91,"column":38},"end":{"line":91,"column":39}},"loc":{"start":{"line":91,"column":45},"end":{"line":91,"column":null}}},"4":{"name":"(anonymous_4)","decl":{"start":{"line":95,"column":40},"end":{"line":95,"column":null}},"loc":{"start":{"line":96,"column":32},"end":{"line":98,"column":null}}},"5":{"name":"(anonymous_5)","decl":{"start":{"line":107,"column":38},"end":{"line":107,"column":39}},"loc":{"start":{"line":107,"column":45},"end":{"line":107,"column":null}}},"6":{"name":"(anonymous_6)","decl":{"start":{"line":111,"column":43},"end":{"line":111,"column":null}},"loc":{"start":{"line":112,"column":32},"end":{"line":114,"column":null}}},"7":{"name":"(anonymous_7)","decl":{"start":{"line":123,"column":38},"end":{"line":123,"column":39}},"loc":{"start":{"line":123,"column":45},"end":{"line":123,"column":null}}},"8":{"name":"(anonymous_8)","decl":{"start":{"line":127,"column":39},"end":{"line":127,"column":null}},"loc":{"start":{"line":128,"column":32},"end":{"line":130,"column":null}}},"9":{"name":"(anonymous_9)","decl":{"start":{"line":159,"column":41},"end":{"line":159,"column":42}},"loc":{"start":{"line":159,"column":48},"end":{"line":162,"column":34}}},"10":{"name":"(anonymous_10)","decl":{"start":{"line":216,"column":49},"end":{"line":216,"column":55}},"loc":{"start":{"line":216,"column":55},"end":{"line":216,"column":null}}},"11":{"name":"(anonymous_11)","decl":{"start":{"line":8,"column":16},"end":{"line":8,"column":19}},"loc":{"start":{"line":8,"column":16},"end":{"line":20,"column":30}}}},"branchMap":{"0":{"loc":{"start":{"line":38,"column":8},"end":{"line":43,"column":null}},"type":"if","locations":[{"start":{"line":38,"column":8},"end":{"line":43,"column":null}}]},"1":{"loc":{"start":{"line":39,"column":12},"end":{"line":41,"column":null}},"type":"if","locations":[{"start":{"line":39,"column":12},"end":{"line":41,"column":null}}]},"2":{"loc":{"start":{"line":45,"column":8},"end":{"line":45,"column":null}},"type":"if","locations":[{"start":{"line":45,"column":8},"end":{"line":45,"column":null}}]},"3":{"loc":{"start":{"line":51,"column":12},"end":{"line":55,"column":null}},"type":"if","locations":[{"start":{"line":51,"column":12},"end":{"line":55,"column":null}},{"start":{"line":53,"column":19},"end":{"line":55,"column":null}}]},"4":{"loc":{"start":{"line":52,"column":22},"end":{"line":52,"column":73}},"type":"binary-expr","locations":[{"start":{"line":52,"column":22},"end":{"line":52,"column":46}},{"start":{"line":52,"column":46},"end":{"line":52,"column":73}}]},"5":{"loc":{"start":{"line":54,"column":22},"end":{"line":54,"column":79}},"type":"binary-expr","locations":[{"start":{"line":54,"column":22},"end":{"line":54,"column":53}},{"start":{"line":54,"column":53},"end":{"line":54,"column":79}}]},"6":{"loc":{"start":{"line":59,"column":12},"end":{"line":67,"column":null}},"type":"if","locations":[{"start":{"line":59,"column":12},"end":{"line":67,"column":null}},{"start":{"line":61,"column":12},"end":{"line":67,"column":null}}]},"7":{"loc":{"start":{"line":60,"column":22},"end":{"line":60,"column":79}},"type":"binary-expr","locations":[{"start":{"line":60,"column":22},"end":{"line":60,"column":53}},{"start":{"line":60,"column":53},"end":{"line":60,"column":79}}]},"8":{"loc":{"start":{"line":61,"column":12},"end":{"line":67,"column":null}},"type":"if","locations":[{"start":{"line":61,"column":12},"end":{"line":67,"column":null}},{"start":{"line":65,"column":19},"end":{"line":67,"column":null}}]},"9":{"loc":{"start":{"line":62,"column":16},"end":{"line":64,"column":null}},"type":"if","locations":[{"start":{"line":62,"column":16},"end":{"line":64,"column":null}}]},"10":{"loc":{"start":{"line":66,"column":22},"end":{"line":66,"column":70}},"type":"binary-expr","locations":[{"start":{"line":66,"column":22},"end":{"line":66,"column":37}},{"start":{"line":66,"column":37},"end":{"line":66,"column":70}}]},"11":{"loc":{"start":{"line":97,"column":37},"end":{"line":97,"column":null}},"type":"cond-expr","locations":[{"start":{"line":97,"column":55},"end":{"line":97,"column":83}},{"start":{"line":97,"column":83},"end":{"line":97,"column":null}}]},"12":{"loc":{"start":{"line":113,"column":37},"end":{"line":113,"column":null}},"type":"cond-expr","locations":[{"start":{"line":113,"column":58},"end":{"line":113,"column":89}},{"start":{"line":113,"column":89},"end":{"line":113,"column":null}}]},"13":{"loc":{"start":{"line":129,"column":37},"end":{"line":129,"column":null}},"type":"cond-expr","locations":[{"start":{"line":129,"column":54},"end":{"line":129,"column":81}},{"start":{"line":129,"column":81},"end":{"line":129,"column":null}}]},"14":{"loc":{"start":{"line":141,"column":21},"end":{"line":141,"column":null}},"type":"cond-expr","locations":[{"start":{"line":141,"column":33},"end":{"line":141,"column":59}},{"start":{"line":141,"column":59},"end":{"line":141,"column":null}}]},"15":{"loc":{"start":{"line":145,"column":13},"end":{"line":148,"column":null}},"type":"binary-expr","locations":[{"start":{"line":145,"column":13},"end":{"line":145,"column":null}},{"start":{"line":146,"column":16},"end":{"line":148,"column":null}}]},"16":{"loc":{"start":{"line":147,"column":24},"end":{"line":147,"column":null}},"type":"cond-expr","locations":[{"start":{"line":147,"column":55},"end":{"line":147,"column":81}},{"start":{"line":147,"column":81},"end":{"line":147,"column":null}}]},"17":{"loc":{"start":{"line":151,"column":13},"end":{"line":233,"column":null}},"type":"binary-expr","locations":[{"start":{"line":151,"column":13},"end":{"line":151,"column":null}},{"start":{"line":152,"column":16},"end":{"line":233,"column":null}}]},"18":{"loc":{"start":{"line":170,"column":19},"end":{"line":170,"column":null}},"type":"binary-expr","locations":[{"start":{"line":170,"column":19},"end":{"line":170,"column":55}},{"start":{"line":170,"column":55},"end":{"line":170,"column":null}}]},"19":{"loc":{"start":{"line":173,"column":19},"end":{"line":173,"column":null}},"type":"binary-expr","locations":[{"start":{"line":173,"column":19},"end":{"line":173,"column":51}},{"start":{"line":173,"column":51},"end":{"line":173,"column":null}}]},"20":{"loc":{"start":{"line":179,"column":33},"end":{"line":187,"column":null}},"type":"binary-expr","locations":[{"start":{"line":179,"column":33},"end":{"line":179,"column":null}},{"start":{"line":180,"column":36},"end":{"line":187,"column":null}}]},"21":{"loc":{"start":{"line":190,"column":33},"end":{"line":198,"column":null}},"type":"binary-expr","locations":[{"start":{"line":190,"column":33},"end":{"line":190,"column":null}},{"start":{"line":191,"column":36},"end":{"line":198,"column":null}}]},"22":{"loc":{"start":{"line":201,"column":33},"end":{"line":220,"column":null}},"type":"cond-expr","locations":[{"start":{"line":202,"column":36},"end":{"line":213,"column":null}},{"start":{"line":215,"column":36},"end":{"line":220,"column":null}}]},"23":{"loc":{"start":{"line":205,"column":50},"end":{"line":205,"column":null}},"type":"binary-expr","locations":[{"start":{"line":205,"column":50},"end":{"line":205,"column":79}},{"start":{"line":205,"column":79},"end":{"line":205,"column":null}}]},"24":{"loc":{"start":{"line":207,"column":41},"end":{"line":211,"column":null}},"type":"cond-expr","locations":[{"start":{"line":208,"column":46},"end":{"line":208,"column":null}},{"start":{"line":209,"column":46},"end":{"line":211,"column":null}}]},"25":{"loc":{"start":{"line":209,"column":46},"end":{"line":211,"column":null}},"type":"cond-expr","locations":[{"start":{"line":210,"column":50},"end":{"line":210,"column":null}},{"start":{"line":211,"column":51},"end":{"line":211,"column":null}}]},"26":{"loc":{"start":{"line":210,"column":59},"end":{"line":210,"column":null}},"type":"binary-expr","locations":[{"start":{"line":210,"column":59},"end":{"line":210,"column":89}},{"start":{"line":210,"column":89},"end":{"line":210,"column":null}}]},"27":{"loc":{"start":{"line":211,"column":51},"end":{"line":211,"column":null}},"type":"binary-expr","locations":[{"start":{"line":211,"column":51},"end":{"line":211,"column":91}},{"start":{"line":211,"column":91},"end":{"line":211,"column":null}}]},"28":{"loc":{"start":{"line":236,"column":13},"end":{"line":241,"column":null}},"type":"binary-expr","locations":[{"start":{"line":236,"column":13},"end":{"line":236,"column":28}},{"start":{"line":236,"column":28},"end":{"line":236,"column":42}},{"start":{"line":236,"column":42},"end":{"line":236,"column":null}},{"start":{"line":237,"column":16},"end":{"line":241,"column":null}}]}},"s":{"0":10,"1":38,"2":38,"3":38,"4":38,"5":38,"6":38,"7":38,"8":38,"9":3,"10":3,"11":0,"12":38,"13":2,"14":0,"15":0,"16":0,"17":2,"18":0,"19":2,"20":2,"21":2,"22":2,"23":2,"24":0,"25":0,"26":0,"27":0,"28":0,"29":0,"30":0,"31":0,"32":2,"33":38,"34":38,"35":38,"36":38,"37":1,"38":380,"39":1,"40":228,"41":0,"42":152,"43":0,"44":0,"45":0,"46":10,"47":3,"48":10,"49":10},"f":{"0":38,"1":3,"2":2,"3":1,"4":380,"5":1,"6":228,"7":0,"8":152,"9":0,"10":0,"11":3},"b":{"0":[0],"1":[0],"2":[0],"3":[2,0],"4":[2,0],"5":[0,0],"6":[0,0],"7":[0,0],"8":[0,0],"9":[0],"10":[0,0],"11":[38,342],"12":[38,190],"13":[38,114],"14":[6,32],"15":[38,0],"16":[0,0],"17":[38,16],"18":[16,0],"19":[16,0],"20":[16,16],"21":[16,6],"22":[14,2],"23":[14,10],"24":[4,10],"25":[4,6],"26":[4,0],"27":[6,0],"28":[38,22,16,16]}}
,"C:/Users/admin/Desktop/NextGame/next-game/src/pages/Register/Register.jsx": {"path":"C:/Users/admin/Desktop/NextGame/next-game/src/pages/Register/Register.jsx","statementMap":{"0":{"start":{"line":7,"column":17},"end":{"line":247,"column":2}},"1":{"start":{"line":7,"column":23},"end":{"line":7,"column":null}},"2":{"start":{"line":8,"column":36},"end":{"line":13,"column":null}},"3":{"start":{"line":14,"column":44},"end":{"line":14,"column":null}},"4":{"start":{"line":15,"column":58},"end":{"line":15,"column":null}},"5":{"start":{"line":16,"column":30},"end":{"line":16,"column":null}},"6":{"start":{"line":17,"column":38},"end":{"line":17,"column":null}},"7":{"start":{"line":18,"column":34},"end":{"line":18,"column":null}},"8":{"start":{"line":20,"column":25},"end":{"line":20,"column":null}},"9":{"start":{"line":21,"column":18},"end":{"line":21,"column":null}},"10":{"start":{"line":22,"column":21},"end":{"line":22,"column":null}},"11":{"start":{"line":24,"column":25},"end":{"line":31,"column":null}},"12":{"start":{"line":25,"column":8},"end":{"line":28,"column":null}},"13":{"start":{"line":30,"column":8},"end":{"line":30,"column":null}},"14":{"start":{"line":30,"column":19},"end":{"line":30,"column":null}},"15":{"start":{"line":33,"column":37},"end":{"line":39,"column":null}},"16":{"start":{"line":34,"column":8},"end":{"line":38,"column":null}},"17":{"start":{"line":35,"column":12},"end":{"line":35,"column":null}},"18":{"start":{"line":37,"column":12},"end":{"line":37,"column":null}},"19":{"start":{"line":41,"column":25},"end":{"line":86,"column":null}},"20":{"start":{"line":42,"column":8},"end":{"line":42,"column":null}},"21":{"start":{"line":43,"column":8},"end":{"line":43,"column":null}},"22":{"start":{"line":46,"column":8},"end":{"line":49,"column":null}},"23":{"start":{"line":47,"column":12},"end":{"line":47,"column":null}},"24":{"start":{"line":48,"column":12},"end":{"line":48,"column":null}},"25":{"start":{"line":51,"column":8},"end":{"line":54,"column":null}},"26":{"start":{"line":52,"column":12},"end":{"line":52,"column":null}},"27":{"start":{"line":53,"column":12},"end":{"line":53,"column":null}},"28":{"start":{"line":56,"column":8},"end":{"line":59,"column":null}},"29":{"start":{"line":57,"column":12},"end":{"line":57,"column":null}},"30":{"start":{"line":58,"column":12},"end":{"line":58,"column":null}},"31":{"start":{"line":61,"column":8},"end":{"line":64,"column":null}},"32":{"start":{"line":62,"column":12},"end":{"line":62,"column":null}},"33":{"start":{"line":63,"column":12},"end":{"line":63,"column":null}},"34":{"start":{"line":66,"column":8},"end":{"line":66,"column":null}},"35":{"start":{"line":68,"column":8},"end":{"line":85,"column":null}},"36":{"start":{"line":69,"column":12},"end":{"line":73,"column":null}},"37":{"start":{"line":76,"column":12},"end":{"line":76,"column":null}},"38":{"start":{"line":78,"column":12},"end":{"line":78,"column":null}},"39":{"start":{"line":82,"column":12},"end":{"line":82,"column":null}},"40":{"start":{"line":84,"column":12},"end":{"line":84,"column":null}},"41":{"start":{"line":88,"column":4},"end":{"line":245,"column":null}},"42":{"start":{"line":170,"column":55},"end":{"line":170,"column":null}},"43":{"start":{"line":197,"column":55},"end":{"line":197,"column":null}},"44":{"start":{"line":211,"column":57},"end":{"line":211,"column":null}},"45":{"start":{"line":247,"column":2},"end":{"line":22,"column":33}},"46":{"start":{"line":7,"column":14},"end":{"line":22,"column":33}},"47":{"start":{"line":22,"column":32},"end":{"line":7,"column":14}},"48":{"start":{"line":249,"column":24},"end":{"line":249,"column":null}}},"fnMap":{"0":{"name":"(anonymous_0)","decl":{"start":{"line":7,"column":17},"end":{"line":7,"column":23}},"loc":{"start":{"line":7,"column":23},"end":{"line":247,"column":2}}},"1":{"name":"(anonymous_1)","decl":{"start":{"line":24,"column":25},"end":{"line":24,"column":26}},"loc":{"start":{"line":24,"column":32},"end":{"line":31,"column":null}}},"2":{"name":"(anonymous_2)","decl":{"start":{"line":33,"column":37},"end":{"line":33,"column":38}},"loc":{"start":{"line":33,"column":48},"end":{"line":39,"column":null}}},"3":{"name":"(anonymous_3)","decl":{"start":{"line":41,"column":25},"end":{"line":41,"column":32}},"loc":{"start":{"line":41,"column":38},"end":{"line":86,"column":null}}},"4":{"name":"(anonymous_4)","decl":{"start":{"line":170,"column":49},"end":{"line":170,"column":55}},"loc":{"start":{"line":170,"column":55},"end":{"line":170,"column":null}}},"5":{"name":"(anonymous_5)","decl":{"start":{"line":197,"column":49},"end":{"line":197,"column":55}},"loc":{"start":{"line":197,"column":55},"end":{"line":197,"column":null}}},"6":{"name":"(anonymous_6)","decl":{"start":{"line":211,"column":50},"end":{"line":211,"column":51}},"loc":{"start":{"line":211,"column":57},"end":{"line":211,"column":null}}},"7":{"name":"(anonymous_7)","decl":{"start":{"line":7,"column":14},"end":{"line":7,"column":17}},"loc":{"start":{"line":7,"column":14},"end":{"line":22,"column":33}}}},"branchMap":{"0":{"loc":{"start":{"line":30,"column":8},"end":{"line":30,"column":null}},"type":"if","locations":[{"start":{"line":30,"column":8},"end":{"line":30,"column":null}}]},"1":{"loc":{"start":{"line":34,"column":8},"end":{"line":38,"column":null}},"type":"if","locations":[{"start":{"line":34,"column":8},"end":{"line":38,"column":null}},{"start":{"line":36,"column":15},"end":{"line":38,"column":null}}]},"2":{"loc":{"start":{"line":46,"column":8},"end":{"line":49,"column":null}},"type":"if","locations":[{"start":{"line":46,"column":8},"end":{"line":49,"column":null}}]},"3":{"loc":{"start":{"line":51,"column":8},"end":{"line":54,"column":null}},"type":"if","locations":[{"start":{"line":51,"column":8},"end":{"line":54,"column":null}}]},"4":{"loc":{"start":{"line":56,"column":8},"end":{"line":59,"column":null}},"type":"if","locations":[{"start":{"line":56,"column":8},"end":{"line":59,"column":null}}]},"5":{"loc":{"start":{"line":61,"column":8},"end":{"line":64,"column":null}},"type":"if","locations":[{"start":{"line":61,"column":8},"end":{"line":64,"column":null}}]},"6":{"loc":{"start":{"line":82,"column":21},"end":{"line":82,"column":56}},"type":"binary-expr","locations":[{"start":{"line":82,"column":21},"end":{"line":82,"column":36}},{"start":{"line":82,"column":36},"end":{"line":82,"column":56}}]},"7":{"loc":{"start":{"line":118,"column":25},"end":{"line":118,"column":null}},"type":"binary-expr","locations":[{"start":{"line":118,"column":25},"end":{"line":118,"column":34}},{"start":{"line":118,"column":34},"end":{"line":118,"column":null}}]},"8":{"loc":{"start":{"line":156,"column":46},"end":{"line":156,"column":null}},"type":"cond-expr","locations":[{"start":{"line":156,"column":61},"end":{"line":156,"column":70}},{"start":{"line":156,"column":70},"end":{"line":156,"column":null}}]},"9":{"loc":{"start":{"line":171,"column":52},"end":{"line":171,"column":null}},"type":"cond-expr","locations":[{"start":{"line":171,"column":67},"end":{"line":171,"column":85}},{"start":{"line":171,"column":85},"end":{"line":171,"column":null}}]},"10":{"loc":{"start":{"line":174,"column":41},"end":{"line":174,"column":null}},"type":"cond-expr","locations":[{"start":{"line":174,"column":56},"end":{"line":174,"column":63}},{"start":{"line":174,"column":63},"end":{"line":174,"column":null}}]},"11":{"loc":{"start":{"line":183,"column":46},"end":{"line":183,"column":null}},"type":"cond-expr","locations":[{"start":{"line":183,"column":68},"end":{"line":183,"column":77}},{"start":{"line":183,"column":77},"end":{"line":183,"column":null}}]},"12":{"loc":{"start":{"line":198,"column":52},"end":{"line":198,"column":null}},"type":"cond-expr","locations":[{"start":{"line":198,"column":74},"end":{"line":198,"column":92}},{"start":{"line":198,"column":92},"end":{"line":198,"column":null}}]},"13":{"loc":{"start":{"line":201,"column":41},"end":{"line":201,"column":null}},"type":"cond-expr","locations":[{"start":{"line":201,"column":63},"end":{"line":201,"column":70}},{"start":{"line":201,"column":70},"end":{"line":201,"column":null}}]},"14":{"loc":{"start":{"line":229,"column":37},"end":{"line":229,"column":null}},"type":"cond-expr","locations":[{"start":{"line":229,"column":49},"end":{"line":229,"column":73}},{"start":{"line":229,"column":73},"end":{"line":229,"column":null}}]}},"s":{"0":10,"1":142,"2":142,"3":142,"4":142,"5":142,"6":142,"7":142,"8":142,"9":142,"10":142,"11":142,"12":66,"13":66,"14":0,"15":142,"16":0,"17":0,"18":0,"19":142,"20":1,"21":1,"22":1,"23":0,"24":0,"25":1,"26":0,"27":0,"28":1,"29":0,"30":0,"31":1,"32":0,"33":0,"34":1,"35":1,"36":1,"37":1,"38":0,"39":0,"40":1,"41":142,"42":0,"43":0,"44":1,"45":10,"46":1,"47":10,"48":10},"f":{"0":142,"1":66,"2":0,"3":1,"4":0,"5":0,"6":1,"7":1},"b":{"0":[0],"1":[0,0],"2":[0],"3":[0],"4":[0],"5":[0],"6":[0,0],"7":[142,0],"8":[0,142],"9":[0,142],"10":[0,142],"11":[0,142],"12":[0,142],"13":[0,142],"14":[2,140]}}
}
