TN:
SF:src\App.jsx
FN:11,App
FNF:1
FNH:1
FNDA:20,App
DA:12,20
DA:26,10
DA:28,10
LF:3
LH:3
BRF:0
BRH:0
end_of_record
TN:
SF:src\main.jsx
FNF:0
FNH:0
DA:9,10
LF:1
LH:1
BRF:0
BRH:0
end_of_record
TN:
SF:src\api\auth.js
FN:5,(anonymous_0)
FN:13,(anonymous_1)
FN:21,(anonymous_2)
FNF:3
FNH:2
FNDA:1,(anonymous_0)
FNDA:4,(anonymous_1)
FNDA:0,(anonymous_2)
DA:4,10
DA:6,1
DA:10,1
DA:14,4
DA:18,3
DA:22,0
DA:23,0
DA:25,0
LF:8
LH:5
BRF:0
BRH:0
end_of_record
TN:
SF:src\api\config.js
FN:9,(anonymous_0)
FN:13,(anonymous_1)
FN:17,(anonymous_2)
FN:22,(anonymous_3)
FN:30,(anonymous_4)
FN:56,(anonymous_5)
FNF:6
FNH:5
FNDA:42,(anonymous_0)
FNDA:4,(anonymous_1)
FNDA:0,(anonymous_2)
FNDA:11,(anonymous_3)
FNDA:19,(anonymous_4)
FNDA:11,(anonymous_5)
DA:1,10
DA:4,10
DA:9,10
DA:10,42
DA:13,10
DA:14,4
DA:17,10
DA:18,0
DA:22,10
DA:23,11
DA:24,11
DA:30,10
DA:31,19
DA:33,19
DA:41,19
DA:42,19
DA:43,18
DA:45,18
DA:46,1
DA:49,17
DA:51,1
DA:52,1
DA:56,10
DA:57,11
DA:59,11
DA:60,0
DA:63,11
LF:27
LH:25
BRDA:26,0,0,11
BRDA:26,0,1,11
BRDA:30,1,0,3
BRDA:45,2,0,1
BRDA:46,3,0,1
BRDA:46,3,1,0
BRDA:56,4,0,7
BRDA:59,5,0,0
BRF:8
BRH:6
end_of_record
TN:
SF:src\api\games.js
FN:6,(anonymous_0)
FN:12,(anonymous_1)
FN:33,(anonymous_2)
FN:42,(anonymous_3)
FN:50,(anonymous_4)
FN:58,(anonymous_5)
FNF:6
FNH:4
FNDA:0,(anonymous_0)
FNDA:3,(anonymous_1)
FNDA:0,(anonymous_2)
FNDA:2,(anonymous_3)
FNDA:2,(anonymous_4)
FNDA:7,(anonymous_5)
DA:4,10
DA:7,0
DA:8,0
DA:13,3
DA:15,3
DA:16,1
DA:18,3
DA:19,1
DA:21,3
DA:22,0
DA:25,3
DA:26,3
DA:28,3
DA:29,3
DA:34,0
DA:38,0
DA:43,2
DA:46,2
DA:51,2
DA:54,2
DA:59,7
DA:60,6
LF:22
LH:17
BRDA:12,0,0,0
BRDA:15,1,0,1
BRDA:15,2,0,3
BRDA:15,2,1,3
BRDA:18,3,0,1
BRDA:18,4,0,3
BRDA:18,4,1,3
BRDA:21,5,0,0
BRDA:21,6,0,3
BRDA:21,6,1,3
BRDA:26,7,0,1
BRDA:26,7,1,2
BRF:12
BRH:10
end_of_record
TN:
SF:src\components\Header\Header.jsx
FN:8,(anonymous_0)
FN:12,(anonymous_1)
FN:27,(anonymous_2)
FN:35,(anonymous_3)
FN:44,(anonymous_4)
FN:8,(anonymous_5)
FNF:6
FNH:5
FNDA:64,(anonymous_0)
FNDA:0,(anonymous_1)
FNDA:76,(anonymous_2)
FNDA:76,(anonymous_3)
FNDA:26,(anonymous_4)
FNDA:10,(anonymous_5)
DA:8,64
DA:9,64
DA:10,64
DA:12,64
DA:13,0
DA:16,64
DA:28,76
DA:36,76
DA:45,26
DA:85,10
DA:87,10
LF:11
LH:10
BRDA:28,0,0,16
BRDA:28,0,1,60
BRDA:36,1,0,12
BRDA:36,1,1,64
BRDA:41,2,0,64
BRDA:41,2,1,14
BRDA:45,3,0,6
BRDA:45,3,1,20
BRDA:57,4,0,14
BRDA:57,4,1,50
BRF:10
BRH:10
end_of_record
TN:
SF:src\components\LanguageSwitcher\LanguageSwitcher.jsx
FN:5,(anonymous_0)
FN:14,(anonymous_1)
FN:16,(anonymous_2)
FN:25,(anonymous_3)
FN:35,(anonymous_4)
FN:39,(anonymous_5)
FN:5,(anonymous_6)
FNF:7
FNH:7
FNDA:68,(anonymous_0)
FNDA:72,(anonymous_1)
FNDA:2,(anonymous_2)
FNDA:2,(anonymous_3)
FNDA:8,(anonymous_4)
FNDA:2,(anonymous_5)
FNDA:10,(anonymous_6)
DA:5,68
DA:6,68
DA:7,68
DA:9,68
DA:14,72
DA:16,68
DA:17,2
DA:18,2
DA:21,68
DA:25,2
DA:36,8
DA:39,2
DA:49,10
DA:51,10
LF:14
LH:14
BRDA:30,0,0,4
BRDA:30,0,1,64
BRDA:33,1,0,68
BRDA:33,1,1,4
BRDA:38,2,0,4
BRDA:38,2,1,4
BRF:6
BRH:6
end_of_record
TN:
SF:src\components\Layout\Layout.jsx
FN:5,(anonymous_0)
FNF:1
FNH:1
FNDA:20,(anonymous_0)
DA:5,10
DA:6,20
DA:18,10
DA:20,10
LF:4
LH:4
BRF:0
BRH:0
end_of_record
TN:
SF:src\contexts\AuthContext.jsx
FN:8,(anonymous_0)
FN:12,(anonymous_1)
FN:13,(anonymous_2)
FN:34,(anonymous_3)
FN:42,(anonymous_4)
FN:59,(anonymous_5)
FN:80,(anonymous_6)
FNF:7
FNH:6
FNDA:60,(anonymous_0)
FNDA:20,(anonymous_1)
FNDA:20,(anonymous_2)
FNDA:27,(anonymous_3)
FNDA:4,(anonymous_4)
FNDA:1,(anonymous_5)
FNDA:0,(anonymous_6)
DA:6,10
DA:8,60
DA:9,60
DA:10,60
DA:12,60
DA:13,20
DA:14,20
DA:15,20
DA:17,20
DA:18,3
DA:19,3
DA:20,3
DA:22,0
DA:23,0
DA:24,0
DA:28,20
DA:31,20
DA:34,60
DA:35,27
DA:36,7
DA:38,20
DA:42,60
DA:43,4
DA:44,4
DA:45,4
DA:47,3
DA:48,3
DA:50,3
DA:52,1
DA:53,1
DA:55,4
DA:59,60
DA:60,1
DA:61,1
DA:62,1
DA:68,1
DA:69,1
DA:71,1
DA:73,0
DA:74,0
DA:76,1
DA:80,60
DA:81,0
DA:82,0
DA:85,60
DA:90,10
LF:46
LH:39
BRDA:17,0,0,3
BRDA:17,1,0,20
BRDA:17,1,1,3
BRDA:35,2,0,7
BRDA:35,2,1,20
BRF:5
BRH:5
end_of_record
TN:
SF:src\contexts\LanguageContext.jsx
FN:167,(anonymous_0)
FN:169,(anonymous_1)
FN:172,(anonymous_2)
FN:179,(anonymous_3)
FN:186,(anonymous_4)
FN:189,(anonymous_5)
FNF:6
FNH:6
FNDA:566,(anonymous_0)
FNDA:24,(anonymous_1)
FNDA:20,(anonymous_2)
FNDA:2,(anonymous_3)
FNDA:7264,(anonymous_4)
FNDA:14,(anonymous_5)
DA:3,10
DA:165,10
DA:167,566
DA:169,24
DA:170,24
DA:172,24
DA:173,20
DA:174,20
DA:175,0
DA:179,24
DA:180,2
DA:181,2
DA:182,2
DA:186,24
DA:187,7264
DA:189,7264
DA:190,14
DA:193,7264
DA:196,24
DA:205,10
LF:20
LH:19
BRDA:174,0,0,0
BRDA:174,1,0,20
BRDA:174,1,1,0
BRDA:180,2,0,2
BRDA:180,3,0,2
BRDA:180,3,1,2
BRDA:186,4,0,7250
BRDA:187,5,0,7264
BRDA:187,5,1,222
BRF:9
BRH:7
end_of_record
TN:
SF:src\hooks\useAuth.js
FN:4,(anonymous_0)
FNF:1
FNH:1
FNDA:484,(anonymous_0)
DA:4,10
DA:5,484
LF:2
LH:2
BRF:0
BRH:0
end_of_record
TN:
SF:src\hooks\useRandomizer.js
FN:4,(anonymous_0)
FN:11,(anonymous_1)
FN:12,(anonymous_2)
FN:38,(anonymous_3)
FN:56,(anonymous_4)
FN:62,(anonymous_5)
FN:87,(anonymous_6)
FN:95,(anonymous_7)
FN:105,(anonymous_8)
FN:106,(anonymous_9)
FN:109,(anonymous_10)
FN:115,(anonymous_11)
FN:135,(anonymous_12)
FN:140,(anonymous_13)
FN:170,(anonymous_14)
FNF:15
FNH:7
FNDA:38,(anonymous_0)
FNDA:8,(anonymous_1)
FNDA:8,(anonymous_2)
FNDA:3,(anonymous_3)
FNDA:2,(anonymous_4)
FNDA:0,(anonymous_5)
FNDA:0,(anonymous_6)
FNDA:0,(anonymous_7)
FNDA:24,(anonymous_8)
FNDA:8,(anonymous_9)
FNDA:0,(anonymous_10)
FNDA:0,(anonymous_11)
FNDA:0,(anonymous_12)
FNDA:0,(anonymous_13)
FNDA:0,(anonymous_14)
DA:4,10
DA:5,38
DA:6,38
DA:7,38
DA:8,38
DA:9,38
DA:11,38
DA:12,8
DA:13,8
DA:14,6
DA:15,6
DA:18,2
DA:19,2
DA:20,2
DA:22,2
DA:23,2
DA:25,0
DA:28,0
DA:29,0
DA:31,2
DA:35,8
DA:38,38
DA:39,3
DA:40,3
DA:42,3
DA:43,3
DA:44,3
DA:45,3
DA:48,0
DA:49,0
DA:50,0
DA:52,3
DA:56,38
DA:57,2
DA:58,2
DA:59,0
DA:62,2
DA:63,2
DA:64,0
DA:67,2
DA:68,2
DA:70,2
DA:71,2
DA:73,2
DA:75,0
DA:77,0
DA:78,0
DA:79,0
DA:80,0
DA:83,0
DA:87,38
DA:88,0
DA:89,0
DA:92,0
DA:93,0
DA:95,0
DA:96,0
DA:98,0
DA:100,0
DA:101,0
DA:105,38
DA:106,24
DA:109,38
DA:110,0
DA:111,0
DA:114,0
DA:115,0
DA:116,0
DA:118,0
DA:120,0
DA:122,0
DA:124,0
DA:125,0
DA:126,0
DA:128,0
DA:131,0
DA:135,38
DA:136,0
DA:137,0
DA:140,38
DA:141,0
DA:142,0
DA:143,0
DA:146,0
DA:147,0
DA:148,0
DA:149,0
DA:151,0
DA:153,0
DA:157,38
DA:170,0
LF:91
LH:43
BRDA:13,0,0,6
BRDA:22,1,0,2
BRDA:22,1,1,0
BRDA:38,2,0,0
BRDA:49,3,0,0
BRDA:49,3,1,0
BRDA:57,4,0,0
BRDA:58,5,0,0
BRDA:63,6,0,0
BRDA:77,7,0,0
BRDA:79,8,0,0
BRDA:79,8,1,0
BRDA:88,9,0,0
BRDA:110,10,0,0
BRDA:126,11,0,0
BRDA:126,11,1,0
BRDA:141,12,0,0
BRDA:149,13,0,0
BRDA:149,13,1,0
BRF:19
BRH:2
end_of_record
TN:
SF:src\pages\Home\Home.jsx
FN:6,(anonymous_0)
FN:6,(anonymous_1)
FNF:2
FNH:2
FNDA:14,(anonymous_0)
FNDA:5,(anonymous_1)
DA:6,14
DA:7,14
DA:9,14
DA:25,10
DA:27,10
LF:5
LH:5
BRF:0
BRH:0
end_of_record
TN:
SF:src\pages\Login\Login.jsx
FN:7,(anonymous_0)
FN:21,(anonymous_1)
FN:30,(anonymous_2)
FN:34,(anonymous_3)
FN:141,(anonymous_4)
FN:7,(anonymous_5)
FNF:6
FNH:4
FNDA:222,(anonymous_0)
FNDA:95,(anonymous_1)
FNDA:0,(anonymous_2)
FNDA:4,(anonymous_3)
FNDA:0,(anonymous_4)
FNDA:4,(anonymous_5)
DA:7,222
DA:8,222
DA:12,222
DA:13,222
DA:14,222
DA:15,222
DA:17,222
DA:18,222
DA:19,222
DA:21,222
DA:22,95
DA:27,95
DA:30,222
DA:31,0
DA:34,222
DA:35,4
DA:36,4
DA:37,4
DA:39,4
DA:40,4
DA:43,3
DA:44,0
DA:48,3
DA:50,1
DA:54,1
DA:56,4
DA:60,222
DA:141,0
DA:178,10
DA:180,10
LF:30
LH:27
BRDA:27,0,0,0
BRDA:43,1,0,0
BRDA:54,2,0,1
BRDA:54,2,1,0
BRDA:90,3,0,222
BRDA:90,3,1,2
BRDA:113,4,0,0
BRDA:113,4,1,222
BRDA:128,5,0,0
BRDA:128,5,1,222
BRDA:131,6,0,0
BRDA:131,6,1,222
BRDA:157,7,0,8
BRDA:157,7,1,214
BRF:14
BRH:8
end_of_record
TN:
SF:src\pages\Profile\Profile.jsx
FN:8,(anonymous_0)
FN:16,(anonymous_1)
FN:23,(anonymous_2)
FN:44,(anonymous_3)
FN:49,(anonymous_4)
FN:55,(anonymous_5)
FN:65,(anonymous_6)
FN:72,(anonymous_7)
FN:159,(anonymous_8)
FN:164,(anonymous_9)
FN:200,(anonymous_10)
FN:214,(anonymous_11)
FN:8,(anonymous_12)
FNF:13
FNH:8
FNDA:18,(anonymous_0)
FNDA:7,(anonymous_1)
FNDA:5,(anonymous_2)
FNDA:0,(anonymous_3)
FNDA:2,(anonymous_4)
FNDA:2,(anonymous_5)
FNDA:0,(anonymous_6)
FNDA:0,(anonymous_7)
FNDA:4,(anonymous_8)
FNDA:0,(anonymous_9)
FNDA:2,(anonymous_10)
FNDA:0,(anonymous_11)
FNDA:3,(anonymous_12)
DA:8,18
DA:9,18
DA:10,18
DA:11,18
DA:12,18
DA:13,18
DA:14,18
DA:16,18
DA:17,7
DA:18,2
DA:19,2
DA:23,5
DA:24,5
DA:25,5
DA:26,5
DA:28,5
DA:29,4
DA:31,4
DA:33,0
DA:34,0
DA:35,0
DA:37,4
DA:41,5
DA:44,18
DA:45,0
DA:46,0
DA:49,18
DA:50,2
DA:52,2
DA:55,2
DA:56,2
DA:58,2
DA:60,0
DA:61,0
DA:65,18
DA:66,0
DA:67,0
DA:70,0
DA:72,0
DA:73,0
DA:76,0
DA:78,0
DA:80,0
DA:81,0
DA:84,0
DA:85,0
DA:86,0
DA:88,0
DA:93,18
DA:94,2
DA:97,16
DA:160,4
DA:165,0
DA:166,0
DA:200,2
DA:214,0
DA:224,10
DA:226,10
LF:58
LH:35
BRDA:17,0,0,2
BRDA:31,1,0,4
BRDA:31,1,1,0
BRDA:34,2,0,0
BRDA:34,2,1,0
BRDA:61,3,0,0
BRDA:61,3,1,0
BRDA:66,4,0,0
BRDA:81,5,0,0
BRDA:81,5,1,0
BRDA:86,6,0,0
BRDA:86,6,1,0
BRDA:93,7,0,2
BRDA:109,8,0,16
BRDA:109,8,1,0
BRDA:112,9,0,16
BRDA:112,9,1,0
BRDA:113,10,0,16
BRDA:113,10,1,0
BRDA:114,11,0,16
BRDA:114,11,1,16
BRDA:137,12,0,16
BRDA:137,12,1,4
BRDA:147,13,0,16
BRDA:147,13,1,0
BRDA:153,14,0,8
BRDA:153,14,1,8
BRDA:157,15,0,4
BRDA:157,15,1,4
BRDA:162,16,0,4
BRDA:162,16,1,0
BRDA:170,17,0,4
BRDA:170,17,1,0
BRDA:171,18,0,4
BRDA:171,18,1,0
BRDA:173,19,0,4
BRDA:173,19,1,0
BRDA:173,20,0,4
BRDA:173,20,1,4
BRDA:176,21,0,4
BRDA:176,21,1,4
BRDA:176,21,2,4
BRDA:179,22,0,4
BRDA:179,22,1,4
BRDA:189,23,0,4
BRDA:189,23,1,2
BRF:46
BRH:28
end_of_record
TN:
SF:src\pages\Randomizer\Randomizer.jsx
FN:8,(anonymous_0)
FN:29,(anonymous_1)
FN:37,(anonymous_2)
FN:91,(anonymous_3)
FN:95,(anonymous_4)
FN:107,(anonymous_5)
FN:111,(anonymous_6)
FN:123,(anonymous_7)
FN:127,(anonymous_8)
FN:159,(anonymous_9)
FN:216,(anonymous_10)
FN:8,(anonymous_11)
FNF:12
FNH:9
FNDA:38,(anonymous_0)
FNDA:3,(anonymous_1)
FNDA:2,(anonymous_2)
FNDA:1,(anonymous_3)
FNDA:380,(anonymous_4)
FNDA:1,(anonymous_5)
FNDA:228,(anonymous_6)
FNDA:0,(anonymous_7)
FNDA:152,(anonymous_8)
FNDA:0,(anonymous_9)
FNDA:0,(anonymous_10)
FNDA:3,(anonymous_11)
DA:8,38
DA:9,38
DA:10,38
DA:18,38
DA:20,38
DA:22,38
DA:27,38
DA:29,38
DA:30,3
DA:31,3
DA:33,0
DA:37,38
DA:38,2
DA:39,0
DA:40,0
DA:42,0
DA:45,2
DA:47,2
DA:48,2
DA:49,2
DA:51,2
DA:52,2
DA:54,0
DA:57,0
DA:59,0
DA:60,0
DA:61,0
DA:62,0
DA:63,0
DA:66,0
DA:69,2
DA:73,38
DA:74,38
DA:75,38
DA:77,38
DA:91,1
DA:96,380
DA:107,1
DA:112,228
DA:123,0
DA:128,152
DA:160,0
DA:161,0
DA:216,0
DA:245,10
DA:247,10
LF:46
LH:30
BRDA:38,0,0,0
BRDA:39,1,0,0
BRDA:45,2,0,0
BRDA:51,3,0,2
BRDA:51,3,1,0
BRDA:52,4,0,2
BRDA:52,4,1,0
BRDA:54,5,0,0
BRDA:54,5,1,0
BRDA:59,6,0,0
BRDA:59,6,1,0
BRDA:60,7,0,0
BRDA:60,7,1,0
BRDA:61,8,0,0
BRDA:61,8,1,0
BRDA:62,9,0,0
BRDA:66,10,0,0
BRDA:66,10,1,0
BRDA:97,11,0,38
BRDA:97,11,1,342
BRDA:113,12,0,38
BRDA:113,12,1,190
BRDA:129,13,0,38
BRDA:129,13,1,114
BRDA:141,14,0,6
BRDA:141,14,1,32
BRDA:145,15,0,38
BRDA:145,15,1,0
BRDA:147,16,0,0
BRDA:147,16,1,0
BRDA:151,17,0,38
BRDA:151,17,1,16
BRDA:170,18,0,16
BRDA:170,18,1,0
BRDA:173,19,0,16
BRDA:173,19,1,0
BRDA:179,20,0,16
BRDA:179,20,1,16
BRDA:190,21,0,16
BRDA:190,21,1,6
BRDA:201,22,0,14
BRDA:201,22,1,2
BRDA:205,23,0,14
BRDA:205,23,1,10
BRDA:207,24,0,4
BRDA:207,24,1,10
BRDA:209,25,0,4
BRDA:209,25,1,6
BRDA:210,26,0,4
BRDA:210,26,1,0
BRDA:211,27,0,6
BRDA:211,27,1,0
BRDA:236,28,0,38
BRDA:236,28,1,22
BRDA:236,28,2,16
BRDA:236,28,3,16
BRF:56
BRH:33
end_of_record
TN:
SF:src\pages\Register\Register.jsx
FN:7,(anonymous_0)
FN:24,(anonymous_1)
FN:33,(anonymous_2)
FN:41,(anonymous_3)
FN:170,(anonymous_4)
FN:197,(anonymous_5)
FN:211,(anonymous_6)
FN:7,(anonymous_7)
FNF:8
FNH:5
FNDA:142,(anonymous_0)
FNDA:66,(anonymous_1)
FNDA:0,(anonymous_2)
FNDA:1,(anonymous_3)
FNDA:0,(anonymous_4)
FNDA:0,(anonymous_5)
FNDA:1,(anonymous_6)
FNDA:1,(anonymous_7)
DA:7,142
DA:8,142
DA:14,142
DA:15,142
DA:16,142
DA:17,142
DA:18,142
DA:20,142
DA:21,142
DA:22,142
DA:24,142
DA:25,66
DA:30,66
DA:33,142
DA:34,0
DA:35,0
DA:37,0
DA:41,142
DA:42,1
DA:43,1
DA:46,1
DA:47,0
DA:48,0
DA:51,1
DA:52,0
DA:53,0
DA:56,1
DA:57,0
DA:58,0
DA:61,1
DA:62,0
DA:63,0
DA:66,1
DA:68,1
DA:69,1
DA:76,1
DA:78,0
DA:82,0
DA:84,1
DA:88,142
DA:170,0
DA:197,0
DA:211,1
DA:247,10
DA:249,10
LF:45
LH:30
BRDA:30,0,0,0
BRDA:34,1,0,0
BRDA:34,1,1,0
BRDA:46,2,0,0
BRDA:51,3,0,0
BRDA:56,4,0,0
BRDA:61,5,0,0
BRDA:82,6,0,0
BRDA:82,6,1,0
BRDA:118,7,0,142
BRDA:118,7,1,0
BRDA:156,8,0,0
BRDA:156,8,1,142
BRDA:171,9,0,0
BRDA:171,9,1,142
BRDA:174,10,0,0
BRDA:174,10,1,142
BRDA:183,11,0,0
BRDA:183,11,1,142
BRDA:198,12,0,0
BRDA:198,12,1,142
BRDA:201,13,0,0
BRDA:201,13,1,142
BRDA:229,14,0,2
BRDA:229,14,1,140
BRF:25
BRH:9
end_of_record
